10:25:27.711 [main                     ] DEBUG Logger               - Configured Logger
10:25:27.720 [main                     ] DEBUG GameApplication      - Logging settings
Title: Performance Test
Version: 0.0
Width: 800
Height: 600
Fullscreen: false
Intro: false
Profiling: true
Single step:false
App Mode: DEVELOPER
Menu Key: ESCAPE
Stage Style: DECORATED
Scene Factory: class com.almasb.fxgl.app.scene.SceneFactory

10:25:28.014 [JavaFX Application Thread] DEBUG FXGLApplication      - Initializing FXGL
10:25:28.015 [JavaFX Application Thread] INFO  Engine               - FXGL-11.15 (13.04.2021 08.23) on WINDOWS (J:14 FX:15)
10:25:28.015 [JavaFX Application Thread] DEBUG Engine               - JRE Vendor Name: BellSoft
10:25:28.016 [JavaFX Application Thread] DEBUG Engine               - Running on OS: Windows 10 version 10.0
10:25:28.016 [JavaFX Application Thread] DEBUG Engine               - Architecture: amd64
10:25:28.016 [JavaFX Application Thread] INFO  Engine               - Source code and latest versions at: https://github.com/AlmasB/FXGL
10:25:28.016 [JavaFX Application Thread] INFO  Engine               -              Join the FXGL chat at: https://gitter.im/AlmasB/FXGL
10:25:28.075 [JavaFX Application Thread] DEBUG PrimaryStageWindow   - Creating a JavaFX scene
10:25:28.104 [JavaFX Application Thread] DEBUG PrimaryStageWindow   - Target settings size: 800.0 x 600.0
10:25:28.104 [JavaFX Application Thread] DEBUG PrimaryStageWindow   - Scaled scene size:    800.0 x 600.0
10:25:28.104 [JavaFX Application Thread] DEBUG PrimaryStageWindow   - Scaled ratio: (1.0, 1.0)
10:25:28.105 [JavaFX Application Thread] DEBUG PrimaryStageWindow   - Set initial scene to FXGLStartupScene
10:25:28.108 [JavaFX Application Thread] DEBUG PrimaryStageWindow   - Opening main window
10:25:28.168 [JavaFX Application Thread] DEBUG PrimaryStageWindow   - Window border size: (16.0, 39.0)
10:25:28.168 [JavaFX Application Thread] DEBUG PrimaryStageWindow   - Scaled size: 800.0 x 600.0
10:25:28.168 [JavaFX Application Thread] DEBUG PrimaryStageWindow   - Scaled ratio: (1.0, 1.0)
10:25:28.168 [JavaFX Application Thread] DEBUG PrimaryStageWindow   - Scene size: 800.0 x 600.0
10:25:28.168 [JavaFX Application Thread] DEBUG PrimaryStageWindow   - Stage size: 816.0 x 639.0
10:25:28.173 [FXGL Background Thread 1 ] DEBUG Engine               - Initializing environment variables
10:25:28.192 [FXGL Background Thread 1 ] DEBUG FXGLAssetLoaderServi - User app class for loading assets: class com.pi4j.example.PerformanceTest
10:25:28.193 [FXGL Background Thread 1 ] DEBUG GameApplicationServi - Applying CSS: fxgl_dark.css
10:25:28.193 [FXGL Background Thread 1 ] DEBUG FXGLAssetLoaderServi - Loading from file system: jar:file:///C:/Users/Cyril/.m2/repository/com/github/almasb/fxgl/11.15/fxgl-11.15.jar!/fxglassets/ui/css/fxgl_dark.css
10:25:28.220 [FXGL Background Thread 1 ] DEBUG GameApplicationServi - Initializing application scenes
10:25:28.240 [FXGL Background Thread 1 ] DEBUG GameWorld            - Game world initialized
10:25:28.273 [FXGL Background Thread 1 ] DEBUG PhysicsWorld         - Physics world initialized: appHeight=600, physics.ppm=50.0
10:25:28.273 [FXGL Background Thread 1 ] DEBUG PhysicsWorld         - Using strategy: BRUTE_FORCE
10:25:28.275 [FXGL Background Thread 1 ] DEBUG GameScene            - Game scene initialized: 800x600
10:25:28.281 [FXGL Background Thread 1 ] DEBUG FXGL.DefaultMenu     - createMenuBodyGameMenu()
10:25:28.290 [FXGL Background Thread 1 ] DEBUG FXGL.DefaultMenu     - createOptionsMenu()
10:25:28.295 [FXGL Background Thread 1 ] DEBUG FXGLAssetLoaderServi - Loading from file system: jar:file:///C:/Users/Cyril/.m2/repository/com/github/almasb/fxgl/11.15/fxgl-11.15.jar!/fxglassets/textures/particles/smoke.png
10:25:28.345 [FXGL Background Thread 1 ] DEBUG FXGLAssetLoaderServi - Loading from file system: jar:file:///C:/Users/Cyril/.m2/repository/com/github/almasb/fxgl/11.15/fxgl-11.15.jar!/fxglassets/textures/particles/trace_horizontal.png
10:25:28.364 [FXGL Background Thread 1 ] DEBUG GameApplicationServi - Application scenes initialized
10:25:28.369 [FXGL Background Thread 1 ] DEBUG SystemBundleService  - Loading FXGL system data
10:25:28.372 [FXGL Background Thread 1 ] DEBUG FileSystemAccess     - Reading from: C:\Users\Cyril\IdeaProjects\pi4j-performance-testing\system\fxgl.bundle
10:25:28.375 [FXGL Background Thread 1 ] DEBUG SystemBundleService  - Bundle FXGL: {}
10:25:28.375 [FXGL Background Thread 1 ] DEBUG UpdaterService       - Checking for updates
10:25:28.382 [FXGL Background Thread 4 ] DEBUG FXGLApplication      - Loading fonts
10:25:28.382 [FXGL Background Thread 1 ] DEBUG FXGLApplication      - Loading default localization
10:25:28.383 [FXGL Background Thread 4 ] DEBUG FXGLAssetLoaderServi - Loading from file system: jar:file:///C:/Users/Cyril/.m2/repository/com/github/almasb/fxgl/11.15/fxgl-11.15.jar!/fxglassets/ui/fonts/VarelaRound-Regular.ttf
10:25:28.383 [FXGL Background Thread 1 ] DEBUG FXGLAssetLoaderServi - Loading from file system: jar:file:///C:/Users/Cyril/.m2/repository/com/github/almasb/fxgl/11.15/fxgl-11.15.jar!/fxglassets/languages/english.lang
10:25:28.390 [FXGL Background Thread 1 ] INFO  FXGLApplication      - FXGL initialization took: 0.218 sec
10:25:28.396 [JavaFX Application Thread] DEBUG Input                - Registered new binding: action0 - F
10:25:28.396 [JavaFX Application Thread] DEBUG FXGLAssetLoaderServi - Loading from file system: jar:file:///C:/Users/Cyril/.m2/repository/com/github/almasb/fxgl/11.15/fxgl-11.15.jar!/fxglassets/textures/fxgl_icon.png
10:25:28.404 [FXGL Background Thread 4 ] DEBUG FXGLAssetLoaderServi - Loading from file system: jar:file:///C:/Users/Cyril/.m2/repository/com/github/almasb/fxgl/11.15/fxgl-11.15.jar!/fxglassets/ui/fonts/Abel-Regular.ttf
10:25:28.406 [JavaFX Application Thread] DEBUG FXGLAssetLoaderServi - Loading from file system: jar:file:///C:/Users/Cyril/.m2/repository/com/github/almasb/fxgl/11.15/fxgl-11.15.jar!/fxglassets/ui/cursors/fxgl_default.png
10:25:28.406 [FXGL Background Thread 4 ] DEBUG FXGLAssetLoaderServi - Loading from file system: jar:file:///C:/Users/Cyril/.m2/repository/com/github/almasb/fxgl/11.15/fxgl-11.15.jar!/fxglassets/ui/fonts/lucida_console.ttf
10:25:28.407 [JavaFX Application Thread] DEBUG Input                - Registered new binding: Screenshot - CTRL+8
10:25:28.408 [JavaFX Application Thread] DEBUG Input                - Registered new binding: System info dump - CTRL+9
10:25:28.408 [JavaFX Application Thread] DEBUG Input                - Registered new binding: Restart - CTRL+R
10:25:28.408 [JavaFX Application Thread] DEBUG Input                - Registered new binding: Toggle Debug Camera - CTRL+C
10:25:28.409 [JavaFX Application Thread] DEBUG LoopRunner           - Starting loop
10:25:28.409 [JavaFX Application Thread] DEBUG LoopRunner           - Initializing JavaFX AnimationTimerLoop
10:25:28.410 [FXGL Background Thread 4 ] DEBUG FXGLAssetLoaderServi - Loading from file system: jar:file:///C:/Users/Cyril/.m2/repository/com/github/almasb/fxgl/11.15/fxgl-11.15.jar!/fxglassets/ui/fonts/Courier-Prime.ttf
10:25:28.410 [JavaFX Application Thread] DEBUG GameApplicationServi - Starting new game
10:25:28.410 [JavaFX Application Thread] DEBUG Input                - Clearing active input actions
10:25:28.416 [JavaFX Application Thread] DEBUG GameApplicationServi - Removing overlay from FXGLStartupScene and adding to FXGLLoadingScene
10:25:28.417 [JavaFX Application Thread] DEBUG PrimaryStageWindow   - FXGLStartupScene -> FXGLLoadingScene
10:25:28.417 [JavaFX Application Thread] DEBUG GameApplicationServi - Clearing previous game
10:25:28.417 [JavaFX Application Thread] DEBUG GameScene            - Clearing game scene
10:25:28.417 [JavaFX Application Thread] DEBUG GameWorld            - Clearing game world
10:25:28.418 [JavaFX Application Thread] DEBUG PhysicsWorld         - Clearing physics world
10:25:28.418 [FXGL Background Thread 4 ] DEBUG FXGLApplication      - Initializing game
10:25:28.418 [JavaFX Application Thread] DEBUG FXGLApplication      - Registering font factories with UI factory
10:25:28.429 [FXGL Background Thread 4 ] INFO  FXGLApplication      - Game initialization took: 0.011 sec
10:25:28.450 [JavaFX Application Thread] DEBUG Input                - Clearing active input actions
10:25:28.455 [JavaFX Application Thread] DEBUG GameApplicationServi - Removing overlay from FXGLLoadingScene and adding to GameScene
10:25:28.455 [JavaFX Application Thread] DEBUG PrimaryStageWindow   - FXGLLoadingScene -> GameScene
10:25:31.383 [FXGL Background Thread 3 ] DEBUG Engine               - Logging environment variables
10:25:31.383 [FXGL Background Thread 3 ] DEBUG Engine               - achievements: []
10:25:31.384 [FXGL Background Thread 3 ] DEBUG Engine               - actualHeight: 600.0
10:25:31.384 [FXGL Background Thread 3 ] DEBUG Engine               - actualHeightProperty: ReadOnlyDoubleProperty [value: 600.0]
10:25:31.384 [FXGL Background Thread 3 ] DEBUG Engine               - actualWidth: 800.0
10:25:31.384 [FXGL Background Thread 3 ] DEBUG Engine               - actualWidthProperty: ReadOnlyDoubleProperty [value: 800.0]
10:25:31.384 [FXGL Background Thread 3 ] DEBUG Engine               - appIcon: fxgl_icon.png
10:25:31.384 [FXGL Background Thread 3 ] DEBUG Engine               - applicationMode: DEVELOPER
10:25:31.384 [FXGL Background Thread 3 ] DEBUG Engine               - cSSList: [fxgl_dark.css]
10:25:31.384 [FXGL Background Thread 3 ] DEBUG Engine               - collisionDetectionStrategy: BRUTE_FORCE
10:25:31.384 [FXGL Background Thread 3 ] DEBUG Engine               - configClass: Optional.empty
10:25:31.384 [FXGL Background Thread 3 ] DEBUG Engine               - credits: []
10:25:31.385 [FXGL Background Thread 3 ] DEBUG Engine               - devBBoxColorProperty: ObjectProperty [value: 0xff0000ff]
10:25:31.385 [FXGL Background Thread 3 ] DEBUG Engine               - devEnableDebugCameraProperty: BooleanProperty [value: false]
10:25:31.385 [FXGL Background Thread 3 ] DEBUG Engine               - devSensorColorProperty: ObjectProperty [value: 0xffff00ff]
10:25:31.385 [FXGL Background Thread 3 ] DEBUG Engine               - devShowBBoxProperty: BooleanProperty [value: false]
10:25:31.385 [FXGL Background Thread 3 ] DEBUG Engine               - devShowPositionProperty: BooleanProperty [value: false]
10:25:31.385 [FXGL Background Thread 3 ] DEBUG Engine               - enabledMenuItems: []
10:25:31.385 [FXGL Background Thread 3 ] DEBUG Engine               - engineServices: [class com.almasb.fxgl.app.services.FXGLAssetLoaderService, class com.almasb.fxgl.app.FXGLApplication$GameApplicationService, class com.almasb.fxgl.app.services.FXGLDialogService, class com.almasb.fxgl.app.services.IOTaskExecutorService, class com.almasb.fxgl.event.EventBusService, class com.almasb.fxgl.io.FileSystemService, class com.almasb.fxgl.localization.LocalizationService, class com.almasb.fxgl.app.services.SystemBundleService, class com.almasb.fxgl.profile.SaveLoadService, class com.almasb.fxgl.ui.FXGLUIFactoryServiceProvider, class com.almasb.fxgl.ui.FXGLDialogFactoryServiceProvider, class com.almasb.fxgl.audio.AudioPlayer, class com.almasb.fxgl.notification.impl.NotificationServiceProvider, class com.almasb.fxgl.achievement.AchievementService, class com.almasb.fxgl.cutscene.CutsceneService, class com.almasb.fxgl.minigames.MiniGameService, class com.almasb.fxgl.net.NetService, class com.almasb.fxgl.app.services.UpdaterService, class com.almasb.fxgl.dev.DevService, class com.almasb.fxgl.dev.profiling.ProfilerService]
10:25:31.385 [FXGL Background Thread 3 ] DEBUG Engine               - fontGame: Abel-Regular.ttf
10:25:31.386 [FXGL Background Thread 3 ] DEBUG Engine               - fontMono: lucida_console.ttf
10:25:31.386 [FXGL Background Thread 3 ] DEBUG Engine               - fontText: Courier-Prime.ttf
10:25:31.386 [FXGL Background Thread 3 ] DEBUG Engine               - fontUI: VarelaRound-Regular.ttf
10:25:31.386 [FXGL Background Thread 3 ] DEBUG Engine               - fullScreen: BooleanProperty [value: false]
10:25:31.386 [FXGL Background Thread 3 ] DEBUG Engine               - gameDifficulty: MEDIUM
10:25:31.386 [FXGL Background Thread 3 ] DEBUG Engine               - gameDifficultyProperty: ObjectProperty [value: MEDIUM]
10:25:31.386 [FXGL Background Thread 3 ] DEBUG Engine               - globalMusicVolume: 0.5
10:25:31.386 [FXGL Background Thread 3 ] DEBUG Engine               - globalMusicVolumeProperty: DoubleProperty [value: 0.5]
10:25:31.386 [FXGL Background Thread 3 ] DEBUG Engine               - globalSoundVolume: 0.5
10:25:31.386 [FXGL Background Thread 3 ] DEBUG Engine               - globalSoundVolumeProperty: DoubleProperty [value: 0.5]
10:25:31.386 [FXGL Background Thread 3 ] DEBUG Engine               - height: 600
10:25:31.386 [FXGL Background Thread 3 ] DEBUG Engine               - isAndroid: false
10:25:31.387 [FXGL Background Thread 3 ] DEBUG Engine               - isBrowser: false
10:25:31.387 [FXGL Background Thread 3 ] DEBUG Engine               - isClickFeedbackEnabled: false
10:25:31.387 [FXGL Background Thread 3 ] DEBUG Engine               - isCloseConfirmation: false
10:25:31.387 [FXGL Background Thread 3 ] DEBUG Engine               - isDesktop: true
10:25:31.387 [FXGL Background Thread 3 ] DEBUG Engine               - isDeveloperMenuEnabled: false
10:25:31.387 [FXGL Background Thread 3 ] DEBUG Engine               - isEntityPreloadEnabled: true
10:25:31.387 [FXGL Background Thread 3 ] DEBUG Engine               - isExperimental3D: false
10:25:31.387 [FXGL Background Thread 3 ] DEBUG Engine               - isExperimentalNative: false
10:25:31.387 [FXGL Background Thread 3 ] DEBUG Engine               - isExperimentalTiledLargeMap: false
10:25:31.387 [FXGL Background Thread 3 ] DEBUG Engine               - isFileSystemWriteAllowed: true
10:25:31.387 [FXGL Background Thread 3 ] DEBUG Engine               - isFullScreenAllowed: false
10:25:31.387 [FXGL Background Thread 3 ] DEBUG Engine               - isFullScreenFromStart: false
10:25:31.388 [FXGL Background Thread 3 ] DEBUG Engine               - isGameMenuEnabled: true
10:25:31.388 [FXGL Background Thread 3 ] DEBUG Engine               - isIOS: false
10:25:31.388 [FXGL Background Thread 3 ] DEBUG Engine               - isIntroEnabled: false
10:25:31.388 [FXGL Background Thread 3 ] DEBUG Engine               - isLinux: false
10:25:31.388 [FXGL Background Thread 3 ] DEBUG Engine               - isMac: false
10:25:31.388 [FXGL Background Thread 3 ] DEBUG Engine               - isMainMenuEnabled: false
10:25:31.388 [FXGL Background Thread 3 ] DEBUG Engine               - isManualResizeEnabled: false
10:25:31.388 [FXGL Background Thread 3 ] DEBUG Engine               - isMobile: false
10:25:31.388 [FXGL Background Thread 3 ] DEBUG Engine               - isPreserveResizeRatio: false
10:25:31.388 [FXGL Background Thread 3 ] DEBUG Engine               - isProfilingEnabled: true
10:25:31.388 [FXGL Background Thread 3 ] DEBUG Engine               - isScaleAffectedOnResize: true
10:25:31.388 [FXGL Background Thread 3 ] DEBUG Engine               - isSingleStep: false
10:25:31.388 [FXGL Background Thread 3 ] DEBUG Engine               - isUserProfileEnabled: false
10:25:31.388 [FXGL Background Thread 3 ] DEBUG Engine               - isWindows: true
10:25:31.389 [FXGL Background Thread 3 ] DEBUG Engine               - language: ObjectProperty [value: ENGLISH]
10:25:31.389 [FXGL Background Thread 3 ] DEBUG Engine               - menuKey: ESCAPE
10:25:31.389 [FXGL Background Thread 3 ] DEBUG Engine               - notificationViewClass: class com.almasb.fxgl.notification.view.XboxNotificationView
10:25:31.389 [FXGL Background Thread 3 ] DEBUG Engine               - pixelsPerMeter: 50.0
10:25:31.389 [FXGL Background Thread 3 ] DEBUG Engine               - platform: WINDOWS
10:25:31.389 [FXGL Background Thread 3 ] DEBUG Engine               - prefHeightProperty: ReadOnlyDoubleProperty [value: 600.0]
10:25:31.389 [FXGL Background Thread 3 ] DEBUG Engine               - prefWidthProperty: ReadOnlyDoubleProperty [value: 800.0]
10:25:31.389 [FXGL Background Thread 3 ] DEBUG Engine               - profileDir: profiles/
10:25:31.389 [FXGL Background Thread 3 ] DEBUG Engine               - profileName: StringProperty [value: DEFAULT]
10:25:31.389 [FXGL Background Thread 3 ] DEBUG Engine               - randomSeed: -1
10:25:31.390 [FXGL Background Thread 3 ] DEBUG Engine               - runtimeInfo: RuntimeInfo(platform=WINDOWS, version=11.15, build=13.04.2021 08.23)
10:25:31.390 [FXGL Background Thread 3 ] DEBUG Engine               - saveFileExt: sav
10:25:31.390 [FXGL Background Thread 3 ] DEBUG Engine               - scaledHeightProp$fxgl: DoubleProperty [bound, value: 600.0]
10:25:31.390 [FXGL Background Thread 3 ] DEBUG Engine               - scaledWidthProp$fxgl: DoubleProperty [bound, value: 800.0]
10:25:31.390 [FXGL Background Thread 3 ] DEBUG Engine               - sceneFactory: com.almasb.fxgl.app.scene.SceneFactory@77d62a6e
10:25:31.390 [FXGL Background Thread 3 ] DEBUG Engine               - secondsIn24h: 60
10:25:31.390 [FXGL Background Thread 3 ] DEBUG Engine               - soundMenuBack: menu/back.wav
10:25:31.390 [FXGL Background Thread 3 ] DEBUG Engine               - soundMenuPress: menu/press.wav
10:25:31.390 [FXGL Background Thread 3 ] DEBUG Engine               - soundMenuSelect: menu/select.wav
10:25:31.390 [FXGL Background Thread 3 ] DEBUG Engine               - soundNotification: core/notification.wav
10:25:31.390 [FXGL Background Thread 3 ] DEBUG Engine               - stageStyle: DECORATED
10:25:31.390 [FXGL Background Thread 3 ] DEBUG Engine               - supportedLanguages: [ENGLISH, FRENCH, GERMAN, HUNGARIAN, RUSSIAN]
10:25:31.390 [FXGL Background Thread 3 ] DEBUG Engine               - ticksPerSecond: -1
10:25:31.390 [FXGL Background Thread 3 ] DEBUG Engine               - title: Performance Test
10:25:31.390 [FXGL Background Thread 3 ] DEBUG Engine               - urlGithub: https://github.com/AlmasB/FXGL
10:25:31.390 [FXGL Background Thread 3 ] DEBUG Engine               - urlLeaderboard: http://fxgl-top.herokuapp.com/
10:25:31.390 [FXGL Background Thread 3 ] DEBUG Engine               - urlPOM: https://raw.githubusercontent.com/AlmasB/FXGL/release/README.md
10:25:31.390 [FXGL Background Thread 3 ] DEBUG Engine               - userAppClass: class com.pi4j.example.PerformanceTest
10:25:31.390 [FXGL Background Thread 3 ] DEBUG Engine               - version: 0.0
10:25:31.390 [FXGL Background Thread 3 ] DEBUG Engine               - versionCheckDays: 7
10:25:31.390 [FXGL Background Thread 3 ] DEBUG Engine               - width: 800
10:25:31.390 [FXGL Background Thread 3 ] DEBUG Engine               - Logging services
10:25:31.390 [FXGL Background Thread 3 ] DEBUG Engine               - class com.almasb.fxgl.app.services.FXGLAssetLoaderService
10:25:31.391 [FXGL Background Thread 3 ] DEBUG Engine               - class com.almasb.fxgl.app.FXGLApplication$GameApplicationService
10:25:31.391 [FXGL Background Thread 3 ] DEBUG Engine               - class com.almasb.fxgl.app.services.FXGLDialogService
10:25:31.391 [FXGL Background Thread 3 ] DEBUG Engine               - class com.almasb.fxgl.app.services.IOTaskExecutorService
10:25:31.391 [FXGL Background Thread 3 ] DEBUG Engine               - class com.almasb.fxgl.event.EventBusService
10:25:31.391 [FXGL Background Thread 3 ] DEBUG Engine               - class com.almasb.fxgl.io.FileSystemService
10:25:31.391 [FXGL Background Thread 3 ] DEBUG Engine               - class com.almasb.fxgl.localization.LocalizationService
10:25:31.391 [FXGL Background Thread 3 ] DEBUG Engine               - class com.almasb.fxgl.app.services.SystemBundleService
10:25:31.391 [FXGL Background Thread 3 ] DEBUG Engine               - class com.almasb.fxgl.profile.SaveLoadService
10:25:31.391 [FXGL Background Thread 3 ] DEBUG Engine               - class com.almasb.fxgl.ui.FXGLUIFactoryServiceProvider
10:25:31.391 [FXGL Background Thread 3 ] DEBUG Engine               - class com.almasb.fxgl.ui.FXGLDialogFactoryServiceProvider
10:25:31.391 [FXGL Background Thread 3 ] DEBUG Engine               - class com.almasb.fxgl.audio.AudioPlayer
10:25:31.391 [FXGL Background Thread 3 ] DEBUG Engine               - class com.almasb.fxgl.notification.impl.NotificationServiceProvider
10:25:31.391 [FXGL Background Thread 3 ] DEBUG Engine               - class com.almasb.fxgl.achievement.AchievementService
10:25:31.391 [FXGL Background Thread 3 ] DEBUG Engine               - class com.almasb.fxgl.cutscene.CutsceneService
10:25:31.391 [FXGL Background Thread 3 ] DEBUG Engine               - class com.almasb.fxgl.minigames.MiniGameService
10:25:31.391 [FXGL Background Thread 3 ] DEBUG Engine               - class com.almasb.fxgl.net.NetService
10:25:31.391 [FXGL Background Thread 3 ] DEBUG Engine               - class com.almasb.fxgl.app.services.UpdaterService
10:25:31.391 [FXGL Background Thread 3 ] DEBUG Engine               - class com.almasb.fxgl.dev.DevService
10:25:31.391 [FXGL Background Thread 3 ] DEBUG Engine               - class com.almasb.fxgl.dev.profiling.ProfilerService
10:26:18.874 [JavaFX Application Thread] DEBUG FXGLApplication      - Exiting FXGL
10:26:18.874 [JavaFX Application Thread] DEBUG LoopRunner           - Stopping loop
10:26:18.874 [JavaFX Application Thread] DEBUG SystemBundleService  - Saving FXGL system data
10:26:18.875 [JavaFX Application Thread] DEBUG FileSystemAccess     - Writing to: C:\Users\Cyril\IdeaProjects\pi4j-performance-testing\system\fxgl.bundle
10:26:18.876 [JavaFX Application Thread] INFO  ProfilerWindow       - Profiler (FPS) - 2024 frames
10:26:18.876 [JavaFX Application Thread] INFO  ProfilerWindow       - Average: 87.63290513833992
10:26:18.876 [JavaFX Application Thread] INFO  ProfilerWindow       - Minimum: 10.0
10:26:18.876 [JavaFX Application Thread] INFO  ProfilerWindow       - Maximum: 144.0
10:26:18.877 [JavaFX Application Thread] INFO  ProfilerWindow       - Profiler (CPU (ms)) - 2024 frames
10:26:18.877 [JavaFX Application Thread] INFO  ProfilerWindow       - Average: 21.432316996047426
10:26:18.877 [JavaFX Application Thread] INFO  ProfilerWindow       - Minimum: 0.0
10:26:18.877 [JavaFX Application Thread] INFO  ProfilerWindow       - Maximum: 108.3568
10:26:18.877 [JavaFX Application Thread] INFO  ProfilerWindow       - Profiler (RAM (MB)) - 2024 frames
10:26:18.877 [JavaFX Application Thread] INFO  ProfilerWindow       - Average: 85.26673488843112
10:26:18.877 [JavaFX Application Thread] INFO  ProfilerWindow       - Minimum: 13.116912841796875
10:26:18.877 [JavaFX Application Thread] INFO  ProfilerWindow       - Maximum: 181.4339141845703
10:26:18.877 [JavaFX Application Thread] INFO  ProfilerService      - Estimated GC runs: 4
10:26:18.877 [JavaFX Application Thread] DEBUG Async                - Shutting down background threads
10:26:18.877 [JavaFX Application Thread] DEBUG PrimaryStageWindow   - Closing main window
10:26:18.890 [JavaFX Application Thread] DEBUG Logger               - Closing Logger
