10:13:43.412 [main                     ] DEBUG Logger               - Configured Logger
10:13:43.421 [main                     ] DEBUG GameApplication      - Logging settings
Title: Performance Test
Version: 0.0
Width: 800
Height: 600
Fullscreen: false
Intro: false
Profiling: true
Single step:false
App Mode: DEVELOPER
Menu Key: ESCAPE
Stage Style: DECORATED
Scene Factory: class com.almasb.fxgl.app.scene.SceneFactory

10:13:43.701 [JavaFX Application Thread] DEBUG FXGLApplication      - Initializing FXGL
10:13:43.703 [JavaFX Application Thread] INFO  Engine               - FXGL-11.15 (13.04.2021 08.23) on WINDOWS (J:14 FX:15)
10:13:43.703 [JavaFX Application Thread] DEBUG Engine               - JRE Vendor Name: BellSoft
10:13:43.703 [JavaFX Application Thread] DEBUG Engine               - Running on OS: Windows 10 version 10.0
10:13:43.703 [JavaFX Application Thread] DEBUG Engine               - Architecture: amd64
10:13:43.703 [JavaFX Application Thread] INFO  Engine               - Source code and latest versions at: https://github.com/AlmasB/FXGL
10:13:43.703 [JavaFX Application Thread] INFO  Engine               -              Join the FXGL chat at: https://gitter.im/AlmasB/FXGL
10:13:43.764 [JavaFX Application Thread] DEBUG PrimaryStageWindow   - Creating a JavaFX scene
10:13:43.793 [JavaFX Application Thread] DEBUG PrimaryStageWindow   - Target settings size: 800.0 x 600.0
10:13:43.793 [JavaFX Application Thread] DEBUG PrimaryStageWindow   - Scaled scene size:    800.0 x 600.0
10:13:43.794 [JavaFX Application Thread] DEBUG PrimaryStageWindow   - Scaled ratio: (1.0, 1.0)
10:13:43.794 [JavaFX Application Thread] DEBUG PrimaryStageWindow   - Set initial scene to FXGLStartupScene
10:13:43.798 [JavaFX Application Thread] DEBUG PrimaryStageWindow   - Opening main window
10:13:43.855 [JavaFX Application Thread] DEBUG PrimaryStageWindow   - Window border size: (16.0, 39.0)
10:13:43.856 [JavaFX Application Thread] DEBUG PrimaryStageWindow   - Scaled size: 800.0 x 600.0
10:13:43.856 [JavaFX Application Thread] DEBUG PrimaryStageWindow   - Scaled ratio: (1.0, 1.0)
10:13:43.856 [JavaFX Application Thread] DEBUG PrimaryStageWindow   - Scene size: 800.0 x 600.0
10:13:43.856 [JavaFX Application Thread] DEBUG PrimaryStageWindow   - Stage size: 816.0 x 639.0
10:13:43.860 [FXGL Background Thread 1 ] DEBUG Engine               - Initializing environment variables
10:13:43.879 [FXGL Background Thread 1 ] DEBUG FXGLAssetLoaderServi - User app class for loading assets: class com.pi4j.example.PerformanceTest
10:13:43.880 [FXGL Background Thread 1 ] DEBUG GameApplicationServi - Applying CSS: fxgl_dark.css
10:13:43.880 [FXGL Background Thread 1 ] DEBUG FXGLAssetLoaderServi - Loading from file system: jar:file:///C:/Users/Cyril/.m2/repository/com/github/almasb/fxgl/11.15/fxgl-11.15.jar!/fxglassets/ui/css/fxgl_dark.css
10:13:43.907 [FXGL Background Thread 1 ] DEBUG GameApplicationServi - Initializing application scenes
10:13:43.927 [FXGL Background Thread 1 ] DEBUG GameWorld            - Game world initialized
10:13:43.959 [FXGL Background Thread 1 ] DEBUG PhysicsWorld         - Physics world initialized: appHeight=600, physics.ppm=50.0
10:13:43.959 [FXGL Background Thread 1 ] DEBUG PhysicsWorld         - Using strategy: BRUTE_FORCE
10:13:43.961 [FXGL Background Thread 1 ] DEBUG GameScene            - Game scene initialized: 800x600
10:13:43.967 [FXGL Background Thread 1 ] DEBUG FXGL.DefaultMenu     - createMenuBodyGameMenu()
10:13:43.975 [FXGL Background Thread 1 ] DEBUG FXGL.DefaultMenu     - createOptionsMenu()
10:13:43.980 [FXGL Background Thread 1 ] DEBUG FXGLAssetLoaderServi - Loading from file system: jar:file:///C:/Users/Cyril/.m2/repository/com/github/almasb/fxgl/11.15/fxgl-11.15.jar!/fxglassets/textures/particles/smoke.png
10:13:44.030 [FXGL Background Thread 1 ] DEBUG FXGLAssetLoaderServi - Loading from file system: jar:file:///C:/Users/Cyril/.m2/repository/com/github/almasb/fxgl/11.15/fxgl-11.15.jar!/fxglassets/textures/particles/trace_horizontal.png
10:13:44.048 [FXGL Background Thread 1 ] DEBUG GameApplicationServi - Application scenes initialized
10:13:44.054 [FXGL Background Thread 1 ] DEBUG SystemBundleService  - Loading FXGL system data
10:13:44.056 [FXGL Background Thread 1 ] DEBUG FileSystemAccess     - Reading from: C:\Users\Cyril\IdeaProjects\pi4j-performance-testing\system\fxgl.bundle
10:13:44.060 [FXGL Background Thread 1 ] DEBUG SystemBundleService  - Bundle FXGL: {}
10:13:44.060 [FXGL Background Thread 1 ] DEBUG UpdaterService       - Checking for updates
10:13:44.066 [FXGL Background Thread 4 ] DEBUG FXGLApplication      - Loading fonts
10:13:44.066 [FXGL Background Thread 1 ] DEBUG FXGLApplication      - Loading default localization
10:13:44.066 [FXGL Background Thread 4 ] DEBUG FXGLAssetLoaderServi - Loading from file system: jar:file:///C:/Users/Cyril/.m2/repository/com/github/almasb/fxgl/11.15/fxgl-11.15.jar!/fxglassets/ui/fonts/VarelaRound-Regular.ttf
10:13:44.066 [FXGL Background Thread 1 ] DEBUG FXGLAssetLoaderServi - Loading from file system: jar:file:///C:/Users/Cyril/.m2/repository/com/github/almasb/fxgl/11.15/fxgl-11.15.jar!/fxglassets/languages/english.lang
10:13:44.074 [FXGL Background Thread 1 ] INFO  FXGLApplication      - FXGL initialization took: 0.215 sec
10:13:44.080 [JavaFX Application Thread] DEBUG Input                - Registered new binding: action0 - F
10:13:44.080 [JavaFX Application Thread] DEBUG FXGLAssetLoaderServi - Loading from file system: jar:file:///C:/Users/Cyril/.m2/repository/com/github/almasb/fxgl/11.15/fxgl-11.15.jar!/fxglassets/textures/fxgl_icon.png
10:13:44.088 [FXGL Background Thread 4 ] DEBUG FXGLAssetLoaderServi - Loading from file system: jar:file:///C:/Users/Cyril/.m2/repository/com/github/almasb/fxgl/11.15/fxgl-11.15.jar!/fxglassets/ui/fonts/Abel-Regular.ttf
10:13:44.090 [FXGL Background Thread 4 ] DEBUG FXGLAssetLoaderServi - Loading from file system: jar:file:///C:/Users/Cyril/.m2/repository/com/github/almasb/fxgl/11.15/fxgl-11.15.jar!/fxglassets/ui/fonts/lucida_console.ttf
10:13:44.092 [JavaFX Application Thread] DEBUG FXGLAssetLoaderServi - Loading from file system: jar:file:///C:/Users/Cyril/.m2/repository/com/github/almasb/fxgl/11.15/fxgl-11.15.jar!/fxglassets/ui/cursors/fxgl_default.png
10:13:44.093 [FXGL Background Thread 4 ] DEBUG FXGLAssetLoaderServi - Loading from file system: jar:file:///C:/Users/Cyril/.m2/repository/com/github/almasb/fxgl/11.15/fxgl-11.15.jar!/fxglassets/ui/fonts/Courier-Prime.ttf
10:13:44.093 [JavaFX Application Thread] DEBUG Input                - Registered new binding: Screenshot - CTRL+8
10:13:44.094 [JavaFX Application Thread] DEBUG Input                - Registered new binding: System info dump - CTRL+9
10:13:44.094 [JavaFX Application Thread] DEBUG Input                - Registered new binding: Restart - CTRL+R
10:13:44.094 [JavaFX Application Thread] DEBUG Input                - Registered new binding: Toggle Debug Camera - CTRL+C
10:13:44.095 [JavaFX Application Thread] DEBUG LoopRunner           - Starting loop
10:13:44.095 [JavaFX Application Thread] DEBUG LoopRunner           - Initializing JavaFX AnimationTimerLoop
10:13:44.096 [JavaFX Application Thread] DEBUG GameApplicationServi - Starting new game
10:13:44.096 [JavaFX Application Thread] DEBUG Input                - Clearing active input actions
10:13:44.102 [JavaFX Application Thread] DEBUG GameApplicationServi - Removing overlay from FXGLStartupScene and adding to FXGLLoadingScene
10:13:44.103 [JavaFX Application Thread] DEBUG PrimaryStageWindow   - FXGLStartupScene -> FXGLLoadingScene
10:13:44.103 [JavaFX Application Thread] DEBUG GameApplicationServi - Clearing previous game
10:13:44.103 [JavaFX Application Thread] DEBUG GameScene            - Clearing game scene
10:13:44.103 [JavaFX Application Thread] DEBUG GameWorld            - Clearing game world
10:13:44.103 [JavaFX Application Thread] DEBUG PhysicsWorld         - Clearing physics world
10:13:44.104 [FXGL Background Thread 4 ] DEBUG FXGLApplication      - Initializing game
10:13:44.104 [JavaFX Application Thread] DEBUG FXGLApplication      - Registering font factories with UI factory
10:13:44.115 [FXGL Background Thread 4 ] INFO  FXGLApplication      - Game initialization took: 0.011 sec
10:13:44.135 [JavaFX Application Thread] DEBUG Input                - Clearing active input actions
10:13:44.139 [JavaFX Application Thread] DEBUG GameApplicationServi - Removing overlay from FXGLLoadingScene and adding to GameScene
10:13:44.140 [JavaFX Application Thread] DEBUG PrimaryStageWindow   - FXGLLoadingScene -> GameScene
10:13:46.920 [JavaFX Application Thread] DEBUG LoopRunner           - Stopping loop
10:13:46.921 [JavaFX Application Thread] FATAL FXGLApplication      - Uncaught Exception:
java.lang.IllegalStateException: Physics not initialized yet! Use setOnPhysicsInitialized() instead
	at com.almasb.fxgl.entity/com.almasb.fxgl.physics.PhysicsComponent.getPhysicsWorld(PhysicsComponent.java:59)
	at com.almasb.fxgl.entity/com.almasb.fxgl.physics.PhysicsComponent.setLinearVelocity(PhysicsComponent.java:192)
	at com.almasb.fxgl.entity/com.almasb.fxgl.physics.PhysicsComponent.setLinearVelocity(PhysicsComponent.java:204)
	at com.pi4j.example/com.pi4j.example.Factory.newBall(Factory.java:66)
	at java.base/jdk.internal.reflect.NativeMethodAccessorImpl.invoke0(Native Method)
	at java.base/jdk.internal.reflect.NativeMethodAccessorImpl.invoke(NativeMethodAccessorImpl.java:62)
	at java.base/jdk.internal.reflect.DelegatingMethodAccessorImpl.invoke(DelegatingMethodAccessorImpl.java:43)
	at java.base/java.lang.reflect.Method.invoke(Method.java:564)
	at com.almasb.fxgl.core/com.almasb.fxgl.core.reflect.ReflectionUtils.call(ReflectionUtils.java:104)
	at com.almasb.fxgl.core/com.almasb.fxgl.core.reflect.ReflectionUtils.lambda$mapToFunction$3(ReflectionUtils.java:111)
	at com.almasb.fxgl.entity/com.almasb.fxgl.entity.GameWorld$create$2.invoke(GameWorld.kt:430)
	at com.almasb.fxgl.entity/com.almasb.fxgl.entity.GameWorld$create$2.invoke(GameWorld.kt:35)
	at com.almasb.fxgl.core/com.almasb.fxgl.core.util.DSLKt.tryCatchRoot(DSL.kt:34)
	at com.almasb.fxgl.entity/com.almasb.fxgl.entity.GameWorld.create(GameWorld.kt:430)
	at com.almasb.fxgl.entity/com.almasb.fxgl.entity.GameWorld.spawn(GameWorld.kt:396)
	at com.almasb.fxgl.entity/com.almasb.fxgl.entity.GameWorld.spawn(GameWorld.kt:384)
	at com.almasb.fxgl.entity/com.almasb.fxgl.entity.GameWorld.spawn(GameWorld.kt:359)
	at com.almasb.fxgl.all/com.almasb.fxgl.dsl.FXGL$Companion.spawn(FXGL.kt:443)
	at com.almasb.fxgl.all/com.almasb.fxgl.dsl.FXGL.spawn(FXGL.kt)
	at com.pi4j.example/com.pi4j.example.PerformanceTest.lambda$initInput$0(PerformanceTest.java:143)
	at com.almasb.fxgl.all/com.almasb.fxgl.dsl.FXGL$Companion$onKeyDown$1.onActionBegin(FXGL.kt:376)
	at com.almasb.fxgl.input/com.almasb.fxgl.input.UserAction.begin$fxgl_input(UserAction.kt:37)
	at com.almasb.fxgl.input/com.almasb.fxgl.input.Input.handlePressed(Input.kt:350)
	at com.almasb.fxgl.input/com.almasb.fxgl.input.Input.onKeyEvent(Input.kt:291)
	at com.almasb.fxgl.all/com.almasb.fxgl.app.PrimaryStageWindow$1$1.invoke(MainWindow.kt:269)
	at com.almasb.fxgl.all/com.almasb.fxgl.app.PrimaryStageWindow$1$1.invoke(MainWindow.kt:248)
	at com.almasb.fxgl.core/com.almasb.fxgl.core.fsm.StateMachine.runOnActiveStates(StateMachine.kt:69)
	at com.almasb.fxgl.all/com.almasb.fxgl.app.PrimaryStageWindow$1.invoke(MainWindow.kt:269)
	at com.almasb.fxgl.all/com.almasb.fxgl.app.PrimaryStageWindow$1.invoke(MainWindow.kt:248)
	at com.almasb.fxgl.all/com.almasb.fxgl.app.MainWindow$sam$javafx_event_EventHandler$0.handle(MainWindow.kt)
	at javafx.base/com.sun.javafx.event.CompositeEventHandler$NormalEventHandlerRecord.handleBubblingEvent(CompositeEventHandler.java:247)
	at javafx.base/com.sun.javafx.event.CompositeEventHandler.dispatchBubblingEvent(CompositeEventHandler.java:80)
	at javafx.base/com.sun.javafx.event.EventHandlerManager.dispatchBubblingEvent(EventHandlerManager.java:234)
	at javafx.base/com.sun.javafx.event.EventHandlerManager.dispatchBubblingEvent(EventHandlerManager.java:191)
	at javafx.base/com.sun.javafx.event.CompositeEventDispatcher.dispatchBubblingEvent(CompositeEventDispatcher.java:59)
	at javafx.base/com.sun.javafx.event.BasicEventDispatcher.dispatchEvent(BasicEventDispatcher.java:58)
	at javafx.base/com.sun.javafx.event.EventDispatchChainImpl.dispatchEvent(EventDispatchChainImpl.java:114)
	at javafx.base/com.sun.javafx.event.BasicEventDispatcher.dispatchEvent(BasicEventDispatcher.java:56)
	at javafx.base/com.sun.javafx.event.EventDispatchChainImpl.dispatchEvent(EventDispatchChainImpl.java:114)
	at javafx.base/com.sun.javafx.event.EventUtil.fireEventImpl(EventUtil.java:74)
	at javafx.base/com.sun.javafx.event.EventUtil.fireEvent(EventUtil.java:54)
	at javafx.base/javafx.event.Event.fireEvent(Event.java:198)
	at javafx.graphics/javafx.scene.Scene$KeyHandler.process(Scene.java:4064)
	at javafx.graphics/javafx.scene.Scene.processKeyEvent(Scene.java:2123)
	at javafx.graphics/javafx.scene.Scene$ScenePeerListener.keyEvent(Scene.java:2591)
	at javafx.graphics/com.sun.javafx.tk.quantum.GlassViewEventHandler$KeyEventNotification.run(GlassViewEventHandler.java:217)
	at javafx.graphics/com.sun.javafx.tk.quantum.GlassViewEventHandler$KeyEventNotification.run(GlassViewEventHandler.java:149)
	at java.base/java.security.AccessController.doPrivileged(AccessController.java:391)
	at javafx.graphics/com.sun.javafx.tk.quantum.GlassViewEventHandler.lambda$handleKeyEvent$1(GlassViewEventHandler.java:248)
	at javafx.graphics/com.sun.javafx.tk.quantum.QuantumToolkit.runWithoutRenderLock(QuantumToolkit.java:412)
	at javafx.graphics/com.sun.javafx.tk.quantum.GlassViewEventHandler.handleKeyEvent(GlassViewEventHandler.java:247)
	at javafx.graphics/com.sun.glass.ui.View.handleKeyEvent(View.java:547)
	at javafx.graphics/com.sun.glass.ui.View.notifyKey(View.java:971)
	at javafx.graphics/com.sun.glass.ui.win.WinApplication._runLoop(Native Method)
	at javafx.graphics/com.sun.glass.ui.win.WinApplication.lambda$runLoop$3(WinApplication.java:174)
	at java.base/java.lang.Thread.run(Thread.java:832)

10:13:46.921 [JavaFX Application Thread] FATAL FXGLApplication      - Application will now exit
10:13:46.929 [JavaFX Application Thread] DEBUG PrimaryStageWindow   - Push state: ErrorSubScene
10:13:46.929 [JavaFX Application Thread] DEBUG Input                - Clearing active input actions
10:13:46.931 [JavaFX Application Thread] DEBUG GameApplicationServi - Removing overlay from GameScene and adding to ErrorSubScene
10:13:46.932 [JavaFX Application Thread] DEBUG PrimaryStageWindow   - GameScene -> ErrorSubScene
10:13:47.066 [FXGL Background Thread 3 ] DEBUG Engine               - Logging environment variables
10:13:47.066 [FXGL Background Thread 3 ] DEBUG Engine               - achievements: []
10:13:47.066 [FXGL Background Thread 3 ] DEBUG Engine               - actualHeight: 600.0
10:13:47.066 [FXGL Background Thread 3 ] DEBUG Engine               - actualHeightProperty: ReadOnlyDoubleProperty [value: 600.0]
10:13:47.066 [FXGL Background Thread 3 ] DEBUG Engine               - actualWidth: 800.0
10:13:47.066 [FXGL Background Thread 3 ] DEBUG Engine               - actualWidthProperty: ReadOnlyDoubleProperty [value: 800.0]
10:13:47.066 [FXGL Background Thread 3 ] DEBUG Engine               - appIcon: fxgl_icon.png
10:13:47.066 [FXGL Background Thread 3 ] DEBUG Engine               - applicationMode: DEVELOPER
10:13:47.066 [FXGL Background Thread 3 ] DEBUG Engine               - cSSList: [fxgl_dark.css]
10:13:47.066 [FXGL Background Thread 3 ] DEBUG Engine               - collisionDetectionStrategy: BRUTE_FORCE
10:13:47.066 [FXGL Background Thread 3 ] DEBUG Engine               - configClass: Optional.empty
10:13:47.066 [FXGL Background Thread 3 ] DEBUG Engine               - credits: []
10:13:47.067 [FXGL Background Thread 3 ] DEBUG Engine               - devBBoxColorProperty: ObjectProperty [value: 0xff0000ff]
10:13:47.067 [FXGL Background Thread 3 ] DEBUG Engine               - devEnableDebugCameraProperty: BooleanProperty [value: false]
10:13:47.067 [FXGL Background Thread 3 ] DEBUG Engine               - devSensorColorProperty: ObjectProperty [value: 0xffff00ff]
10:13:47.067 [FXGL Background Thread 3 ] DEBUG Engine               - devShowBBoxProperty: BooleanProperty [value: false]
10:13:47.067 [FXGL Background Thread 3 ] DEBUG Engine               - devShowPositionProperty: BooleanProperty [value: false]
10:13:47.067 [FXGL Background Thread 3 ] DEBUG Engine               - enabledMenuItems: []
10:13:47.067 [FXGL Background Thread 3 ] DEBUG Engine               - engineServices: [class com.almasb.fxgl.app.services.FXGLAssetLoaderService, class com.almasb.fxgl.app.FXGLApplication$GameApplicationService, class com.almasb.fxgl.app.services.FXGLDialogService, class com.almasb.fxgl.app.services.IOTaskExecutorService, class com.almasb.fxgl.event.EventBusService, class com.almasb.fxgl.io.FileSystemService, class com.almasb.fxgl.localization.LocalizationService, class com.almasb.fxgl.app.services.SystemBundleService, class com.almasb.fxgl.profile.SaveLoadService, class com.almasb.fxgl.ui.FXGLUIFactoryServiceProvider, class com.almasb.fxgl.ui.FXGLDialogFactoryServiceProvider, class com.almasb.fxgl.audio.AudioPlayer, class com.almasb.fxgl.notification.impl.NotificationServiceProvider, class com.almasb.fxgl.achievement.AchievementService, class com.almasb.fxgl.cutscene.CutsceneService, class com.almasb.fxgl.minigames.MiniGameService, class com.almasb.fxgl.net.NetService, class com.almasb.fxgl.app.services.UpdaterService, class com.almasb.fxgl.dev.DevService, class com.almasb.fxgl.dev.profiling.ProfilerService]
10:13:47.067 [FXGL Background Thread 3 ] DEBUG Engine               - fontGame: Abel-Regular.ttf
10:13:47.067 [FXGL Background Thread 3 ] DEBUG Engine               - fontMono: lucida_console.ttf
10:13:47.067 [FXGL Background Thread 3 ] DEBUG Engine               - fontText: Courier-Prime.ttf
10:13:47.067 [FXGL Background Thread 3 ] DEBUG Engine               - fontUI: VarelaRound-Regular.ttf
10:13:47.067 [FXGL Background Thread 3 ] DEBUG Engine               - fullScreen: BooleanProperty [value: false]
10:13:47.067 [FXGL Background Thread 3 ] DEBUG Engine               - gameDifficulty: MEDIUM
10:13:47.067 [FXGL Background Thread 3 ] DEBUG Engine               - gameDifficultyProperty: ObjectProperty [value: MEDIUM]
10:13:47.067 [FXGL Background Thread 3 ] DEBUG Engine               - globalMusicVolume: 0.5
10:13:47.067 [FXGL Background Thread 3 ] DEBUG Engine               - globalMusicVolumeProperty: DoubleProperty [value: 0.5]
10:13:47.067 [FXGL Background Thread 3 ] DEBUG Engine               - globalSoundVolume: 0.5
10:13:47.067 [FXGL Background Thread 3 ] DEBUG Engine               - globalSoundVolumeProperty: DoubleProperty [value: 0.5]
10:13:47.067 [FXGL Background Thread 3 ] DEBUG Engine               - height: 600
10:13:47.068 [FXGL Background Thread 3 ] DEBUG Engine               - isAndroid: false
10:13:47.068 [FXGL Background Thread 3 ] DEBUG Engine               - isBrowser: false
10:13:47.068 [FXGL Background Thread 3 ] DEBUG Engine               - isClickFeedbackEnabled: false
10:13:47.068 [FXGL Background Thread 3 ] DEBUG Engine               - isCloseConfirmation: false
10:13:47.068 [FXGL Background Thread 3 ] DEBUG Engine               - isDesktop: true
10:13:47.068 [FXGL Background Thread 3 ] DEBUG Engine               - isDeveloperMenuEnabled: false
10:13:47.068 [FXGL Background Thread 3 ] DEBUG Engine               - isEntityPreloadEnabled: true
10:13:47.068 [FXGL Background Thread 3 ] DEBUG Engine               - isExperimental3D: false
10:13:47.068 [FXGL Background Thread 3 ] DEBUG Engine               - isExperimentalNative: false
10:13:47.068 [FXGL Background Thread 3 ] DEBUG Engine               - isExperimentalTiledLargeMap: false
10:13:47.068 [FXGL Background Thread 3 ] DEBUG Engine               - isFileSystemWriteAllowed: true
10:13:47.068 [FXGL Background Thread 3 ] DEBUG Engine               - isFullScreenAllowed: false
10:13:47.068 [FXGL Background Thread 3 ] DEBUG Engine               - isFullScreenFromStart: false
10:13:47.068 [FXGL Background Thread 3 ] DEBUG Engine               - isGameMenuEnabled: true
10:13:47.068 [FXGL Background Thread 3 ] DEBUG Engine               - isIOS: false
10:13:47.068 [FXGL Background Thread 3 ] DEBUG Engine               - isIntroEnabled: false
10:13:47.068 [FXGL Background Thread 3 ] DEBUG Engine               - isLinux: false
10:13:47.068 [FXGL Background Thread 3 ] DEBUG Engine               - isMac: false
10:13:47.068 [FXGL Background Thread 3 ] DEBUG Engine               - isMainMenuEnabled: false
10:13:47.068 [FXGL Background Thread 3 ] DEBUG Engine               - isManualResizeEnabled: false
10:13:47.068 [FXGL Background Thread 3 ] DEBUG Engine               - isMobile: false
10:13:47.068 [FXGL Background Thread 3 ] DEBUG Engine               - isPreserveResizeRatio: false
10:13:47.068 [FXGL Background Thread 3 ] DEBUG Engine               - isProfilingEnabled: true
10:13:47.068 [FXGL Background Thread 3 ] DEBUG Engine               - isScaleAffectedOnResize: true
10:13:47.068 [FXGL Background Thread 3 ] DEBUG Engine               - isSingleStep: false
10:13:47.068 [FXGL Background Thread 3 ] DEBUG Engine               - isUserProfileEnabled: false
10:13:47.068 [FXGL Background Thread 3 ] DEBUG Engine               - isWindows: true
10:13:47.068 [FXGL Background Thread 3 ] DEBUG Engine               - language: ObjectProperty [value: ENGLISH]
10:13:47.069 [FXGL Background Thread 3 ] DEBUG Engine               - menuKey: ESCAPE
10:13:47.069 [FXGL Background Thread 3 ] DEBUG Engine               - notificationViewClass: class com.almasb.fxgl.notification.view.XboxNotificationView
10:13:47.069 [FXGL Background Thread 3 ] DEBUG Engine               - pixelsPerMeter: 50.0
10:13:47.069 [FXGL Background Thread 3 ] DEBUG Engine               - platform: WINDOWS
10:13:47.069 [FXGL Background Thread 3 ] DEBUG Engine               - prefHeightProperty: ReadOnlyDoubleProperty [value: 600.0]
10:13:47.069 [FXGL Background Thread 3 ] DEBUG Engine               - prefWidthProperty: ReadOnlyDoubleProperty [value: 800.0]
10:13:47.069 [FXGL Background Thread 3 ] DEBUG Engine               - profileDir: profiles/
10:13:47.069 [FXGL Background Thread 3 ] DEBUG Engine               - profileName: StringProperty [value: DEFAULT]
10:13:47.069 [FXGL Background Thread 3 ] DEBUG Engine               - randomSeed: -1
10:13:47.069 [FXGL Background Thread 3 ] DEBUG Engine               - runtimeInfo: RuntimeInfo(platform=WINDOWS, version=11.15, build=13.04.2021 08.23)
10:13:47.069 [FXGL Background Thread 3 ] DEBUG Engine               - saveFileExt: sav
10:13:47.069 [FXGL Background Thread 3 ] DEBUG Engine               - scaledHeightProp$fxgl: DoubleProperty [bound, value: 600.0]
10:13:47.069 [FXGL Background Thread 3 ] DEBUG Engine               - scaledWidthProp$fxgl: DoubleProperty [bound, value: 800.0]
10:13:47.069 [FXGL Background Thread 3 ] DEBUG Engine               - sceneFactory: com.almasb.fxgl.app.scene.SceneFactory@6b94c0
10:13:47.069 [FXGL Background Thread 3 ] DEBUG Engine               - secondsIn24h: 60
10:13:47.069 [FXGL Background Thread 3 ] DEBUG Engine               - soundMenuBack: menu/back.wav
10:13:47.069 [FXGL Background Thread 3 ] DEBUG Engine               - soundMenuPress: menu/press.wav
10:13:47.069 [FXGL Background Thread 3 ] DEBUG Engine               - soundMenuSelect: menu/select.wav
10:13:47.069 [FXGL Background Thread 3 ] DEBUG Engine               - soundNotification: core/notification.wav
10:13:47.069 [FXGL Background Thread 3 ] DEBUG Engine               - stageStyle: DECORATED
10:13:47.069 [FXGL Background Thread 3 ] DEBUG Engine               - supportedLanguages: [ENGLISH, FRENCH, GERMAN, HUNGARIAN, RUSSIAN]
10:13:47.069 [FXGL Background Thread 3 ] DEBUG Engine               - ticksPerSecond: -1
10:13:47.069 [FXGL Background Thread 3 ] DEBUG Engine               - title: Performance Test
10:13:47.069 [FXGL Background Thread 3 ] DEBUG Engine               - urlGithub: https://github.com/AlmasB/FXGL
10:13:47.069 [FXGL Background Thread 3 ] DEBUG Engine               - urlLeaderboard: http://fxgl-top.herokuapp.com/
10:13:47.069 [FXGL Background Thread 3 ] DEBUG Engine               - urlPOM: https://raw.githubusercontent.com/AlmasB/FXGL/release/README.md
10:13:47.069 [FXGL Background Thread 3 ] DEBUG Engine               - userAppClass: class com.pi4j.example.PerformanceTest
10:13:47.069 [FXGL Background Thread 3 ] DEBUG Engine               - version: 0.0
10:13:47.069 [FXGL Background Thread 3 ] DEBUG Engine               - versionCheckDays: 7
10:13:47.070 [FXGL Background Thread 3 ] DEBUG Engine               - width: 800
10:13:47.070 [FXGL Background Thread 3 ] DEBUG Engine               - Logging services
10:13:47.070 [FXGL Background Thread 3 ] DEBUG Engine               - class com.almasb.fxgl.app.services.FXGLAssetLoaderService
10:13:47.070 [FXGL Background Thread 3 ] DEBUG Engine               - class com.almasb.fxgl.app.FXGLApplication$GameApplicationService
10:13:47.070 [FXGL Background Thread 3 ] DEBUG Engine               - class com.almasb.fxgl.app.services.FXGLDialogService
10:13:47.070 [FXGL Background Thread 3 ] DEBUG Engine               - class com.almasb.fxgl.app.services.IOTaskExecutorService
10:13:47.070 [FXGL Background Thread 3 ] DEBUG Engine               - class com.almasb.fxgl.event.EventBusService
10:13:47.070 [FXGL Background Thread 3 ] DEBUG Engine               - class com.almasb.fxgl.io.FileSystemService
10:13:47.070 [FXGL Background Thread 3 ] DEBUG Engine               - class com.almasb.fxgl.localization.LocalizationService
10:13:47.070 [FXGL Background Thread 3 ] DEBUG Engine               - class com.almasb.fxgl.app.services.SystemBundleService
10:13:47.070 [FXGL Background Thread 3 ] DEBUG Engine               - class com.almasb.fxgl.profile.SaveLoadService
10:13:47.070 [FXGL Background Thread 3 ] DEBUG Engine               - class com.almasb.fxgl.ui.FXGLUIFactoryServiceProvider
10:13:47.070 [FXGL Background Thread 3 ] DEBUG Engine               - class com.almasb.fxgl.ui.FXGLDialogFactoryServiceProvider
10:13:47.070 [FXGL Background Thread 3 ] DEBUG Engine               - class com.almasb.fxgl.audio.AudioPlayer
10:13:47.070 [FXGL Background Thread 3 ] DEBUG Engine               - class com.almasb.fxgl.notification.impl.NotificationServiceProvider
10:13:47.070 [FXGL Background Thread 3 ] DEBUG Engine               - class com.almasb.fxgl.achievement.AchievementService
10:13:47.070 [FXGL Background Thread 3 ] DEBUG Engine               - class com.almasb.fxgl.cutscene.CutsceneService
10:13:47.070 [FXGL Background Thread 3 ] DEBUG Engine               - class com.almasb.fxgl.minigames.MiniGameService
10:13:47.070 [FXGL Background Thread 3 ] DEBUG Engine               - class com.almasb.fxgl.net.NetService
10:13:47.070 [FXGL Background Thread 3 ] DEBUG Engine               - class com.almasb.fxgl.app.services.UpdaterService
10:13:47.070 [FXGL Background Thread 3 ] DEBUG Engine               - class com.almasb.fxgl.dev.DevService
10:13:47.070 [FXGL Background Thread 3 ] DEBUG Engine               - class com.almasb.fxgl.dev.profiling.ProfilerService
10:14:15.584 [JavaFX Application Thread] DEBUG FXGLApplication      - Exiting FXGL
10:14:15.584 [JavaFX Application Thread] DEBUG Async                - Shutting down background threads
10:14:15.584 [JavaFX Application Thread] DEBUG PrimaryStageWindow   - Closing main window
10:14:15.595 [JavaFX Application Thread] DEBUG Logger               - Closing Logger
