08:24:54.934 [main                     ] DEBUG Logger               - Configured Logger
08:24:54.947 [main                     ] DEBUG GameApplication      - Logging settings
Title: JavaFX performance test - 1000 items - 
Version: 0.0
Width: 900
Height: 600
Fullscreen: false
Intro: false
Profiling: true
Single step:false
App Mode: DEVELOPER
Menu Key: ESCAPE
Stage Style: DECORATED
Scene Factory: class com.almasb.fxgl.app.scene.SceneFactory

08:24:55.299 [JavaFX Application Thread] DEBUG FXGLApplication      - Initializing FXGL
08:24:55.301 [JavaFX Application Thread] INFO  Engine               - FXGL-11.15 (13.04.2021 08.23) on WINDOWS (J:14 FX:15)
08:24:55.301 [JavaFX Application Thread] DEBUG Engine               - JRE Vendor Name: BellSoft
08:24:55.301 [JavaFX Application Thread] DEBUG Engine               - Running on OS: Windows 10 version 10.0
08:24:55.301 [JavaFX Application Thread] DEBUG Engine               - Architecture: amd64
08:24:55.302 [JavaFX Application Thread] INFO  Engine               - Source code and latest versions at: https://github.com/AlmasB/FXGL
08:24:55.302 [JavaFX Application Thread] INFO  Engine               -              Join the FXGL chat at: https://gitter.im/AlmasB/FXGL
08:24:55.406 [JavaFX Application Thread] DEBUG PrimaryStageWindow   - Creating a JavaFX scene
08:24:55.476 [JavaFX Application Thread] DEBUG PrimaryStageWindow   - Target settings size: 900.0 x 600.0
08:24:55.476 [JavaFX Application Thread] DEBUG PrimaryStageWindow   - Scaled scene size:    900.0 x 600.0
08:24:55.476 [JavaFX Application Thread] DEBUG PrimaryStageWindow   - Scaled ratio: (1.0, 1.0)
08:24:55.477 [JavaFX Application Thread] DEBUG PrimaryStageWindow   - Set initial scene to FXGLStartupScene
08:24:55.482 [JavaFX Application Thread] DEBUG PrimaryStageWindow   - Opening main window
08:24:55.553 [JavaFX Application Thread] DEBUG PrimaryStageWindow   - Window border size: (16.0, 39.0)
08:24:55.553 [JavaFX Application Thread] DEBUG PrimaryStageWindow   - Scaled size: 900.0 x 600.0
08:24:55.553 [JavaFX Application Thread] DEBUG PrimaryStageWindow   - Scaled ratio: (1.0, 1.0)
08:24:55.554 [JavaFX Application Thread] DEBUG PrimaryStageWindow   - Scene size: 900.0 x 600.0
08:24:55.554 [JavaFX Application Thread] DEBUG PrimaryStageWindow   - Stage size: 916.0 x 639.0
08:24:55.560 [FXGL Background Thread 1 ] DEBUG Engine               - Initializing environment variables
08:24:55.582 [FXGL Background Thread 1 ] DEBUG FXGLAssetLoaderServi - User app class for loading assets: class com.pi4j.example.PerformanceTest
08:24:55.582 [FXGL Background Thread 1 ] DEBUG GameApplicationServi - Applying CSS: fxgl_dark.css
08:24:55.582 [FXGL Background Thread 1 ] DEBUG FXGLAssetLoaderServi - Loading from file system: jar:file:///C:/Users/Cyril/.m2/repository/com/github/almasb/fxgl/11.15/fxgl-11.15.jar!/fxglassets/ui/css/fxgl_dark.css
08:24:55.609 [FXGL Background Thread 1 ] DEBUG GameApplicationServi - Initializing application scenes
08:24:55.638 [FXGL Background Thread 1 ] DEBUG GameWorld            - Game world initialized
08:24:55.673 [FXGL Background Thread 1 ] DEBUG PhysicsWorld         - Physics world initialized: appHeight=600, physics.ppm=50.0
08:24:55.673 [FXGL Background Thread 1 ] DEBUG PhysicsWorld         - Using strategy: BRUTE_FORCE
08:24:55.674 [FXGL Background Thread 1 ] DEBUG GameScene            - Game scene initialized: 900x600
08:24:55.680 [FXGL Background Thread 1 ] DEBUG FXGL.DefaultMenu     - createMenuBodyGameMenu()
08:24:55.692 [FXGL Background Thread 1 ] DEBUG FXGL.DefaultMenu     - createOptionsMenu()
08:24:55.698 [FXGL Background Thread 1 ] DEBUG FXGLAssetLoaderServi - Loading from file system: jar:file:///C:/Users/Cyril/.m2/repository/com/github/almasb/fxgl/11.15/fxgl-11.15.jar!/fxglassets/textures/particles/smoke.png
08:24:55.758 [FXGL Background Thread 1 ] DEBUG FXGLAssetLoaderServi - Loading from file system: jar:file:///C:/Users/Cyril/.m2/repository/com/github/almasb/fxgl/11.15/fxgl-11.15.jar!/fxglassets/textures/particles/trace_horizontal.png
08:24:55.778 [FXGL Background Thread 1 ] DEBUG GameApplicationServi - Application scenes initialized
08:24:55.783 [FXGL Background Thread 1 ] DEBUG SystemBundleService  - Loading FXGL system data
08:24:55.787 [FXGL Background Thread 1 ] DEBUG FileSystemAccess     - Reading from: C:\Users\Cyril\IdeaProjects\pi4j-performance-testing\system\fxgl.bundle
08:24:55.793 [FXGL Background Thread 1 ] DEBUG SystemBundleService  - Bundle FXGL: {}
08:24:55.793 [FXGL Background Thread 1 ] DEBUG UpdaterService       - Checking for updates
08:24:55.801 [FXGL Background Thread 4 ] DEBUG FXGLApplication      - Loading fonts
08:24:55.801 [FXGL Background Thread 1 ] DEBUG FXGLApplication      - Loading default localization
08:24:55.801 [FXGL Background Thread 4 ] DEBUG FXGLAssetLoaderServi - Loading from file system: jar:file:///C:/Users/Cyril/.m2/repository/com/github/almasb/fxgl/11.15/fxgl-11.15.jar!/fxglassets/ui/fonts/VarelaRound-Regular.ttf
08:24:55.801 [FXGL Background Thread 1 ] DEBUG FXGLAssetLoaderServi - Loading from file system: jar:file:///C:/Users/Cyril/.m2/repository/com/github/almasb/fxgl/11.15/fxgl-11.15.jar!/fxglassets/languages/english.lang
08:24:55.815 [FXGL Background Thread 1 ] INFO  FXGLApplication      - FXGL initialization took: 0.256 sec
08:24:55.816 [JavaFX Application Thread] DEBUG FXGLAssetLoaderServi - Loading from file system: jar:file:///C:/Users/Cyril/.m2/repository/com/github/almasb/fxgl/11.15/fxgl-11.15.jar!/fxglassets/textures/fxgl_icon.png
08:24:55.824 [FXGL Background Thread 4 ] DEBUG FXGLAssetLoaderServi - Loading from file system: jar:file:///C:/Users/Cyril/.m2/repository/com/github/almasb/fxgl/11.15/fxgl-11.15.jar!/fxglassets/ui/fonts/Abel-Regular.ttf
08:24:55.826 [FXGL Background Thread 4 ] DEBUG FXGLAssetLoaderServi - Loading from file system: jar:file:///C:/Users/Cyril/.m2/repository/com/github/almasb/fxgl/11.15/fxgl-11.15.jar!/fxglassets/ui/fonts/lucida_console.ttf
08:24:55.828 [JavaFX Application Thread] DEBUG FXGLAssetLoaderServi - Loading from file system: jar:file:///C:/Users/Cyril/.m2/repository/com/github/almasb/fxgl/11.15/fxgl-11.15.jar!/fxglassets/ui/cursors/fxgl_default.png
08:24:55.829 [FXGL Background Thread 4 ] DEBUG FXGLAssetLoaderServi - Loading from file system: jar:file:///C:/Users/Cyril/.m2/repository/com/github/almasb/fxgl/11.15/fxgl-11.15.jar!/fxglassets/ui/fonts/Courier-Prime.ttf
08:24:55.835 [JavaFX Application Thread] DEBUG Input                - Registered new binding: Screenshot - CTRL+8
08:24:55.835 [JavaFX Application Thread] DEBUG Input                - Registered new binding: System info dump - CTRL+9
08:24:55.835 [JavaFX Application Thread] DEBUG Input                - Registered new binding: Restart - CTRL+R
08:24:55.835 [JavaFX Application Thread] DEBUG Input                - Registered new binding: Toggle Debug Camera - CTRL+C
08:24:55.836 [JavaFX Application Thread] DEBUG LoopRunner           - Starting loop
08:24:55.836 [JavaFX Application Thread] DEBUG LoopRunner           - Initializing JavaFX AnimationTimerLoop
08:24:55.838 [JavaFX Application Thread] DEBUG GameApplicationServi - Starting new game
08:24:55.838 [JavaFX Application Thread] DEBUG Input                - Clearing active input actions
08:24:55.844 [JavaFX Application Thread] DEBUG GameApplicationServi - Removing overlay from FXGLStartupScene and adding to FXGLLoadingScene
08:24:55.845 [JavaFX Application Thread] DEBUG PrimaryStageWindow   - FXGLStartupScene -> FXGLLoadingScene
08:24:55.845 [JavaFX Application Thread] DEBUG GameApplicationServi - Clearing previous game
08:24:55.845 [JavaFX Application Thread] DEBUG GameScene            - Clearing game scene
08:24:55.845 [JavaFX Application Thread] DEBUG GameWorld            - Clearing game world
08:24:55.845 [JavaFX Application Thread] DEBUG PhysicsWorld         - Clearing physics world
08:24:55.846 [FXGL Background Thread 4 ] DEBUG FXGLApplication      - Initializing game
08:24:55.846 [JavaFX Application Thread] DEBUG FXGLApplication      - Registering font factories with UI factory
08:24:56.029 [FXGL Background Thread 4 ] INFO  FXGLApplication      - Game initialization took: 0.183 sec
08:24:56.029 [JavaFX Application Thread] DEBUG Input                - Clearing active input actions
08:24:56.049 [JavaFX Application Thread] DEBUG GameApplicationServi - Removing overlay from FXGLLoadingScene and adding to GameScene
08:24:56.049 [JavaFX Application Thread] DEBUG PrimaryStageWindow   - FXGLLoadingScene -> GameScene
08:24:58.801 [FXGL Background Thread 3 ] DEBUG Engine               - Logging environment variables
08:24:58.801 [FXGL Background Thread 3 ] DEBUG Engine               - achievements: []
08:24:58.801 [FXGL Background Thread 3 ] DEBUG Engine               - actualHeight: 600.0
08:24:58.801 [FXGL Background Thread 3 ] DEBUG Engine               - actualHeightProperty: ReadOnlyDoubleProperty [value: 600.0]
08:24:58.801 [FXGL Background Thread 3 ] DEBUG Engine               - actualWidth: 900.0
08:24:58.801 [FXGL Background Thread 3 ] DEBUG Engine               - actualWidthProperty: ReadOnlyDoubleProperty [value: 900.0]
08:24:58.801 [FXGL Background Thread 3 ] DEBUG Engine               - appIcon: fxgl_icon.png
08:24:58.801 [FXGL Background Thread 3 ] DEBUG Engine               - applicationMode: DEVELOPER
08:24:58.801 [FXGL Background Thread 3 ] DEBUG Engine               - cSSList: [fxgl_dark.css]
08:24:58.801 [FXGL Background Thread 3 ] DEBUG Engine               - collisionDetectionStrategy: BRUTE_FORCE
08:24:58.801 [FXGL Background Thread 3 ] DEBUG Engine               - configClass: Optional.empty
08:24:58.801 [FXGL Background Thread 3 ] DEBUG Engine               - credits: []
08:24:58.802 [FXGL Background Thread 3 ] DEBUG Engine               - devBBoxColorProperty: ObjectProperty [value: 0xff0000ff]
08:24:58.802 [FXGL Background Thread 3 ] DEBUG Engine               - devEnableDebugCameraProperty: BooleanProperty [value: false]
08:24:58.802 [FXGL Background Thread 3 ] DEBUG Engine               - devSensorColorProperty: ObjectProperty [value: 0xffff00ff]
08:24:58.802 [FXGL Background Thread 3 ] DEBUG Engine               - devShowBBoxProperty: BooleanProperty [value: false]
08:24:58.802 [FXGL Background Thread 3 ] DEBUG Engine               - devShowPositionProperty: BooleanProperty [value: false]
08:24:58.802 [FXGL Background Thread 3 ] DEBUG Engine               - enabledMenuItems: []
08:24:58.802 [FXGL Background Thread 3 ] DEBUG Engine               - engineServices: [class com.almasb.fxgl.app.services.FXGLAssetLoaderService, class com.almasb.fxgl.app.FXGLApplication$GameApplicationService, class com.almasb.fxgl.app.services.FXGLDialogService, class com.almasb.fxgl.app.services.IOTaskExecutorService, class com.almasb.fxgl.event.EventBusService, class com.almasb.fxgl.io.FileSystemService, class com.almasb.fxgl.localization.LocalizationService, class com.almasb.fxgl.app.services.SystemBundleService, class com.almasb.fxgl.profile.SaveLoadService, class com.almasb.fxgl.ui.FXGLUIFactoryServiceProvider, class com.almasb.fxgl.ui.FXGLDialogFactoryServiceProvider, class com.almasb.fxgl.audio.AudioPlayer, class com.almasb.fxgl.notification.impl.NotificationServiceProvider, class com.almasb.fxgl.achievement.AchievementService, class com.almasb.fxgl.cutscene.CutsceneService, class com.almasb.fxgl.minigames.MiniGameService, class com.almasb.fxgl.net.NetService, class com.almasb.fxgl.app.services.UpdaterService, class com.almasb.fxgl.dev.DevService, class com.almasb.fxgl.dev.profiling.ProfilerService]
08:24:58.802 [FXGL Background Thread 3 ] DEBUG Engine               - fontGame: Abel-Regular.ttf
08:24:58.802 [FXGL Background Thread 3 ] DEBUG Engine               - fontMono: lucida_console.ttf
08:24:58.802 [FXGL Background Thread 3 ] DEBUG Engine               - fontText: Courier-Prime.ttf
08:24:58.802 [FXGL Background Thread 3 ] DEBUG Engine               - fontUI: VarelaRound-Regular.ttf
08:24:58.802 [FXGL Background Thread 3 ] DEBUG Engine               - fullScreen: BooleanProperty [value: false]
08:24:58.802 [FXGL Background Thread 3 ] DEBUG Engine               - gameDifficulty: MEDIUM
08:24:58.802 [FXGL Background Thread 3 ] DEBUG Engine               - gameDifficultyProperty: ObjectProperty [value: MEDIUM]
08:24:58.802 [FXGL Background Thread 3 ] DEBUG Engine               - globalMusicVolume: 0.5
08:24:58.802 [FXGL Background Thread 3 ] DEBUG Engine               - globalMusicVolumeProperty: DoubleProperty [value: 0.5]
08:24:58.802 [FXGL Background Thread 3 ] DEBUG Engine               - globalSoundVolume: 0.5
08:24:58.802 [FXGL Background Thread 3 ] DEBUG Engine               - globalSoundVolumeProperty: DoubleProperty [value: 0.5]
08:24:58.802 [FXGL Background Thread 3 ] DEBUG Engine               - height: 600
08:24:58.802 [FXGL Background Thread 3 ] DEBUG Engine               - isAndroid: false
08:24:58.802 [FXGL Background Thread 3 ] DEBUG Engine               - isBrowser: false
08:24:58.802 [FXGL Background Thread 3 ] DEBUG Engine               - isClickFeedbackEnabled: false
08:24:58.802 [FXGL Background Thread 3 ] DEBUG Engine               - isCloseConfirmation: false
08:24:58.802 [FXGL Background Thread 3 ] DEBUG Engine               - isDesktop: true
08:24:58.802 [FXGL Background Thread 3 ] DEBUG Engine               - isDeveloperMenuEnabled: false
08:24:58.803 [FXGL Background Thread 3 ] DEBUG Engine               - isEntityPreloadEnabled: true
08:24:58.803 [FXGL Background Thread 3 ] DEBUG Engine               - isExperimental3D: false
08:24:58.803 [FXGL Background Thread 3 ] DEBUG Engine               - isExperimentalNative: false
08:24:58.803 [FXGL Background Thread 3 ] DEBUG Engine               - isExperimentalTiledLargeMap: false
08:24:58.803 [FXGL Background Thread 3 ] DEBUG Engine               - isFileSystemWriteAllowed: true
08:24:58.803 [FXGL Background Thread 3 ] DEBUG Engine               - isFullScreenAllowed: false
08:24:58.803 [FXGL Background Thread 3 ] DEBUG Engine               - isFullScreenFromStart: false
08:24:58.803 [FXGL Background Thread 3 ] DEBUG Engine               - isGameMenuEnabled: true
08:24:58.803 [FXGL Background Thread 3 ] DEBUG Engine               - isIOS: false
08:24:58.803 [FXGL Background Thread 3 ] DEBUG Engine               - isIntroEnabled: false
08:24:58.803 [FXGL Background Thread 3 ] DEBUG Engine               - isLinux: false
08:24:58.803 [FXGL Background Thread 3 ] DEBUG Engine               - isMac: false
08:24:58.803 [FXGL Background Thread 3 ] DEBUG Engine               - isMainMenuEnabled: false
08:24:58.803 [FXGL Background Thread 3 ] DEBUG Engine               - isManualResizeEnabled: false
08:24:58.803 [FXGL Background Thread 3 ] DEBUG Engine               - isMobile: false
08:24:58.803 [FXGL Background Thread 3 ] DEBUG Engine               - isPreserveResizeRatio: false
08:24:58.803 [FXGL Background Thread 3 ] DEBUG Engine               - isProfilingEnabled: true
08:24:58.803 [FXGL Background Thread 3 ] DEBUG Engine               - isScaleAffectedOnResize: true
08:24:58.803 [FXGL Background Thread 3 ] DEBUG Engine               - isSingleStep: false
08:24:58.803 [FXGL Background Thread 3 ] DEBUG Engine               - isUserProfileEnabled: false
08:24:58.803 [FXGL Background Thread 3 ] DEBUG Engine               - isWindows: true
08:24:58.803 [FXGL Background Thread 3 ] DEBUG Engine               - language: ObjectProperty [value: ENGLISH]
08:24:58.803 [FXGL Background Thread 3 ] DEBUG Engine               - menuKey: ESCAPE
08:24:58.803 [FXGL Background Thread 3 ] DEBUG Engine               - notificationViewClass: class com.almasb.fxgl.notification.view.XboxNotificationView
08:24:58.803 [FXGL Background Thread 3 ] DEBUG Engine               - pixelsPerMeter: 50.0
08:24:58.803 [FXGL Background Thread 3 ] DEBUG Engine               - platform: WINDOWS
08:24:58.803 [FXGL Background Thread 3 ] DEBUG Engine               - prefHeightProperty: ReadOnlyDoubleProperty [value: 600.0]
08:24:58.803 [FXGL Background Thread 3 ] DEBUG Engine               - prefWidthProperty: ReadOnlyDoubleProperty [value: 900.0]
08:24:58.804 [FXGL Background Thread 3 ] DEBUG Engine               - profileDir: profiles/
08:24:58.804 [FXGL Background Thread 3 ] DEBUG Engine               - profileName: StringProperty [value: DEFAULT]
08:24:58.804 [FXGL Background Thread 3 ] DEBUG Engine               - randomSeed: -1
08:24:58.804 [FXGL Background Thread 3 ] DEBUG Engine               - runtimeInfo: RuntimeInfo(platform=WINDOWS, version=11.15, build=13.04.2021 08.23)
08:24:58.804 [FXGL Background Thread 3 ] DEBUG Engine               - saveFileExt: sav
08:24:58.804 [FXGL Background Thread 3 ] DEBUG Engine               - scaledHeightProp$fxgl: DoubleProperty [bound, value: 600.0]
08:24:58.804 [FXGL Background Thread 3 ] DEBUG Engine               - scaledWidthProp$fxgl: DoubleProperty [bound, value: 900.0]
08:24:58.804 [FXGL Background Thread 3 ] DEBUG Engine               - sceneFactory: com.almasb.fxgl.app.scene.SceneFactory@30aecb84
08:24:58.804 [FXGL Background Thread 3 ] DEBUG Engine               - secondsIn24h: 60
08:24:58.804 [FXGL Background Thread 3 ] DEBUG Engine               - soundMenuBack: menu/back.wav
08:24:58.804 [FXGL Background Thread 3 ] DEBUG Engine               - soundMenuPress: menu/press.wav
08:24:58.804 [FXGL Background Thread 3 ] DEBUG Engine               - soundMenuSelect: menu/select.wav
08:24:58.804 [FXGL Background Thread 3 ] DEBUG Engine               - soundNotification: core/notification.wav
08:24:58.804 [FXGL Background Thread 3 ] DEBUG Engine               - stageStyle: DECORATED
08:24:58.804 [FXGL Background Thread 3 ] DEBUG Engine               - supportedLanguages: [ENGLISH, FRENCH, GERMAN, HUNGARIAN, RUSSIAN]
08:24:58.804 [FXGL Background Thread 3 ] DEBUG Engine               - ticksPerSecond: -1
08:24:58.804 [FXGL Background Thread 3 ] DEBUG Engine               - title: JavaFX performance test - 1000 items - 
08:24:58.804 [FXGL Background Thread 3 ] DEBUG Engine               - urlGithub: https://github.com/AlmasB/FXGL
08:24:58.804 [FXGL Background Thread 3 ] DEBUG Engine               - urlLeaderboard: http://fxgl-top.herokuapp.com/
08:24:58.804 [FXGL Background Thread 3 ] DEBUG Engine               - urlPOM: https://raw.githubusercontent.com/AlmasB/FXGL/release/README.md
08:24:58.804 [FXGL Background Thread 3 ] DEBUG Engine               - userAppClass: class com.pi4j.example.PerformanceTest
08:24:58.804 [FXGL Background Thread 3 ] DEBUG Engine               - version: 0.0
08:24:58.804 [FXGL Background Thread 3 ] DEBUG Engine               - versionCheckDays: 7
08:24:58.804 [FXGL Background Thread 3 ] DEBUG Engine               - width: 900
08:24:58.804 [FXGL Background Thread 3 ] DEBUG Engine               - Logging services
08:24:58.804 [FXGL Background Thread 3 ] DEBUG Engine               - class com.almasb.fxgl.app.services.FXGLAssetLoaderService
08:24:58.804 [FXGL Background Thread 3 ] DEBUG Engine               - class com.almasb.fxgl.app.FXGLApplication$GameApplicationService
08:24:58.804 [FXGL Background Thread 3 ] DEBUG Engine               - class com.almasb.fxgl.app.services.FXGLDialogService
08:24:58.804 [FXGL Background Thread 3 ] DEBUG Engine               - class com.almasb.fxgl.app.services.IOTaskExecutorService
08:24:58.804 [FXGL Background Thread 3 ] DEBUG Engine               - class com.almasb.fxgl.event.EventBusService
08:24:58.805 [FXGL Background Thread 3 ] DEBUG Engine               - class com.almasb.fxgl.io.FileSystemService
08:24:58.805 [FXGL Background Thread 3 ] DEBUG Engine               - class com.almasb.fxgl.localization.LocalizationService
08:24:58.805 [FXGL Background Thread 3 ] DEBUG Engine               - class com.almasb.fxgl.app.services.SystemBundleService
08:24:58.805 [FXGL Background Thread 3 ] DEBUG Engine               - class com.almasb.fxgl.profile.SaveLoadService
08:24:58.805 [FXGL Background Thread 3 ] DEBUG Engine               - class com.almasb.fxgl.ui.FXGLUIFactoryServiceProvider
08:24:58.805 [FXGL Background Thread 3 ] DEBUG Engine               - class com.almasb.fxgl.ui.FXGLDialogFactoryServiceProvider
08:24:58.805 [FXGL Background Thread 3 ] DEBUG Engine               - class com.almasb.fxgl.audio.AudioPlayer
08:24:58.805 [FXGL Background Thread 3 ] DEBUG Engine               - class com.almasb.fxgl.notification.impl.NotificationServiceProvider
08:24:58.805 [FXGL Background Thread 3 ] DEBUG Engine               - class com.almasb.fxgl.achievement.AchievementService
08:24:58.805 [FXGL Background Thread 3 ] DEBUG Engine               - class com.almasb.fxgl.cutscene.CutsceneService
08:24:58.805 [FXGL Background Thread 3 ] DEBUG Engine               - class com.almasb.fxgl.minigames.MiniGameService
08:24:58.805 [FXGL Background Thread 3 ] DEBUG Engine               - class com.almasb.fxgl.net.NetService
08:24:58.805 [FXGL Background Thread 3 ] DEBUG Engine               - class com.almasb.fxgl.app.services.UpdaterService
08:24:58.805 [FXGL Background Thread 3 ] DEBUG Engine               - class com.almasb.fxgl.dev.DevService
08:24:58.805 [FXGL Background Thread 3 ] DEBUG Engine               - class com.almasb.fxgl.dev.profiling.ProfilerService
08:25:24.949 [JavaFX Application Thread] DEBUG FXGLApplication      - Exiting FXGL
08:25:24.949 [JavaFX Application Thread] DEBUG LoopRunner           - Stopping loop
08:25:24.949 [JavaFX Application Thread] DEBUG SystemBundleService  - Saving FXGL system data
08:25:24.951 [JavaFX Application Thread] DEBUG FileSystemAccess     - Writing to: C:\Users\Cyril\IdeaProjects\pi4j-performance-testing\system\fxgl.bundle
08:25:24.952 [JavaFX Application Thread] INFO  ProfilerWindow       - Profiler (FPS) - 1392 frames
08:25:24.952 [JavaFX Application Thread] INFO  ProfilerWindow       - Average: 48.53376436781609
08:25:24.952 [JavaFX Application Thread] INFO  ProfilerWindow       - Minimum: 37.0
08:25:24.952 [JavaFX Application Thread] INFO  ProfilerWindow       - Maximum: 60.0
08:25:24.952 [JavaFX Application Thread] INFO  ProfilerWindow       - Profiler (CPU (ms)) - 1392 frames
08:25:24.952 [JavaFX Application Thread] INFO  ProfilerWindow       - Average: 15.394994971264373
08:25:24.952 [JavaFX Application Thread] INFO  ProfilerWindow       - Minimum: 0.0
08:25:24.952 [JavaFX Application Thread] INFO  ProfilerWindow       - Maximum: 47.1827
08:25:24.953 [JavaFX Application Thread] INFO  ProfilerWindow       - Profiler (RAM (MB)) - 1392 frames
08:25:24.953 [JavaFX Application Thread] INFO  ProfilerWindow       - Average: 89.08234038298157
08:25:24.953 [JavaFX Application Thread] INFO  ProfilerWindow       - Minimum: 18.428810119628906
08:25:24.953 [JavaFX Application Thread] INFO  ProfilerWindow       - Maximum: 155.98875427246094
08:25:24.953 [JavaFX Application Thread] INFO  ProfilerService      - Estimated GC runs: 118
08:25:24.953 [JavaFX Application Thread] DEBUG Async                - Shutting down background threads
08:25:24.953 [JavaFX Application Thread] DEBUG PrimaryStageWindow   - Closing main window
08:25:24.965 [JavaFX Application Thread] DEBUG Logger               - Closing Logger
