15:24:27.958 [main                     ] DEBUG Logger               - Configured Logger
15:24:27.967 [main                     ] DEBUG GameApplication      - Logging settings
Title: JavaFX performance test - 1000 items - 
Version: 0.0
Width: 900
Height: 600
Fullscreen: false
Intro: false
Profiling: true
Single step:false
App Mode: DEVELOPER
Menu Key: ESCAPE
Stage Style: DECORATED
Scene Factory: class com.almasb.fxgl.app.scene.SceneFactory

15:24:28.296 [JavaFX Application Thread] DEBUG FXGLApplication      - Initializing FXGL
15:24:28.297 [JavaFX Application Thread] INFO  Engine               - FXGL-11.15 (13.04.2021 08.23) on WINDOWS (J:14 FX:15)
15:24:28.297 [JavaFX Application Thread] DEBUG Engine               - JRE Vendor Name: BellSoft
15:24:28.298 [JavaFX Application Thread] DEBUG Engine               - Running on OS: Windows 10 version 10.0
15:24:28.298 [JavaFX Application Thread] DEBUG Engine               - Architecture: amd64
15:24:28.298 [JavaFX Application Thread] INFO  Engine               - Source code and latest versions at: https://github.com/AlmasB/FXGL
15:24:28.298 [JavaFX Application Thread] INFO  Engine               -              Join the FXGL chat at: https://gitter.im/AlmasB/FXGL
15:24:28.360 [JavaFX Application Thread] DEBUG PrimaryStageWindow   - Creating a JavaFX scene
15:24:28.391 [JavaFX Application Thread] DEBUG PrimaryStageWindow   - Target settings size: 900.0 x 600.0
15:24:28.391 [JavaFX Application Thread] DEBUG PrimaryStageWindow   - Scaled scene size:    900.0 x 600.0
15:24:28.391 [JavaFX Application Thread] DEBUG PrimaryStageWindow   - Scaled ratio: (1.0, 1.0)
15:24:28.392 [JavaFX Application Thread] DEBUG PrimaryStageWindow   - Set initial scene to FXGLStartupScene
15:24:28.396 [JavaFX Application Thread] DEBUG PrimaryStageWindow   - Opening main window
15:24:28.456 [JavaFX Application Thread] DEBUG PrimaryStageWindow   - Window border size: (16.0, 39.0)
15:24:28.456 [JavaFX Application Thread] DEBUG PrimaryStageWindow   - Scaled size: 900.0 x 600.0
15:24:28.456 [JavaFX Application Thread] DEBUG PrimaryStageWindow   - Scaled ratio: (1.0, 1.0)
15:24:28.456 [JavaFX Application Thread] DEBUG PrimaryStageWindow   - Scene size: 900.0 x 600.0
15:24:28.456 [JavaFX Application Thread] DEBUG PrimaryStageWindow   - Stage size: 916.0 x 639.0
15:24:28.461 [FXGL Background Thread 1 ] DEBUG Engine               - Initializing environment variables
15:24:28.480 [FXGL Background Thread 1 ] DEBUG FXGLAssetLoaderServi - User app class for loading assets: class com.pi4j.example.PerformanceTest
15:24:28.480 [FXGL Background Thread 1 ] DEBUG GameApplicationServi - Applying CSS: fxgl_dark.css
15:24:28.480 [FXGL Background Thread 1 ] DEBUG FXGLAssetLoaderServi - Loading from file system: jar:file:///C:/Users/Cyril/.m2/repository/com/github/almasb/fxgl/11.15/fxgl-11.15.jar!/fxglassets/ui/css/fxgl_dark.css
15:24:28.506 [FXGL Background Thread 1 ] DEBUG GameApplicationServi - Initializing application scenes
15:24:28.530 [FXGL Background Thread 1 ] DEBUG GameWorld            - Game world initialized
15:24:28.562 [FXGL Background Thread 1 ] DEBUG PhysicsWorld         - Physics world initialized: appHeight=600, physics.ppm=50.0
15:24:28.562 [FXGL Background Thread 1 ] DEBUG PhysicsWorld         - Using strategy: BRUTE_FORCE
15:24:28.563 [FXGL Background Thread 1 ] DEBUG GameScene            - Game scene initialized: 900x600
15:24:28.569 [FXGL Background Thread 1 ] DEBUG FXGL.DefaultMenu     - createMenuBodyGameMenu()
15:24:28.577 [FXGL Background Thread 1 ] DEBUG FXGL.DefaultMenu     - createOptionsMenu()
15:24:28.582 [FXGL Background Thread 1 ] DEBUG FXGLAssetLoaderServi - Loading from file system: jar:file:///C:/Users/Cyril/.m2/repository/com/github/almasb/fxgl/11.15/fxgl-11.15.jar!/fxglassets/textures/particles/smoke.png
15:24:28.637 [FXGL Background Thread 1 ] DEBUG FXGLAssetLoaderServi - Loading from file system: jar:file:///C:/Users/Cyril/.m2/repository/com/github/almasb/fxgl/11.15/fxgl-11.15.jar!/fxglassets/textures/particles/trace_horizontal.png
15:24:28.658 [FXGL Background Thread 1 ] DEBUG GameApplicationServi - Application scenes initialized
15:24:28.664 [FXGL Background Thread 1 ] DEBUG SystemBundleService  - Loading FXGL system data
15:24:28.667 [FXGL Background Thread 1 ] DEBUG FileSystemAccess     - Reading from: C:\Users\Cyril\IdeaProjects\pi4j-performance-testing\system\fxgl.bundle
15:24:28.671 [FXGL Background Thread 1 ] DEBUG SystemBundleService  - Bundle FXGL: {}
15:24:28.671 [FXGL Background Thread 1 ] DEBUG UpdaterService       - Checking for updates
15:24:28.678 [FXGL Background Thread 4 ] DEBUG FXGLApplication      - Loading fonts
15:24:28.678 [FXGL Background Thread 1 ] DEBUG FXGLAssetLoaderServi - Loading from file system: jar:file:///C:/Users/Cyril/.m2/repository/com/github/almasb/fxgl/11.15/fxgl-11.15.jar!/fxglassets/languages/english.lang
15:24:28.678 [FXGL Background Thread 4 ] DEBUG FXGLAssetLoaderServi - Loading from file system: jar:file:///C:/Users/Cyril/.m2/repository/com/github/almasb/fxgl/11.15/fxgl-11.15.jar!/fxglassets/ui/fonts/VarelaRound-Regular.ttf
15:24:28.686 [FXGL Background Thread 1 ] INFO  FXGLApplication      - FXGL initialization took: 0.225 sec
15:24:28.687 [JavaFX Application Thread] DEBUG FXGLAssetLoaderServi - Loading from file system: jar:file:///C:/Users/Cyril/.m2/repository/com/github/almasb/fxgl/11.15/fxgl-11.15.jar!/fxglassets/textures/fxgl_icon.png
15:24:28.697 [JavaFX Application Thread] DEBUG FXGLAssetLoaderServi - Loading from file system: jar:file:///C:/Users/Cyril/.m2/repository/com/github/almasb/fxgl/11.15/fxgl-11.15.jar!/fxglassets/ui/cursors/fxgl_default.png
15:24:28.701 [FXGL Background Thread 4 ] DEBUG FXGLAssetLoaderServi - Loading from file system: jar:file:///C:/Users/Cyril/.m2/repository/com/github/almasb/fxgl/11.15/fxgl-11.15.jar!/fxglassets/ui/fonts/Abel-Regular.ttf
15:24:28.704 [FXGL Background Thread 4 ] DEBUG FXGLAssetLoaderServi - Loading from file system: jar:file:///C:/Users/Cyril/.m2/repository/com/github/almasb/fxgl/11.15/fxgl-11.15.jar!/fxglassets/ui/fonts/lucida_console.ttf
15:24:28.704 [JavaFX Application Thread] DEBUG Input                - Registered new binding: Screenshot - CTRL+8
15:24:28.705 [JavaFX Application Thread] DEBUG Input                - Registered new binding: System info dump - CTRL+9
15:24:28.705 [JavaFX Application Thread] DEBUG Input                - Registered new binding: Restart - CTRL+R
15:24:28.705 [JavaFX Application Thread] DEBUG Input                - Registered new binding: Toggle Debug Camera - CTRL+C
15:24:28.706 [JavaFX Application Thread] DEBUG LoopRunner           - Starting loop
15:24:28.706 [JavaFX Application Thread] DEBUG LoopRunner           - Initializing JavaFX AnimationTimerLoop
15:24:28.707 [JavaFX Application Thread] DEBUG GameApplicationServi - Starting new game
15:24:28.707 [FXGL Background Thread 4 ] DEBUG FXGLAssetLoaderServi - Loading from file system: jar:file:///C:/Users/Cyril/.m2/repository/com/github/almasb/fxgl/11.15/fxgl-11.15.jar!/fxglassets/ui/fonts/Courier-Prime.ttf
15:24:28.707 [JavaFX Application Thread] DEBUG Input                - Clearing active input actions
15:24:28.714 [JavaFX Application Thread] DEBUG GameApplicationServi - Removing overlay from FXGLStartupScene and adding to FXGLLoadingScene
15:24:28.714 [JavaFX Application Thread] DEBUG PrimaryStageWindow   - FXGLStartupScene -> FXGLLoadingScene
15:24:28.714 [JavaFX Application Thread] DEBUG GameApplicationServi - Clearing previous game
15:24:28.715 [JavaFX Application Thread] DEBUG GameScene            - Clearing game scene
15:24:28.715 [JavaFX Application Thread] DEBUG GameWorld            - Clearing game world
15:24:28.715 [JavaFX Application Thread] DEBUG PhysicsWorld         - Clearing physics world
15:24:28.716 [FXGL Background Thread 4 ] DEBUG FXGLApplication      - Initializing game
15:24:28.716 [JavaFX Application Thread] DEBUG FXGLApplication      - Registering font factories with UI factory
15:24:28.910 [FXGL Background Thread 4 ] INFO  FXGLApplication      - Game initialization took: 0.194 sec
15:24:28.911 [JavaFX Application Thread] DEBUG Input                - Clearing active input actions
15:24:28.933 [JavaFX Application Thread] DEBUG GameApplicationServi - Removing overlay from FXGLLoadingScene and adding to GameScene
15:24:28.934 [JavaFX Application Thread] DEBUG PrimaryStageWindow   - FXGLLoadingScene -> GameScene
15:24:31.678 [FXGL Background Thread 3 ] DEBUG Engine               - Logging environment variables
15:24:31.678 [FXGL Background Thread 3 ] DEBUG Engine               - achievements: []
15:24:31.678 [FXGL Background Thread 3 ] DEBUG Engine               - actualHeight: 600.0
15:24:31.678 [FXGL Background Thread 3 ] DEBUG Engine               - actualHeightProperty: ReadOnlyDoubleProperty [value: 600.0]
15:24:31.678 [FXGL Background Thread 3 ] DEBUG Engine               - actualWidth: 900.0
15:24:31.678 [FXGL Background Thread 3 ] DEBUG Engine               - actualWidthProperty: ReadOnlyDoubleProperty [value: 900.0]
15:24:31.678 [FXGL Background Thread 3 ] DEBUG Engine               - appIcon: fxgl_icon.png
15:24:31.678 [FXGL Background Thread 3 ] DEBUG Engine               - applicationMode: DEVELOPER
15:24:31.678 [FXGL Background Thread 3 ] DEBUG Engine               - cSSList: [fxgl_dark.css]
15:24:31.678 [FXGL Background Thread 3 ] DEBUG Engine               - collisionDetectionStrategy: BRUTE_FORCE
15:24:31.678 [FXGL Background Thread 3 ] DEBUG Engine               - configClass: Optional.empty
15:24:31.678 [FXGL Background Thread 3 ] DEBUG Engine               - credits: []
15:24:31.679 [FXGL Background Thread 3 ] DEBUG Engine               - devBBoxColorProperty: ObjectProperty [value: 0xff0000ff]
15:24:31.679 [FXGL Background Thread 3 ] DEBUG Engine               - devEnableDebugCameraProperty: BooleanProperty [value: false]
15:24:31.679 [FXGL Background Thread 3 ] DEBUG Engine               - devSensorColorProperty: ObjectProperty [value: 0xffff00ff]
15:24:31.679 [FXGL Background Thread 3 ] DEBUG Engine               - devShowBBoxProperty: BooleanProperty [value: false]
15:24:31.679 [FXGL Background Thread 3 ] DEBUG Engine               - devShowPositionProperty: BooleanProperty [value: false]
15:24:31.679 [FXGL Background Thread 3 ] DEBUG Engine               - enabledMenuItems: []
15:24:31.679 [FXGL Background Thread 3 ] DEBUG Engine               - engineServices: [class com.almasb.fxgl.app.services.FXGLAssetLoaderService, class com.almasb.fxgl.app.FXGLApplication$GameApplicationService, class com.almasb.fxgl.app.services.FXGLDialogService, class com.almasb.fxgl.app.services.IOTaskExecutorService, class com.almasb.fxgl.event.EventBusService, class com.almasb.fxgl.io.FileSystemService, class com.almasb.fxgl.localization.LocalizationService, class com.almasb.fxgl.app.services.SystemBundleService, class com.almasb.fxgl.profile.SaveLoadService, class com.almasb.fxgl.ui.FXGLUIFactoryServiceProvider, class com.almasb.fxgl.ui.FXGLDialogFactoryServiceProvider, class com.almasb.fxgl.audio.AudioPlayer, class com.almasb.fxgl.notification.impl.NotificationServiceProvider, class com.almasb.fxgl.achievement.AchievementService, class com.almasb.fxgl.cutscene.CutsceneService, class com.almasb.fxgl.minigames.MiniGameService, class com.almasb.fxgl.net.NetService, class com.almasb.fxgl.app.services.UpdaterService, class com.almasb.fxgl.dev.DevService, class com.almasb.fxgl.dev.profiling.ProfilerService]
15:24:31.679 [FXGL Background Thread 3 ] DEBUG Engine               - fontGame: Abel-Regular.ttf
15:24:31.679 [FXGL Background Thread 3 ] DEBUG Engine               - fontMono: lucida_console.ttf
15:24:31.679 [FXGL Background Thread 3 ] DEBUG Engine               - fontText: Courier-Prime.ttf
15:24:31.679 [FXGL Background Thread 3 ] DEBUG Engine               - fontUI: VarelaRound-Regular.ttf
15:24:31.679 [FXGL Background Thread 3 ] DEBUG Engine               - fullScreen: BooleanProperty [value: false]
15:24:31.679 [FXGL Background Thread 3 ] DEBUG Engine               - gameDifficulty: MEDIUM
15:24:31.679 [FXGL Background Thread 3 ] DEBUG Engine               - gameDifficultyProperty: ObjectProperty [value: MEDIUM]
15:24:31.679 [FXGL Background Thread 3 ] DEBUG Engine               - globalMusicVolume: 0.5
15:24:31.679 [FXGL Background Thread 3 ] DEBUG Engine               - globalMusicVolumeProperty: DoubleProperty [value: 0.5]
15:24:31.679 [FXGL Background Thread 3 ] DEBUG Engine               - globalSoundVolume: 0.5
15:24:31.679 [FXGL Background Thread 3 ] DEBUG Engine               - globalSoundVolumeProperty: DoubleProperty [value: 0.5]
15:24:31.679 [FXGL Background Thread 3 ] DEBUG Engine               - height: 600
15:24:31.679 [FXGL Background Thread 3 ] DEBUG Engine               - isAndroid: false
15:24:31.679 [FXGL Background Thread 3 ] DEBUG Engine               - isBrowser: false
15:24:31.679 [FXGL Background Thread 3 ] DEBUG Engine               - isClickFeedbackEnabled: false
15:24:31.679 [FXGL Background Thread 3 ] DEBUG Engine               - isCloseConfirmation: false
15:24:31.680 [FXGL Background Thread 3 ] DEBUG Engine               - isDesktop: true
15:24:31.680 [FXGL Background Thread 3 ] DEBUG Engine               - isDeveloperMenuEnabled: false
15:24:31.680 [FXGL Background Thread 3 ] DEBUG Engine               - isEntityPreloadEnabled: true
15:24:31.680 [FXGL Background Thread 3 ] DEBUG Engine               - isExperimental3D: false
15:24:31.680 [FXGL Background Thread 3 ] DEBUG Engine               - isExperimentalNative: false
15:24:31.680 [FXGL Background Thread 3 ] DEBUG Engine               - isExperimentalTiledLargeMap: false
15:24:31.680 [FXGL Background Thread 3 ] DEBUG Engine               - isFileSystemWriteAllowed: true
15:24:31.680 [FXGL Background Thread 3 ] DEBUG Engine               - isFullScreenAllowed: false
15:24:31.680 [FXGL Background Thread 3 ] DEBUG Engine               - isFullScreenFromStart: false
15:24:31.680 [FXGL Background Thread 3 ] DEBUG Engine               - isGameMenuEnabled: true
15:24:31.680 [FXGL Background Thread 3 ] DEBUG Engine               - isIOS: false
15:24:31.680 [FXGL Background Thread 3 ] DEBUG Engine               - isIntroEnabled: false
15:24:31.680 [FXGL Background Thread 3 ] DEBUG Engine               - isLinux: false
15:24:31.680 [FXGL Background Thread 3 ] DEBUG Engine               - isMac: false
15:24:31.680 [FXGL Background Thread 3 ] DEBUG Engine               - isMainMenuEnabled: false
15:24:31.680 [FXGL Background Thread 3 ] DEBUG Engine               - isManualResizeEnabled: false
15:24:31.680 [FXGL Background Thread 3 ] DEBUG Engine               - isMobile: false
15:24:31.680 [FXGL Background Thread 3 ] DEBUG Engine               - isPreserveResizeRatio: false
15:24:31.680 [FXGL Background Thread 3 ] DEBUG Engine               - isProfilingEnabled: true
15:24:31.680 [FXGL Background Thread 3 ] DEBUG Engine               - isScaleAffectedOnResize: true
15:24:31.680 [FXGL Background Thread 3 ] DEBUG Engine               - isSingleStep: false
15:24:31.680 [FXGL Background Thread 3 ] DEBUG Engine               - isUserProfileEnabled: false
15:24:31.680 [FXGL Background Thread 3 ] DEBUG Engine               - isWindows: true
15:24:31.680 [FXGL Background Thread 3 ] DEBUG Engine               - language: ObjectProperty [value: ENGLISH]
15:24:31.680 [FXGL Background Thread 3 ] DEBUG Engine               - menuKey: ESCAPE
15:24:31.680 [FXGL Background Thread 3 ] DEBUG Engine               - notificationViewClass: class com.almasb.fxgl.notification.view.XboxNotificationView
15:24:31.680 [FXGL Background Thread 3 ] DEBUG Engine               - pixelsPerMeter: 50.0
15:24:31.680 [FXGL Background Thread 3 ] DEBUG Engine               - platform: WINDOWS
15:24:31.680 [FXGL Background Thread 3 ] DEBUG Engine               - prefHeightProperty: ReadOnlyDoubleProperty [value: 600.0]
15:24:31.680 [FXGL Background Thread 3 ] DEBUG Engine               - prefWidthProperty: ReadOnlyDoubleProperty [value: 900.0]
15:24:31.681 [FXGL Background Thread 3 ] DEBUG Engine               - profileDir: profiles/
15:24:31.681 [FXGL Background Thread 3 ] DEBUG Engine               - profileName: StringProperty [value: DEFAULT]
15:24:31.681 [FXGL Background Thread 3 ] DEBUG Engine               - randomSeed: -1
15:24:31.681 [FXGL Background Thread 3 ] DEBUG Engine               - runtimeInfo: RuntimeInfo(platform=WINDOWS, version=11.15, build=13.04.2021 08.23)
15:24:31.681 [FXGL Background Thread 3 ] DEBUG Engine               - saveFileExt: sav
15:24:31.681 [FXGL Background Thread 3 ] DEBUG Engine               - scaledHeightProp$fxgl: DoubleProperty [bound, value: 600.0]
15:24:31.681 [FXGL Background Thread 3 ] DEBUG Engine               - scaledWidthProp$fxgl: DoubleProperty [bound, value: 900.0]
15:24:31.681 [FXGL Background Thread 3 ] DEBUG Engine               - sceneFactory: com.almasb.fxgl.app.scene.SceneFactory@7c65a37e
15:24:31.681 [FXGL Background Thread 3 ] DEBUG Engine               - secondsIn24h: 60
15:24:31.681 [FXGL Background Thread 3 ] DEBUG Engine               - soundMenuBack: menu/back.wav
15:24:31.681 [FXGL Background Thread 3 ] DEBUG Engine               - soundMenuPress: menu/press.wav
15:24:31.681 [FXGL Background Thread 3 ] DEBUG Engine               - soundMenuSelect: menu/select.wav
15:24:31.681 [FXGL Background Thread 3 ] DEBUG Engine               - soundNotification: core/notification.wav
15:24:31.681 [FXGL Background Thread 3 ] DEBUG Engine               - stageStyle: DECORATED
15:24:31.681 [FXGL Background Thread 3 ] DEBUG Engine               - supportedLanguages: [ENGLISH, FRENCH, GERMAN, HUNGARIAN, RUSSIAN]
15:24:31.681 [FXGL Background Thread 3 ] DEBUG Engine               - ticksPerSecond: -1
15:24:31.681 [FXGL Background Thread 3 ] DEBUG Engine               - title: JavaFX performance test - 1000 items - 
15:24:31.681 [FXGL Background Thread 3 ] DEBUG Engine               - urlGithub: https://github.com/AlmasB/FXGL
15:24:31.681 [FXGL Background Thread 3 ] DEBUG Engine               - urlLeaderboard: http://fxgl-top.herokuapp.com/
15:24:31.681 [FXGL Background Thread 3 ] DEBUG Engine               - urlPOM: https://raw.githubusercontent.com/AlmasB/FXGL/release/README.md
15:24:31.681 [FXGL Background Thread 3 ] DEBUG Engine               - userAppClass: class com.pi4j.example.PerformanceTest
15:24:31.681 [FXGL Background Thread 3 ] DEBUG Engine               - version: 0.0
15:24:31.681 [FXGL Background Thread 3 ] DEBUG Engine               - versionCheckDays: 7
15:24:31.681 [FXGL Background Thread 3 ] DEBUG Engine               - width: 900
15:24:31.681 [FXGL Background Thread 3 ] DEBUG Engine               - Logging services
15:24:31.681 [FXGL Background Thread 3 ] DEBUG Engine               - class com.almasb.fxgl.app.services.FXGLAssetLoaderService
15:24:31.681 [FXGL Background Thread 3 ] DEBUG Engine               - class com.almasb.fxgl.app.FXGLApplication$GameApplicationService
15:24:31.681 [FXGL Background Thread 3 ] DEBUG Engine               - class com.almasb.fxgl.app.services.FXGLDialogService
15:24:31.681 [FXGL Background Thread 3 ] DEBUG Engine               - class com.almasb.fxgl.app.services.IOTaskExecutorService
15:24:31.681 [FXGL Background Thread 3 ] DEBUG Engine               - class com.almasb.fxgl.event.EventBusService
15:24:31.681 [FXGL Background Thread 3 ] DEBUG Engine               - class com.almasb.fxgl.io.FileSystemService
15:24:31.681 [FXGL Background Thread 3 ] DEBUG Engine               - class com.almasb.fxgl.localization.LocalizationService
15:24:31.682 [FXGL Background Thread 3 ] DEBUG Engine               - class com.almasb.fxgl.app.services.SystemBundleService
15:24:31.682 [FXGL Background Thread 3 ] DEBUG Engine               - class com.almasb.fxgl.profile.SaveLoadService
15:24:31.682 [FXGL Background Thread 3 ] DEBUG Engine               - class com.almasb.fxgl.ui.FXGLUIFactoryServiceProvider
15:24:31.682 [FXGL Background Thread 3 ] DEBUG Engine               - class com.almasb.fxgl.ui.FXGLDialogFactoryServiceProvider
15:24:31.682 [FXGL Background Thread 3 ] DEBUG Engine               - class com.almasb.fxgl.audio.AudioPlayer
15:24:31.682 [FXGL Background Thread 3 ] DEBUG Engine               - class com.almasb.fxgl.notification.impl.NotificationServiceProvider
15:24:31.682 [FXGL Background Thread 3 ] DEBUG Engine               - class com.almasb.fxgl.achievement.AchievementService
15:24:31.682 [FXGL Background Thread 3 ] DEBUG Engine               - class com.almasb.fxgl.cutscene.CutsceneService
15:24:31.682 [FXGL Background Thread 3 ] DEBUG Engine               - class com.almasb.fxgl.minigames.MiniGameService
15:24:31.682 [FXGL Background Thread 3 ] DEBUG Engine               - class com.almasb.fxgl.net.NetService
15:24:31.682 [FXGL Background Thread 3 ] DEBUG Engine               - class com.almasb.fxgl.app.services.UpdaterService
15:24:31.682 [FXGL Background Thread 3 ] DEBUG Engine               - class com.almasb.fxgl.dev.DevService
15:24:31.682 [FXGL Background Thread 3 ] DEBUG Engine               - class com.almasb.fxgl.dev.profiling.ProfilerService
15:25:06.640 [JavaFX Application Thread] DEBUG FXGLApplication      - Exiting FXGL
15:25:06.640 [JavaFX Application Thread] DEBUG LoopRunner           - Stopping loop
15:25:06.640 [JavaFX Application Thread] DEBUG SystemBundleService  - Saving FXGL system data
15:25:06.641 [JavaFX Application Thread] DEBUG FileSystemAccess     - Writing to: C:\Users\Cyril\IdeaProjects\pi4j-performance-testing\system\fxgl.bundle
15:25:06.642 [JavaFX Application Thread] INFO  ProfilerWindow       - Profiler (FPS) - 1942 frames
15:25:06.642 [JavaFX Application Thread] INFO  ProfilerWindow       - Average: 51.727085478887744
15:25:06.642 [JavaFX Application Thread] INFO  ProfilerWindow       - Minimum: 40.0
15:25:06.642 [JavaFX Application Thread] INFO  ProfilerWindow       - Maximum: 60.0
15:25:06.642 [JavaFX Application Thread] INFO  ProfilerWindow       - Profiler (CPU (ms)) - 1942 frames
15:25:06.642 [JavaFX Application Thread] INFO  ProfilerWindow       - Average: 13.639134603501558
15:25:06.642 [JavaFX Application Thread] INFO  ProfilerWindow       - Minimum: 0.0
15:25:06.642 [JavaFX Application Thread] INFO  ProfilerWindow       - Maximum: 48.0656
15:25:06.642 [JavaFX Application Thread] INFO  ProfilerWindow       - Profiler (RAM (MB)) - 1942 frames
15:25:06.642 [JavaFX Application Thread] INFO  ProfilerWindow       - Average: 125.33399420049729
15:25:06.642 [JavaFX Application Thread] INFO  ProfilerWindow       - Minimum: 11.760528564453125
15:25:06.642 [JavaFX Application Thread] INFO  ProfilerWindow       - Maximum: 213.1336212158203
15:25:06.642 [JavaFX Application Thread] INFO  ProfilerService      - Estimated GC runs: 89
15:25:06.642 [JavaFX Application Thread] DEBUG Async                - Shutting down background threads
15:25:06.643 [JavaFX Application Thread] DEBUG PrimaryStageWindow   - Closing main window
15:25:06.655 [JavaFX Application Thread] DEBUG Logger               - Closing Logger
