10:19:28.255 [main                     ] DEBUG Logger               - Configured Logger
10:19:28.265 [main                     ] DEBUG GameApplication      - Logging settings
Title: Performance Test
Version: 0.0
Width: 800
Height: 600
Fullscreen: false
Intro: false
Profiling: true
Single step:false
App Mode: DEVELOPER
Menu Key: ESCAPE
Stage Style: DECORATED
Scene Factory: class com.almasb.fxgl.app.scene.SceneFactory

10:19:28.558 [JavaFX Application Thread] DEBUG FXGLApplication      - Initializing FXGL
10:19:28.560 [JavaFX Application Thread] INFO  Engine               - FXGL-11.15 (13.04.2021 08.23) on WINDOWS (J:14 FX:15)
10:19:28.560 [JavaFX Application Thread] DEBUG Engine               - JRE Vendor Name: BellSoft
10:19:28.560 [JavaFX Application Thread] DEBUG Engine               - Running on OS: Windows 10 version 10.0
10:19:28.560 [JavaFX Application Thread] DEBUG Engine               - Architecture: amd64
10:19:28.560 [JavaFX Application Thread] INFO  Engine               - Source code and latest versions at: https://github.com/AlmasB/FXGL
10:19:28.560 [JavaFX Application Thread] INFO  Engine               -              Join the FXGL chat at: https://gitter.im/AlmasB/FXGL
10:19:28.620 [JavaFX Application Thread] DEBUG PrimaryStageWindow   - Creating a JavaFX scene
10:19:28.650 [JavaFX Application Thread] DEBUG PrimaryStageWindow   - Target settings size: 800.0 x 600.0
10:19:28.650 [JavaFX Application Thread] DEBUG PrimaryStageWindow   - Scaled scene size:    800.0 x 600.0
10:19:28.650 [JavaFX Application Thread] DEBUG PrimaryStageWindow   - Scaled ratio: (1.0, 1.0)
10:19:28.651 [JavaFX Application Thread] DEBUG PrimaryStageWindow   - Set initial scene to FXGLStartupScene
10:19:28.654 [JavaFX Application Thread] DEBUG PrimaryStageWindow   - Opening main window
10:19:28.712 [JavaFX Application Thread] DEBUG PrimaryStageWindow   - Window border size: (16.0, 39.0)
10:19:28.712 [JavaFX Application Thread] DEBUG PrimaryStageWindow   - Scaled size: 800.0 x 600.0
10:19:28.712 [JavaFX Application Thread] DEBUG PrimaryStageWindow   - Scaled ratio: (1.0, 1.0)
10:19:28.712 [JavaFX Application Thread] DEBUG PrimaryStageWindow   - Scene size: 800.0 x 600.0
10:19:28.712 [JavaFX Application Thread] DEBUG PrimaryStageWindow   - Stage size: 816.0 x 639.0
10:19:28.717 [FXGL Background Thread 1 ] DEBUG Engine               - Initializing environment variables
10:19:28.737 [FXGL Background Thread 1 ] DEBUG FXGLAssetLoaderServi - User app class for loading assets: class com.pi4j.example.PerformanceTest
10:19:28.737 [FXGL Background Thread 1 ] DEBUG GameApplicationServi - Applying CSS: fxgl_dark.css
10:19:28.737 [FXGL Background Thread 1 ] DEBUG FXGLAssetLoaderServi - Loading from file system: jar:file:///C:/Users/Cyril/.m2/repository/com/github/almasb/fxgl/11.15/fxgl-11.15.jar!/fxglassets/ui/css/fxgl_dark.css
10:19:28.764 [FXGL Background Thread 1 ] DEBUG GameApplicationServi - Initializing application scenes
10:19:28.783 [FXGL Background Thread 1 ] DEBUG GameWorld            - Game world initialized
10:19:28.817 [FXGL Background Thread 1 ] DEBUG PhysicsWorld         - Physics world initialized: appHeight=600, physics.ppm=50.0
10:19:28.818 [FXGL Background Thread 1 ] DEBUG PhysicsWorld         - Using strategy: BRUTE_FORCE
10:19:28.819 [FXGL Background Thread 1 ] DEBUG GameScene            - Game scene initialized: 800x600
10:19:28.825 [FXGL Background Thread 1 ] DEBUG FXGL.DefaultMenu     - createMenuBodyGameMenu()
10:19:28.834 [FXGL Background Thread 1 ] DEBUG FXGL.DefaultMenu     - createOptionsMenu()
10:19:28.839 [FXGL Background Thread 1 ] DEBUG FXGLAssetLoaderServi - Loading from file system: jar:file:///C:/Users/Cyril/.m2/repository/com/github/almasb/fxgl/11.15/fxgl-11.15.jar!/fxglassets/textures/particles/smoke.png
10:19:28.892 [FXGL Background Thread 1 ] DEBUG FXGLAssetLoaderServi - Loading from file system: jar:file:///C:/Users/Cyril/.m2/repository/com/github/almasb/fxgl/11.15/fxgl-11.15.jar!/fxglassets/textures/particles/trace_horizontal.png
10:19:28.914 [FXGL Background Thread 1 ] DEBUG GameApplicationServi - Application scenes initialized
10:19:28.920 [FXGL Background Thread 1 ] DEBUG SystemBundleService  - Loading FXGL system data
10:19:28.922 [FXGL Background Thread 1 ] DEBUG FileSystemAccess     - Reading from: C:\Users\Cyril\IdeaProjects\pi4j-performance-testing\system\fxgl.bundle
10:19:28.925 [FXGL Background Thread 1 ] DEBUG SystemBundleService  - Bundle FXGL: {}
10:19:28.925 [FXGL Background Thread 1 ] DEBUG UpdaterService       - Checking for updates
10:19:28.932 [FXGL Background Thread 4 ] DEBUG FXGLApplication      - Loading fonts
10:19:28.932 [FXGL Background Thread 1 ] DEBUG FXGLApplication      - Loading default localization
10:19:28.933 [FXGL Background Thread 4 ] DEBUG FXGLAssetLoaderServi - Loading from file system: jar:file:///C:/Users/Cyril/.m2/repository/com/github/almasb/fxgl/11.15/fxgl-11.15.jar!/fxglassets/ui/fonts/VarelaRound-Regular.ttf
10:19:28.933 [FXGL Background Thread 1 ] DEBUG FXGLAssetLoaderServi - Loading from file system: jar:file:///C:/Users/Cyril/.m2/repository/com/github/almasb/fxgl/11.15/fxgl-11.15.jar!/fxglassets/languages/english.lang
10:19:28.941 [FXGL Background Thread 1 ] INFO  FXGLApplication      - FXGL initialization took: 0.225 sec
10:19:28.947 [JavaFX Application Thread] DEBUG Input                - Registered new binding: action0 - F
10:19:28.947 [JavaFX Application Thread] DEBUG FXGLAssetLoaderServi - Loading from file system: jar:file:///C:/Users/Cyril/.m2/repository/com/github/almasb/fxgl/11.15/fxgl-11.15.jar!/fxglassets/textures/fxgl_icon.png
10:19:28.955 [FXGL Background Thread 4 ] DEBUG FXGLAssetLoaderServi - Loading from file system: jar:file:///C:/Users/Cyril/.m2/repository/com/github/almasb/fxgl/11.15/fxgl-11.15.jar!/fxglassets/ui/fonts/Abel-Regular.ttf
10:19:28.958 [FXGL Background Thread 4 ] DEBUG FXGLAssetLoaderServi - Loading from file system: jar:file:///C:/Users/Cyril/.m2/repository/com/github/almasb/fxgl/11.15/fxgl-11.15.jar!/fxglassets/ui/fonts/lucida_console.ttf
10:19:28.961 [FXGL Background Thread 4 ] DEBUG FXGLAssetLoaderServi - Loading from file system: jar:file:///C:/Users/Cyril/.m2/repository/com/github/almasb/fxgl/11.15/fxgl-11.15.jar!/fxglassets/ui/fonts/Courier-Prime.ttf
10:19:28.964 [JavaFX Application Thread] DEBUG FXGLAssetLoaderServi - Loading from file system: jar:file:///C:/Users/Cyril/.m2/repository/com/github/almasb/fxgl/11.15/fxgl-11.15.jar!/fxglassets/ui/cursors/fxgl_default.png
10:19:28.965 [JavaFX Application Thread] DEBUG Input                - Registered new binding: Screenshot - CTRL+8
10:19:28.965 [JavaFX Application Thread] DEBUG Input                - Registered new binding: System info dump - CTRL+9
10:19:28.966 [JavaFX Application Thread] DEBUG Input                - Registered new binding: Restart - CTRL+R
10:19:28.966 [JavaFX Application Thread] DEBUG Input                - Registered new binding: Toggle Debug Camera - CTRL+C
10:19:28.967 [JavaFX Application Thread] DEBUG LoopRunner           - Starting loop
10:19:28.967 [JavaFX Application Thread] DEBUG LoopRunner           - Initializing JavaFX AnimationTimerLoop
10:19:28.968 [JavaFX Application Thread] DEBUG GameApplicationServi - Starting new game
10:19:28.968 [JavaFX Application Thread] DEBUG Input                - Clearing active input actions
10:19:28.974 [JavaFX Application Thread] DEBUG GameApplicationServi - Removing overlay from FXGLStartupScene and adding to FXGLLoadingScene
10:19:28.975 [JavaFX Application Thread] DEBUG PrimaryStageWindow   - FXGLStartupScene -> FXGLLoadingScene
10:19:28.975 [JavaFX Application Thread] DEBUG GameApplicationServi - Clearing previous game
10:19:28.975 [JavaFX Application Thread] DEBUG GameScene            - Clearing game scene
10:19:28.975 [JavaFX Application Thread] DEBUG GameWorld            - Clearing game world
10:19:28.975 [JavaFX Application Thread] DEBUG PhysicsWorld         - Clearing physics world
10:19:28.976 [FXGL Background Thread 4 ] DEBUG FXGLApplication      - Initializing game
10:19:28.976 [JavaFX Application Thread] DEBUG FXGLApplication      - Registering font factories with UI factory
10:19:28.986 [FXGL Background Thread 4 ] INFO  FXGLApplication      - Game initialization took: 0.010 sec
10:19:29.007 [JavaFX Application Thread] DEBUG Input                - Clearing active input actions
10:19:29.019 [JavaFX Application Thread] DEBUG GameApplicationServi - Removing overlay from FXGLLoadingScene and adding to GameScene
10:19:29.020 [JavaFX Application Thread] DEBUG PrimaryStageWindow   - FXGLLoadingScene -> GameScene
10:19:31.934 [FXGL Background Thread 3 ] DEBUG Engine               - Logging environment variables
10:19:31.934 [FXGL Background Thread 3 ] DEBUG Engine               - achievements: []
10:19:31.934 [FXGL Background Thread 3 ] DEBUG Engine               - actualHeight: 600.0
10:19:31.934 [FXGL Background Thread 3 ] DEBUG Engine               - actualHeightProperty: ReadOnlyDoubleProperty [value: 600.0]
10:19:31.934 [FXGL Background Thread 3 ] DEBUG Engine               - actualWidth: 800.0
10:19:31.934 [FXGL Background Thread 3 ] DEBUG Engine               - actualWidthProperty: ReadOnlyDoubleProperty [value: 800.0]
10:19:31.934 [FXGL Background Thread 3 ] DEBUG Engine               - appIcon: fxgl_icon.png
10:19:31.934 [FXGL Background Thread 3 ] DEBUG Engine               - applicationMode: DEVELOPER
10:19:31.934 [FXGL Background Thread 3 ] DEBUG Engine               - cSSList: [fxgl_dark.css]
10:19:31.934 [FXGL Background Thread 3 ] DEBUG Engine               - collisionDetectionStrategy: BRUTE_FORCE
10:19:31.934 [FXGL Background Thread 3 ] DEBUG Engine               - configClass: Optional.empty
10:19:31.934 [FXGL Background Thread 3 ] DEBUG Engine               - credits: []
10:19:31.935 [FXGL Background Thread 3 ] DEBUG Engine               - devBBoxColorProperty: ObjectProperty [value: 0xff0000ff]
10:19:31.935 [FXGL Background Thread 3 ] DEBUG Engine               - devEnableDebugCameraProperty: BooleanProperty [value: false]
10:19:31.935 [FXGL Background Thread 3 ] DEBUG Engine               - devSensorColorProperty: ObjectProperty [value: 0xffff00ff]
10:19:31.935 [FXGL Background Thread 3 ] DEBUG Engine               - devShowBBoxProperty: BooleanProperty [value: false]
10:19:31.935 [FXGL Background Thread 3 ] DEBUG Engine               - devShowPositionProperty: BooleanProperty [value: false]
10:19:31.935 [FXGL Background Thread 3 ] DEBUG Engine               - enabledMenuItems: []
10:19:31.935 [FXGL Background Thread 3 ] DEBUG Engine               - engineServices: [class com.almasb.fxgl.app.services.FXGLAssetLoaderService, class com.almasb.fxgl.app.FXGLApplication$GameApplicationService, class com.almasb.fxgl.app.services.FXGLDialogService, class com.almasb.fxgl.app.services.IOTaskExecutorService, class com.almasb.fxgl.event.EventBusService, class com.almasb.fxgl.io.FileSystemService, class com.almasb.fxgl.localization.LocalizationService, class com.almasb.fxgl.app.services.SystemBundleService, class com.almasb.fxgl.profile.SaveLoadService, class com.almasb.fxgl.ui.FXGLUIFactoryServiceProvider, class com.almasb.fxgl.ui.FXGLDialogFactoryServiceProvider, class com.almasb.fxgl.audio.AudioPlayer, class com.almasb.fxgl.notification.impl.NotificationServiceProvider, class com.almasb.fxgl.achievement.AchievementService, class com.almasb.fxgl.cutscene.CutsceneService, class com.almasb.fxgl.minigames.MiniGameService, class com.almasb.fxgl.net.NetService, class com.almasb.fxgl.app.services.UpdaterService, class com.almasb.fxgl.dev.DevService, class com.almasb.fxgl.dev.profiling.ProfilerService]
10:19:31.935 [FXGL Background Thread 3 ] DEBUG Engine               - fontGame: Abel-Regular.ttf
10:19:31.935 [FXGL Background Thread 3 ] DEBUG Engine               - fontMono: lucida_console.ttf
10:19:31.935 [FXGL Background Thread 3 ] DEBUG Engine               - fontText: Courier-Prime.ttf
10:19:31.935 [FXGL Background Thread 3 ] DEBUG Engine               - fontUI: VarelaRound-Regular.ttf
10:19:31.935 [FXGL Background Thread 3 ] DEBUG Engine               - fullScreen: BooleanProperty [value: false]
10:19:31.935 [FXGL Background Thread 3 ] DEBUG Engine               - gameDifficulty: MEDIUM
10:19:31.935 [FXGL Background Thread 3 ] DEBUG Engine               - gameDifficultyProperty: ObjectProperty [value: MEDIUM]
10:19:31.935 [FXGL Background Thread 3 ] DEBUG Engine               - globalMusicVolume: 0.5
10:19:31.935 [FXGL Background Thread 3 ] DEBUG Engine               - globalMusicVolumeProperty: DoubleProperty [value: 0.5]
10:19:31.935 [FXGL Background Thread 3 ] DEBUG Engine               - globalSoundVolume: 0.5
10:19:31.935 [FXGL Background Thread 3 ] DEBUG Engine               - globalSoundVolumeProperty: DoubleProperty [value: 0.5]
10:19:31.935 [FXGL Background Thread 3 ] DEBUG Engine               - height: 600
10:19:31.935 [FXGL Background Thread 3 ] DEBUG Engine               - isAndroid: false
10:19:31.936 [FXGL Background Thread 3 ] DEBUG Engine               - isBrowser: false
10:19:31.936 [FXGL Background Thread 3 ] DEBUG Engine               - isClickFeedbackEnabled: false
10:19:31.936 [FXGL Background Thread 3 ] DEBUG Engine               - isCloseConfirmation: false
10:19:31.936 [FXGL Background Thread 3 ] DEBUG Engine               - isDesktop: true
10:19:31.936 [FXGL Background Thread 3 ] DEBUG Engine               - isDeveloperMenuEnabled: false
10:19:31.936 [FXGL Background Thread 3 ] DEBUG Engine               - isEntityPreloadEnabled: true
10:19:31.936 [FXGL Background Thread 3 ] DEBUG Engine               - isExperimental3D: false
10:19:31.936 [FXGL Background Thread 3 ] DEBUG Engine               - isExperimentalNative: false
10:19:31.936 [FXGL Background Thread 3 ] DEBUG Engine               - isExperimentalTiledLargeMap: false
10:19:31.936 [FXGL Background Thread 3 ] DEBUG Engine               - isFileSystemWriteAllowed: true
10:19:31.936 [FXGL Background Thread 3 ] DEBUG Engine               - isFullScreenAllowed: false
10:19:31.936 [FXGL Background Thread 3 ] DEBUG Engine               - isFullScreenFromStart: false
10:19:31.936 [FXGL Background Thread 3 ] DEBUG Engine               - isGameMenuEnabled: true
10:19:31.936 [FXGL Background Thread 3 ] DEBUG Engine               - isIOS: false
10:19:31.936 [FXGL Background Thread 3 ] DEBUG Engine               - isIntroEnabled: false
10:19:31.936 [FXGL Background Thread 3 ] DEBUG Engine               - isLinux: false
10:19:31.936 [FXGL Background Thread 3 ] DEBUG Engine               - isMac: false
10:19:31.936 [FXGL Background Thread 3 ] DEBUG Engine               - isMainMenuEnabled: false
10:19:31.936 [FXGL Background Thread 3 ] DEBUG Engine               - isManualResizeEnabled: false
10:19:31.936 [FXGL Background Thread 3 ] DEBUG Engine               - isMobile: false
10:19:31.936 [FXGL Background Thread 3 ] DEBUG Engine               - isPreserveResizeRatio: false
10:19:31.936 [FXGL Background Thread 3 ] DEBUG Engine               - isProfilingEnabled: true
10:19:31.936 [FXGL Background Thread 3 ] DEBUG Engine               - isScaleAffectedOnResize: true
10:19:31.936 [FXGL Background Thread 3 ] DEBUG Engine               - isSingleStep: false
10:19:31.936 [FXGL Background Thread 3 ] DEBUG Engine               - isUserProfileEnabled: false
10:19:31.936 [FXGL Background Thread 3 ] DEBUG Engine               - isWindows: true
10:19:31.937 [FXGL Background Thread 3 ] DEBUG Engine               - language: ObjectProperty [value: ENGLISH]
10:19:31.937 [FXGL Background Thread 3 ] DEBUG Engine               - menuKey: ESCAPE
10:19:31.937 [FXGL Background Thread 3 ] DEBUG Engine               - notificationViewClass: class com.almasb.fxgl.notification.view.XboxNotificationView
10:19:31.937 [FXGL Background Thread 3 ] DEBUG Engine               - pixelsPerMeter: 50.0
10:19:31.937 [FXGL Background Thread 3 ] DEBUG Engine               - platform: WINDOWS
10:19:31.937 [FXGL Background Thread 3 ] DEBUG Engine               - prefHeightProperty: ReadOnlyDoubleProperty [value: 600.0]
10:19:31.937 [FXGL Background Thread 3 ] DEBUG Engine               - prefWidthProperty: ReadOnlyDoubleProperty [value: 800.0]
10:19:31.937 [FXGL Background Thread 3 ] DEBUG Engine               - profileDir: profiles/
10:19:31.937 [FXGL Background Thread 3 ] DEBUG Engine               - profileName: StringProperty [value: DEFAULT]
10:19:31.937 [FXGL Background Thread 3 ] DEBUG Engine               - randomSeed: -1
10:19:31.937 [FXGL Background Thread 3 ] DEBUG Engine               - runtimeInfo: RuntimeInfo(platform=WINDOWS, version=11.15, build=13.04.2021 08.23)
10:19:31.937 [FXGL Background Thread 3 ] DEBUG Engine               - saveFileExt: sav
10:19:31.937 [FXGL Background Thread 3 ] DEBUG Engine               - scaledHeightProp$fxgl: DoubleProperty [bound, value: 600.0]
10:19:31.937 [FXGL Background Thread 3 ] DEBUG Engine               - scaledWidthProp$fxgl: DoubleProperty [bound, value: 800.0]
10:19:31.937 [FXGL Background Thread 3 ] DEBUG Engine               - sceneFactory: com.almasb.fxgl.app.scene.SceneFactory@39230c23
10:19:31.937 [FXGL Background Thread 3 ] DEBUG Engine               - secondsIn24h: 60
10:19:31.937 [FXGL Background Thread 3 ] DEBUG Engine               - soundMenuBack: menu/back.wav
10:19:31.937 [FXGL Background Thread 3 ] DEBUG Engine               - soundMenuPress: menu/press.wav
10:19:31.937 [FXGL Background Thread 3 ] DEBUG Engine               - soundMenuSelect: menu/select.wav
10:19:31.937 [FXGL Background Thread 3 ] DEBUG Engine               - soundNotification: core/notification.wav
10:19:31.937 [FXGL Background Thread 3 ] DEBUG Engine               - stageStyle: DECORATED
10:19:31.937 [FXGL Background Thread 3 ] DEBUG Engine               - supportedLanguages: [ENGLISH, FRENCH, GERMAN, HUNGARIAN, RUSSIAN]
10:19:31.937 [FXGL Background Thread 3 ] DEBUG Engine               - ticksPerSecond: -1
10:19:31.937 [FXGL Background Thread 3 ] DEBUG Engine               - title: Performance Test
10:19:31.938 [FXGL Background Thread 3 ] DEBUG Engine               - urlGithub: https://github.com/AlmasB/FXGL
10:19:31.938 [FXGL Background Thread 3 ] DEBUG Engine               - urlLeaderboard: http://fxgl-top.herokuapp.com/
10:19:31.938 [FXGL Background Thread 3 ] DEBUG Engine               - urlPOM: https://raw.githubusercontent.com/AlmasB/FXGL/release/README.md
10:19:31.938 [FXGL Background Thread 3 ] DEBUG Engine               - userAppClass: class com.pi4j.example.PerformanceTest
10:19:31.938 [FXGL Background Thread 3 ] DEBUG Engine               - version: 0.0
10:19:31.938 [FXGL Background Thread 3 ] DEBUG Engine               - versionCheckDays: 7
10:19:31.938 [FXGL Background Thread 3 ] DEBUG Engine               - width: 800
10:19:31.938 [FXGL Background Thread 3 ] DEBUG Engine               - Logging services
10:19:31.938 [FXGL Background Thread 3 ] DEBUG Engine               - class com.almasb.fxgl.app.services.FXGLAssetLoaderService
10:19:31.938 [FXGL Background Thread 3 ] DEBUG Engine               - class com.almasb.fxgl.app.FXGLApplication$GameApplicationService
10:19:31.938 [FXGL Background Thread 3 ] DEBUG Engine               - class com.almasb.fxgl.app.services.FXGLDialogService
10:19:31.938 [FXGL Background Thread 3 ] DEBUG Engine               - class com.almasb.fxgl.app.services.IOTaskExecutorService
10:19:31.938 [FXGL Background Thread 3 ] DEBUG Engine               - class com.almasb.fxgl.event.EventBusService
10:19:31.938 [FXGL Background Thread 3 ] DEBUG Engine               - class com.almasb.fxgl.io.FileSystemService
10:19:31.938 [FXGL Background Thread 3 ] DEBUG Engine               - class com.almasb.fxgl.localization.LocalizationService
10:19:31.938 [FXGL Background Thread 3 ] DEBUG Engine               - class com.almasb.fxgl.app.services.SystemBundleService
10:19:31.938 [FXGL Background Thread 3 ] DEBUG Engine               - class com.almasb.fxgl.profile.SaveLoadService
10:19:31.938 [FXGL Background Thread 3 ] DEBUG Engine               - class com.almasb.fxgl.ui.FXGLUIFactoryServiceProvider
10:19:31.938 [FXGL Background Thread 3 ] DEBUG Engine               - class com.almasb.fxgl.ui.FXGLDialogFactoryServiceProvider
10:19:31.938 [FXGL Background Thread 3 ] DEBUG Engine               - class com.almasb.fxgl.audio.AudioPlayer
10:19:31.938 [FXGL Background Thread 3 ] DEBUG Engine               - class com.almasb.fxgl.notification.impl.NotificationServiceProvider
10:19:31.938 [FXGL Background Thread 3 ] DEBUG Engine               - class com.almasb.fxgl.achievement.AchievementService
10:19:31.938 [FXGL Background Thread 3 ] DEBUG Engine               - class com.almasb.fxgl.cutscene.CutsceneService
10:19:31.938 [FXGL Background Thread 3 ] DEBUG Engine               - class com.almasb.fxgl.minigames.MiniGameService
10:19:31.938 [FXGL Background Thread 3 ] DEBUG Engine               - class com.almasb.fxgl.net.NetService
10:19:31.938 [FXGL Background Thread 3 ] DEBUG Engine               - class com.almasb.fxgl.app.services.UpdaterService
10:19:31.938 [FXGL Background Thread 3 ] DEBUG Engine               - class com.almasb.fxgl.dev.DevService
10:19:31.938 [FXGL Background Thread 3 ] DEBUG Engine               - class com.almasb.fxgl.dev.profiling.ProfilerService
10:19:45.246 [JavaFX Application Thread] DEBUG FXGLApplication      - Exiting FXGL
10:19:45.246 [JavaFX Application Thread] DEBUG LoopRunner           - Stopping loop
10:19:45.246 [JavaFX Application Thread] DEBUG SystemBundleService  - Saving FXGL system data
10:19:45.248 [JavaFX Application Thread] DEBUG FileSystemAccess     - Writing to: C:\Users\Cyril\IdeaProjects\pi4j-performance-testing\system\fxgl.bundle
10:19:45.249 [JavaFX Application Thread] INFO  ProfilerWindow       - Profiler (FPS) - 1411 frames
10:19:45.249 [JavaFX Application Thread] INFO  ProfilerWindow       - Average: 100.10559886605245
10:19:45.249 [JavaFX Application Thread] INFO  ProfilerWindow       - Minimum: 48.0
10:19:45.249 [JavaFX Application Thread] INFO  ProfilerWindow       - Maximum: 144.0
10:19:45.249 [JavaFX Application Thread] INFO  ProfilerWindow       - Profiler (CPU (ms)) - 1411 frames
10:19:45.249 [JavaFX Application Thread] INFO  ProfilerWindow       - Average: 7.755232600992203
10:19:45.249 [JavaFX Application Thread] INFO  ProfilerWindow       - Minimum: 0.0
10:19:45.249 [JavaFX Application Thread] INFO  ProfilerWindow       - Maximum: 26.5964
10:19:45.249 [JavaFX Application Thread] INFO  ProfilerWindow       - Profiler (RAM (MB)) - 1411 frames
10:19:45.249 [JavaFX Application Thread] INFO  ProfilerWindow       - Average: 58.94287410008831
10:19:45.249 [JavaFX Application Thread] INFO  ProfilerWindow       - Minimum: 14.1103515625
10:19:45.249 [JavaFX Application Thread] INFO  ProfilerWindow       - Maximum: 215.49951171875
10:19:45.249 [JavaFX Application Thread] INFO  ProfilerService      - Estimated GC runs: 29
10:19:45.249 [JavaFX Application Thread] DEBUG Async                - Shutting down background threads
10:19:45.250 [JavaFX Application Thread] DEBUG PrimaryStageWindow   - Closing main window
10:19:45.262 [JavaFX Application Thread] DEBUG Logger               - Closing Logger
