10:26:44.761 [main                     ] DEBUG Logger               - Configured Logger
10:26:44.770 [main                     ] DEBUG GameApplication      - Logging settings
Title: Performance Test
Version: 0.0
Width: 800
Height: 600
Fullscreen: false
Intro: false
Profiling: true
Single step:false
App Mode: DEVELOPER
Menu Key: ESCAPE
Stage Style: DECORATED
Scene Factory: class com.almasb.fxgl.app.scene.SceneFactory

10:26:45.051 [JavaFX Application Thread] DEBUG FXGLApplication      - Initializing FXGL
10:26:45.053 [JavaFX Application Thread] INFO  Engine               - FXGL-11.15 (13.04.2021 08.23) on WINDOWS (J:14 FX:15)
10:26:45.053 [JavaFX Application Thread] DEBUG Engine               - JRE Vendor Name: BellSoft
10:26:45.053 [JavaFX Application Thread] DEBUG Engine               - Running on OS: Windows 10 version 10.0
10:26:45.053 [JavaFX Application Thread] DEBUG Engine               - Architecture: amd64
10:26:45.053 [JavaFX Application Thread] INFO  Engine               - Source code and latest versions at: https://github.com/AlmasB/FXGL
10:26:45.053 [JavaFX Application Thread] INFO  Engine               -              Join the FXGL chat at: https://gitter.im/AlmasB/FXGL
10:26:45.112 [JavaFX Application Thread] DEBUG PrimaryStageWindow   - Creating a JavaFX scene
10:26:45.142 [JavaFX Application Thread] DEBUG PrimaryStageWindow   - Target settings size: 800.0 x 600.0
10:26:45.142 [JavaFX Application Thread] DEBUG PrimaryStageWindow   - Scaled scene size:    800.0 x 600.0
10:26:45.142 [JavaFX Application Thread] DEBUG PrimaryStageWindow   - Scaled ratio: (1.0, 1.0)
10:26:45.143 [JavaFX Application Thread] DEBUG PrimaryStageWindow   - Set initial scene to FXGLStartupScene
10:26:45.146 [JavaFX Application Thread] DEBUG PrimaryStageWindow   - Opening main window
10:26:45.206 [JavaFX Application Thread] DEBUG PrimaryStageWindow   - Window border size: (16.0, 39.0)
10:26:45.206 [JavaFX Application Thread] DEBUG PrimaryStageWindow   - Scaled size: 800.0 x 600.0
10:26:45.206 [JavaFX Application Thread] DEBUG PrimaryStageWindow   - Scaled ratio: (1.0, 1.0)
10:26:45.206 [JavaFX Application Thread] DEBUG PrimaryStageWindow   - Scene size: 800.0 x 600.0
10:26:45.206 [JavaFX Application Thread] DEBUG PrimaryStageWindow   - Stage size: 816.0 x 639.0
10:26:45.210 [FXGL Background Thread 1 ] DEBUG Engine               - Initializing environment variables
10:26:45.230 [FXGL Background Thread 1 ] DEBUG FXGLAssetLoaderServi - User app class for loading assets: class com.pi4j.example.PerformanceTest
10:26:45.230 [FXGL Background Thread 1 ] DEBUG GameApplicationServi - Applying CSS: fxgl_dark.css
10:26:45.231 [FXGL Background Thread 1 ] DEBUG FXGLAssetLoaderServi - Loading from file system: jar:file:///C:/Users/Cyril/.m2/repository/com/github/almasb/fxgl/11.15/fxgl-11.15.jar!/fxglassets/ui/css/fxgl_dark.css
10:26:45.258 [FXGL Background Thread 1 ] DEBUG GameApplicationServi - Initializing application scenes
10:26:45.279 [FXGL Background Thread 1 ] DEBUG GameWorld            - Game world initialized
10:26:45.311 [FXGL Background Thread 1 ] DEBUG PhysicsWorld         - Physics world initialized: appHeight=600, physics.ppm=50.0
10:26:45.311 [FXGL Background Thread 1 ] DEBUG PhysicsWorld         - Using strategy: BRUTE_FORCE
10:26:45.313 [FXGL Background Thread 1 ] DEBUG GameScene            - Game scene initialized: 800x600
10:26:45.319 [FXGL Background Thread 1 ] DEBUG FXGL.DefaultMenu     - createMenuBodyGameMenu()
10:26:45.328 [FXGL Background Thread 1 ] DEBUG FXGL.DefaultMenu     - createOptionsMenu()
10:26:45.332 [FXGL Background Thread 1 ] DEBUG FXGLAssetLoaderServi - Loading from file system: jar:file:///C:/Users/Cyril/.m2/repository/com/github/almasb/fxgl/11.15/fxgl-11.15.jar!/fxglassets/textures/particles/smoke.png
10:26:45.386 [FXGL Background Thread 1 ] DEBUG FXGLAssetLoaderServi - Loading from file system: jar:file:///C:/Users/Cyril/.m2/repository/com/github/almasb/fxgl/11.15/fxgl-11.15.jar!/fxglassets/textures/particles/trace_horizontal.png
10:26:45.405 [FXGL Background Thread 1 ] DEBUG GameApplicationServi - Application scenes initialized
10:26:45.410 [FXGL Background Thread 1 ] DEBUG SystemBundleService  - Loading FXGL system data
10:26:45.412 [FXGL Background Thread 1 ] DEBUG FileSystemAccess     - Reading from: C:\Users\Cyril\IdeaProjects\pi4j-performance-testing\system\fxgl.bundle
10:26:45.416 [FXGL Background Thread 1 ] DEBUG SystemBundleService  - Bundle FXGL: {}
10:26:45.416 [FXGL Background Thread 1 ] DEBUG UpdaterService       - Checking for updates
10:26:45.422 [FXGL Background Thread 4 ] DEBUG FXGLApplication      - Loading fonts
10:26:45.423 [FXGL Background Thread 1 ] DEBUG FXGLApplication      - Loading default localization
10:26:45.423 [FXGL Background Thread 4 ] DEBUG FXGLAssetLoaderServi - Loading from file system: jar:file:///C:/Users/Cyril/.m2/repository/com/github/almasb/fxgl/11.15/fxgl-11.15.jar!/fxglassets/ui/fonts/VarelaRound-Regular.ttf
10:26:45.423 [FXGL Background Thread 1 ] DEBUG FXGLAssetLoaderServi - Loading from file system: jar:file:///C:/Users/Cyril/.m2/repository/com/github/almasb/fxgl/11.15/fxgl-11.15.jar!/fxglassets/languages/english.lang
10:26:45.430 [FXGL Background Thread 1 ] INFO  FXGLApplication      - FXGL initialization took: 0.220 sec
10:26:45.436 [JavaFX Application Thread] DEBUG Input                - Registered new binding: action0 - F
10:26:45.437 [JavaFX Application Thread] DEBUG FXGLAssetLoaderServi - Loading from file system: jar:file:///C:/Users/Cyril/.m2/repository/com/github/almasb/fxgl/11.15/fxgl-11.15.jar!/fxglassets/textures/fxgl_icon.png
10:26:45.445 [FXGL Background Thread 4 ] DEBUG FXGLAssetLoaderServi - Loading from file system: jar:file:///C:/Users/Cyril/.m2/repository/com/github/almasb/fxgl/11.15/fxgl-11.15.jar!/fxglassets/ui/fonts/Abel-Regular.ttf
10:26:45.448 [FXGL Background Thread 4 ] DEBUG FXGLAssetLoaderServi - Loading from file system: jar:file:///C:/Users/Cyril/.m2/repository/com/github/almasb/fxgl/11.15/fxgl-11.15.jar!/fxglassets/ui/fonts/lucida_console.ttf
10:26:45.448 [JavaFX Application Thread] DEBUG FXGLAssetLoaderServi - Loading from file system: jar:file:///C:/Users/Cyril/.m2/repository/com/github/almasb/fxgl/11.15/fxgl-11.15.jar!/fxglassets/ui/cursors/fxgl_default.png
10:26:45.449 [JavaFX Application Thread] DEBUG Input                - Registered new binding: Screenshot - CTRL+8
10:26:45.450 [JavaFX Application Thread] DEBUG Input                - Registered new binding: System info dump - CTRL+9
10:26:45.450 [JavaFX Application Thread] DEBUG Input                - Registered new binding: Restart - CTRL+R
10:26:45.450 [JavaFX Application Thread] DEBUG Input                - Registered new binding: Toggle Debug Camera - CTRL+C
10:26:45.451 [JavaFX Application Thread] DEBUG LoopRunner           - Starting loop
10:26:45.451 [FXGL Background Thread 4 ] DEBUG FXGLAssetLoaderServi - Loading from file system: jar:file:///C:/Users/Cyril/.m2/repository/com/github/almasb/fxgl/11.15/fxgl-11.15.jar!/fxglassets/ui/fonts/Courier-Prime.ttf
10:26:45.451 [JavaFX Application Thread] DEBUG LoopRunner           - Initializing JavaFX AnimationTimerLoop
10:26:45.452 [JavaFX Application Thread] DEBUG GameApplicationServi - Starting new game
10:26:45.452 [JavaFX Application Thread] DEBUG Input                - Clearing active input actions
10:26:45.458 [JavaFX Application Thread] DEBUG GameApplicationServi - Removing overlay from FXGLStartupScene and adding to FXGLLoadingScene
10:26:45.459 [JavaFX Application Thread] DEBUG PrimaryStageWindow   - FXGLStartupScene -> FXGLLoadingScene
10:26:45.459 [JavaFX Application Thread] DEBUG GameApplicationServi - Clearing previous game
10:26:45.459 [JavaFX Application Thread] DEBUG GameScene            - Clearing game scene
10:26:45.459 [JavaFX Application Thread] DEBUG GameWorld            - Clearing game world
10:26:45.459 [JavaFX Application Thread] DEBUG PhysicsWorld         - Clearing physics world
10:26:45.460 [FXGL Background Thread 4 ] DEBUG FXGLApplication      - Initializing game
10:26:45.460 [JavaFX Application Thread] DEBUG FXGLApplication      - Registering font factories with UI factory
10:26:45.470 [FXGL Background Thread 4 ] INFO  FXGLApplication      - Game initialization took: 0.010 sec
10:26:45.488 [JavaFX Application Thread] DEBUG Input                - Clearing active input actions
10:26:45.492 [JavaFX Application Thread] DEBUG GameApplicationServi - Removing overlay from FXGLLoadingScene and adding to GameScene
10:26:45.493 [JavaFX Application Thread] DEBUG PrimaryStageWindow   - FXGLLoadingScene -> GameScene
10:26:48.312 [JavaFX Application Thread] DEBUG FXGLApplication      - Exiting FXGL
10:26:48.313 [JavaFX Application Thread] DEBUG LoopRunner           - Stopping loop
10:26:48.313 [JavaFX Application Thread] DEBUG SystemBundleService  - Saving FXGL system data
10:26:48.314 [JavaFX Application Thread] DEBUG FileSystemAccess     - Writing to: C:\Users\Cyril\IdeaProjects\pi4j-performance-testing\system\fxgl.bundle
10:26:48.315 [JavaFX Application Thread] INFO  ProfilerWindow       - Profiler (FPS) - 395 frames
10:26:48.316 [JavaFX Application Thread] INFO  ProfilerWindow       - Average: 82.95189873417722
10:26:48.316 [JavaFX Application Thread] INFO  ProfilerWindow       - Minimum: 60.0
10:26:48.316 [JavaFX Application Thread] INFO  ProfilerWindow       - Maximum: 138.0
10:26:48.316 [JavaFX Application Thread] INFO  ProfilerWindow       - Profiler (CPU (ms)) - 395 frames
10:26:48.316 [JavaFX Application Thread] INFO  ProfilerWindow       - Average: 0.34540734177215177
10:26:48.316 [JavaFX Application Thread] INFO  ProfilerWindow       - Minimum: 0.0
10:26:48.316 [JavaFX Application Thread] INFO  ProfilerWindow       - Maximum: 6.203
10:26:48.316 [JavaFX Application Thread] INFO  ProfilerWindow       - Profiler (RAM (MB)) - 395 frames
10:26:48.316 [JavaFX Application Thread] INFO  ProfilerWindow       - Average: 26.073097132429293
10:26:48.316 [JavaFX Application Thread] INFO  ProfilerWindow       - Minimum: 13.189773559570312
10:26:48.316 [JavaFX Application Thread] INFO  ProfilerWindow       - Maximum: 39.39215850830078
10:26:48.316 [JavaFX Application Thread] INFO  ProfilerService      - Estimated GC runs: 2
10:26:48.316 [JavaFX Application Thread] DEBUG Async                - Shutting down background threads
10:26:48.317 [JavaFX Application Thread] DEBUG PrimaryStageWindow   - Closing main window
10:26:48.329 [JavaFX Application Thread] DEBUG Logger               - Closing Logger
