14:43:19.373 [main                     ] DEBUG Logger               - Configured Logger
14:43:19.380 [main                     ] DEBUG GameApplication      - Logging settings
Title: JavaFX performance test - 100 items - 
Version: 0.0
Width: 900
Height: 600
Fullscreen: false
Intro: false
Profiling: true
Single step:false
App Mode: DEVELOPER
Menu Key: ESCAPE
Stage Style: DECORATED
Scene Factory: class com.almasb.fxgl.app.scene.SceneFactory

14:43:19.679 [JavaFX Application Thread] DEBUG FXGLApplication      - Initializing FXGL
14:43:19.680 [JavaFX Application Thread] INFO  Engine               - FXGL-11.15 (13.04.2021 08.23) on WINDOWS (J:14 FX:15)
14:43:19.681 [JavaFX Application Thread] DEBUG Engine               - JRE Vendor Name: BellSoft
14:43:19.681 [JavaFX Application Thread] DEBUG Engine               - Running on OS: Windows 10 version 10.0
14:43:19.681 [JavaFX Application Thread] DEBUG Engine               - Architecture: amd64
14:43:19.681 [JavaFX Application Thread] INFO  Engine               - Source code and latest versions at: https://github.com/AlmasB/FXGL
14:43:19.681 [JavaFX Application Thread] INFO  Engine               -              Join the FXGL chat at: https://gitter.im/AlmasB/FXGL
14:43:19.741 [JavaFX Application Thread] DEBUG PrimaryStageWindow   - Creating a JavaFX scene
14:43:19.771 [JavaFX Application Thread] DEBUG PrimaryStageWindow   - Target settings size: 900.0 x 600.0
14:43:19.771 [JavaFX Application Thread] DEBUG PrimaryStageWindow   - Scaled scene size:    900.0 x 600.0
14:43:19.771 [JavaFX Application Thread] DEBUG PrimaryStageWindow   - Scaled ratio: (1.0, 1.0)
14:43:19.772 [JavaFX Application Thread] DEBUG PrimaryStageWindow   - Set initial scene to FXGLStartupScene
14:43:19.776 [JavaFX Application Thread] DEBUG PrimaryStageWindow   - Opening main window
14:43:19.832 [JavaFX Application Thread] DEBUG PrimaryStageWindow   - Window border size: (16.0, 39.0)
14:43:19.832 [JavaFX Application Thread] DEBUG PrimaryStageWindow   - Scaled size: 900.0 x 600.0
14:43:19.832 [JavaFX Application Thread] DEBUG PrimaryStageWindow   - Scaled ratio: (1.0, 1.0)
14:43:19.832 [JavaFX Application Thread] DEBUG PrimaryStageWindow   - Scene size: 900.0 x 600.0
14:43:19.832 [JavaFX Application Thread] DEBUG PrimaryStageWindow   - Stage size: 916.0 x 639.0
14:43:19.836 [FXGL Background Thread 1 ] DEBUG Engine               - Initializing environment variables
14:43:19.853 [FXGL Background Thread 1 ] DEBUG FXGLAssetLoaderServi - User app class for loading assets: class com.pi4j.example.PerformanceTest
14:43:19.853 [FXGL Background Thread 1 ] DEBUG GameApplicationServi - Applying CSS: fxgl_dark.css
14:43:19.854 [FXGL Background Thread 1 ] DEBUG FXGLAssetLoaderServi - Loading from file system: jar:file:///C:/Users/Cyril/.m2/repository/com/github/almasb/fxgl/11.15/fxgl-11.15.jar!/fxglassets/ui/css/fxgl_dark.css
14:43:19.879 [FXGL Background Thread 1 ] DEBUG GameApplicationServi - Initializing application scenes
14:43:19.903 [FXGL Background Thread 1 ] DEBUG GameWorld            - Game world initialized
14:43:19.932 [FXGL Background Thread 1 ] DEBUG PhysicsWorld         - Physics world initialized: appHeight=600, physics.ppm=50.0
14:43:19.932 [FXGL Background Thread 1 ] DEBUG PhysicsWorld         - Using strategy: BRUTE_FORCE
14:43:19.933 [FXGL Background Thread 1 ] DEBUG GameScene            - Game scene initialized: 900x600
14:43:19.939 [FXGL Background Thread 1 ] DEBUG FXGL.DefaultMenu     - createMenuBodyGameMenu()
14:43:19.948 [FXGL Background Thread 1 ] DEBUG FXGL.DefaultMenu     - createOptionsMenu()
14:43:19.953 [FXGL Background Thread 1 ] DEBUG FXGLAssetLoaderServi - Loading from file system: jar:file:///C:/Users/Cyril/.m2/repository/com/github/almasb/fxgl/11.15/fxgl-11.15.jar!/fxglassets/textures/particles/smoke.png
14:43:20.007 [FXGL Background Thread 1 ] DEBUG FXGLAssetLoaderServi - Loading from file system: jar:file:///C:/Users/Cyril/.m2/repository/com/github/almasb/fxgl/11.15/fxgl-11.15.jar!/fxglassets/textures/particles/trace_horizontal.png
14:43:20.023 [FXGL Background Thread 1 ] DEBUG GameApplicationServi - Application scenes initialized
14:43:20.028 [FXGL Background Thread 1 ] DEBUG SystemBundleService  - Loading FXGL system data
14:43:20.030 [FXGL Background Thread 1 ] DEBUG FileSystemAccess     - Reading from: C:\Users\Cyril\IdeaProjects\pi4j-performance-testing\system\fxgl.bundle
14:43:20.034 [FXGL Background Thread 1 ] DEBUG SystemBundleService  - Bundle FXGL: {}
14:43:20.034 [FXGL Background Thread 1 ] DEBUG UpdaterService       - Checking for updates
14:43:20.040 [FXGL Background Thread 4 ] DEBUG FXGLApplication      - Loading fonts
14:43:20.041 [FXGL Background Thread 1 ] DEBUG FXGLApplication      - Loading default localization
14:43:20.041 [FXGL Background Thread 4 ] DEBUG FXGLAssetLoaderServi - Loading from file system: jar:file:///C:/Users/Cyril/.m2/repository/com/github/almasb/fxgl/11.15/fxgl-11.15.jar!/fxglassets/ui/fonts/VarelaRound-Regular.ttf
14:43:20.041 [FXGL Background Thread 1 ] DEBUG FXGLAssetLoaderServi - Loading from file system: jar:file:///C:/Users/Cyril/.m2/repository/com/github/almasb/fxgl/11.15/fxgl-11.15.jar!/fxglassets/languages/english.lang
14:43:20.050 [FXGL Background Thread 1 ] INFO  FXGLApplication      - FXGL initialization took: 0.214 sec
14:43:20.051 [JavaFX Application Thread] DEBUG FXGLAssetLoaderServi - Loading from file system: jar:file:///C:/Users/Cyril/.m2/repository/com/github/almasb/fxgl/11.15/fxgl-11.15.jar!/fxglassets/textures/fxgl_icon.png
14:43:20.065 [JavaFX Application Thread] DEBUG FXGLAssetLoaderServi - Loading from file system: jar:file:///C:/Users/Cyril/.m2/repository/com/github/almasb/fxgl/11.15/fxgl-11.15.jar!/fxglassets/ui/cursors/fxgl_default.png
14:43:20.066 [FXGL Background Thread 4 ] DEBUG FXGLAssetLoaderServi - Loading from file system: jar:file:///C:/Users/Cyril/.m2/repository/com/github/almasb/fxgl/11.15/fxgl-11.15.jar!/fxglassets/ui/fonts/Abel-Regular.ttf
14:43:20.068 [FXGL Background Thread 4 ] DEBUG FXGLAssetLoaderServi - Loading from file system: jar:file:///C:/Users/Cyril/.m2/repository/com/github/almasb/fxgl/11.15/fxgl-11.15.jar!/fxglassets/ui/fonts/lucida_console.ttf
14:43:20.071 [JavaFX Application Thread] DEBUG Input                - Registered new binding: Screenshot - CTRL+8
14:43:20.071 [FXGL Background Thread 4 ] DEBUG FXGLAssetLoaderServi - Loading from file system: jar:file:///C:/Users/Cyril/.m2/repository/com/github/almasb/fxgl/11.15/fxgl-11.15.jar!/fxglassets/ui/fonts/Courier-Prime.ttf
14:43:20.072 [JavaFX Application Thread] DEBUG Input                - Registered new binding: System info dump - CTRL+9
14:43:20.072 [JavaFX Application Thread] DEBUG Input                - Registered new binding: Restart - CTRL+R
14:43:20.072 [JavaFX Application Thread] DEBUG Input                - Registered new binding: Toggle Debug Camera - CTRL+C
14:43:20.073 [JavaFX Application Thread] DEBUG LoopRunner           - Starting loop
14:43:20.073 [JavaFX Application Thread] DEBUG LoopRunner           - Initializing JavaFX AnimationTimerLoop
14:43:20.074 [JavaFX Application Thread] DEBUG GameApplicationServi - Starting new game
14:43:20.074 [JavaFX Application Thread] DEBUG Input                - Clearing active input actions
14:43:20.080 [JavaFX Application Thread] DEBUG GameApplicationServi - Removing overlay from FXGLStartupScene and adding to FXGLLoadingScene
14:43:20.081 [JavaFX Application Thread] DEBUG PrimaryStageWindow   - FXGLStartupScene -> FXGLLoadingScene
14:43:20.081 [JavaFX Application Thread] DEBUG GameApplicationServi - Clearing previous game
14:43:20.081 [JavaFX Application Thread] DEBUG GameScene            - Clearing game scene
14:43:20.081 [JavaFX Application Thread] DEBUG GameWorld            - Clearing game world
14:43:20.081 [JavaFX Application Thread] DEBUG PhysicsWorld         - Clearing physics world
14:43:20.082 [FXGL Background Thread 4 ] DEBUG FXGLApplication      - Initializing game
14:43:20.082 [JavaFX Application Thread] DEBUG FXGLApplication      - Registering font factories with UI factory
14:43:20.133 [FXGL Background Thread 4 ] INFO  FXGLApplication      - Game initialization took: 0.051 sec
14:43:20.134 [JavaFX Application Thread] DEBUG Input                - Clearing active input actions
14:43:20.141 [JavaFX Application Thread] DEBUG GameApplicationServi - Removing overlay from FXGLLoadingScene and adding to GameScene
14:43:20.142 [JavaFX Application Thread] DEBUG PrimaryStageWindow   - FXGLLoadingScene -> GameScene
14:43:23.041 [FXGL Background Thread 3 ] DEBUG Engine               - Logging environment variables
14:43:23.041 [FXGL Background Thread 3 ] DEBUG Engine               - achievements: []
14:43:23.041 [FXGL Background Thread 3 ] DEBUG Engine               - actualHeight: 600.0
14:43:23.041 [FXGL Background Thread 3 ] DEBUG Engine               - actualHeightProperty: ReadOnlyDoubleProperty [value: 600.0]
14:43:23.041 [FXGL Background Thread 3 ] DEBUG Engine               - actualWidth: 900.0
14:43:23.041 [FXGL Background Thread 3 ] DEBUG Engine               - actualWidthProperty: ReadOnlyDoubleProperty [value: 900.0]
14:43:23.041 [FXGL Background Thread 3 ] DEBUG Engine               - appIcon: fxgl_icon.png
14:43:23.041 [FXGL Background Thread 3 ] DEBUG Engine               - applicationMode: DEVELOPER
14:43:23.041 [FXGL Background Thread 3 ] DEBUG Engine               - cSSList: [fxgl_dark.css]
14:43:23.041 [FXGL Background Thread 3 ] DEBUG Engine               - collisionDetectionStrategy: BRUTE_FORCE
14:43:23.041 [FXGL Background Thread 3 ] DEBUG Engine               - configClass: Optional.empty
14:43:23.041 [FXGL Background Thread 3 ] DEBUG Engine               - credits: []
14:43:23.041 [FXGL Background Thread 3 ] DEBUG Engine               - devBBoxColorProperty: ObjectProperty [value: 0xff0000ff]
14:43:23.042 [FXGL Background Thread 3 ] DEBUG Engine               - devEnableDebugCameraProperty: BooleanProperty [value: false]
14:43:23.042 [FXGL Background Thread 3 ] DEBUG Engine               - devSensorColorProperty: ObjectProperty [value: 0xffff00ff]
14:43:23.042 [FXGL Background Thread 3 ] DEBUG Engine               - devShowBBoxProperty: BooleanProperty [value: false]
14:43:23.042 [FXGL Background Thread 3 ] DEBUG Engine               - devShowPositionProperty: BooleanProperty [value: false]
14:43:23.042 [FXGL Background Thread 3 ] DEBUG Engine               - enabledMenuItems: []
14:43:23.042 [FXGL Background Thread 3 ] DEBUG Engine               - engineServices: [class com.almasb.fxgl.app.services.FXGLAssetLoaderService, class com.almasb.fxgl.app.FXGLApplication$GameApplicationService, class com.almasb.fxgl.app.services.FXGLDialogService, class com.almasb.fxgl.app.services.IOTaskExecutorService, class com.almasb.fxgl.event.EventBusService, class com.almasb.fxgl.io.FileSystemService, class com.almasb.fxgl.localization.LocalizationService, class com.almasb.fxgl.app.services.SystemBundleService, class com.almasb.fxgl.profile.SaveLoadService, class com.almasb.fxgl.ui.FXGLUIFactoryServiceProvider, class com.almasb.fxgl.ui.FXGLDialogFactoryServiceProvider, class com.almasb.fxgl.audio.AudioPlayer, class com.almasb.fxgl.notification.impl.NotificationServiceProvider, class com.almasb.fxgl.achievement.AchievementService, class com.almasb.fxgl.cutscene.CutsceneService, class com.almasb.fxgl.minigames.MiniGameService, class com.almasb.fxgl.net.NetService, class com.almasb.fxgl.app.services.UpdaterService, class com.almasb.fxgl.dev.DevService, class com.almasb.fxgl.dev.profiling.ProfilerService]
14:43:23.042 [FXGL Background Thread 3 ] DEBUG Engine               - fontGame: Abel-Regular.ttf
14:43:23.042 [FXGL Background Thread 3 ] DEBUG Engine               - fontMono: lucida_console.ttf
14:43:23.042 [FXGL Background Thread 3 ] DEBUG Engine               - fontText: Courier-Prime.ttf
14:43:23.042 [FXGL Background Thread 3 ] DEBUG Engine               - fontUI: VarelaRound-Regular.ttf
14:43:23.042 [FXGL Background Thread 3 ] DEBUG Engine               - fullScreen: BooleanProperty [value: false]
14:43:23.042 [FXGL Background Thread 3 ] DEBUG Engine               - gameDifficulty: MEDIUM
14:43:23.042 [FXGL Background Thread 3 ] DEBUG Engine               - gameDifficultyProperty: ObjectProperty [value: MEDIUM]
14:43:23.042 [FXGL Background Thread 3 ] DEBUG Engine               - globalMusicVolume: 0.5
14:43:23.042 [FXGL Background Thread 3 ] DEBUG Engine               - globalMusicVolumeProperty: DoubleProperty [value: 0.5]
14:43:23.042 [FXGL Background Thread 3 ] DEBUG Engine               - globalSoundVolume: 0.5
14:43:23.042 [FXGL Background Thread 3 ] DEBUG Engine               - globalSoundVolumeProperty: DoubleProperty [value: 0.5]
14:43:23.042 [FXGL Background Thread 3 ] DEBUG Engine               - height: 600
14:43:23.042 [FXGL Background Thread 3 ] DEBUG Engine               - isAndroid: false
14:43:23.042 [FXGL Background Thread 3 ] DEBUG Engine               - isBrowser: false
14:43:23.042 [FXGL Background Thread 3 ] DEBUG Engine               - isClickFeedbackEnabled: false
14:43:23.042 [FXGL Background Thread 3 ] DEBUG Engine               - isCloseConfirmation: false
14:43:23.042 [FXGL Background Thread 3 ] DEBUG Engine               - isDesktop: true
14:43:23.042 [FXGL Background Thread 3 ] DEBUG Engine               - isDeveloperMenuEnabled: false
14:43:23.042 [FXGL Background Thread 3 ] DEBUG Engine               - isEntityPreloadEnabled: true
14:43:23.043 [FXGL Background Thread 3 ] DEBUG Engine               - isExperimental3D: false
14:43:23.043 [FXGL Background Thread 3 ] DEBUG Engine               - isExperimentalNative: false
14:43:23.043 [FXGL Background Thread 3 ] DEBUG Engine               - isExperimentalTiledLargeMap: false
14:43:23.043 [FXGL Background Thread 3 ] DEBUG Engine               - isFileSystemWriteAllowed: true
14:43:23.043 [FXGL Background Thread 3 ] DEBUG Engine               - isFullScreenAllowed: false
14:43:23.043 [FXGL Background Thread 3 ] DEBUG Engine               - isFullScreenFromStart: false
14:43:23.043 [FXGL Background Thread 3 ] DEBUG Engine               - isGameMenuEnabled: true
14:43:23.043 [FXGL Background Thread 3 ] DEBUG Engine               - isIOS: false
14:43:23.043 [FXGL Background Thread 3 ] DEBUG Engine               - isIntroEnabled: false
14:43:23.043 [FXGL Background Thread 3 ] DEBUG Engine               - isLinux: false
14:43:23.043 [FXGL Background Thread 3 ] DEBUG Engine               - isMac: false
14:43:23.043 [FXGL Background Thread 3 ] DEBUG Engine               - isMainMenuEnabled: false
14:43:23.043 [FXGL Background Thread 3 ] DEBUG Engine               - isManualResizeEnabled: false
14:43:23.043 [FXGL Background Thread 3 ] DEBUG Engine               - isMobile: false
14:43:23.043 [FXGL Background Thread 3 ] DEBUG Engine               - isPreserveResizeRatio: false
14:43:23.043 [FXGL Background Thread 3 ] DEBUG Engine               - isProfilingEnabled: true
14:43:23.043 [FXGL Background Thread 3 ] DEBUG Engine               - isScaleAffectedOnResize: true
14:43:23.043 [FXGL Background Thread 3 ] DEBUG Engine               - isSingleStep: false
14:43:23.043 [FXGL Background Thread 3 ] DEBUG Engine               - isUserProfileEnabled: false
14:43:23.043 [FXGL Background Thread 3 ] DEBUG Engine               - isWindows: true
14:43:23.043 [FXGL Background Thread 3 ] DEBUG Engine               - language: ObjectProperty [value: ENGLISH]
14:43:23.043 [FXGL Background Thread 3 ] DEBUG Engine               - menuKey: ESCAPE
14:43:23.043 [FXGL Background Thread 3 ] DEBUG Engine               - notificationViewClass: class com.almasb.fxgl.notification.view.XboxNotificationView
14:43:23.043 [FXGL Background Thread 3 ] DEBUG Engine               - pixelsPerMeter: 50.0
14:43:23.043 [FXGL Background Thread 3 ] DEBUG Engine               - platform: WINDOWS
14:43:23.043 [FXGL Background Thread 3 ] DEBUG Engine               - prefHeightProperty: ReadOnlyDoubleProperty [value: 600.0]
14:43:23.043 [FXGL Background Thread 3 ] DEBUG Engine               - prefWidthProperty: ReadOnlyDoubleProperty [value: 900.0]
14:43:23.043 [FXGL Background Thread 3 ] DEBUG Engine               - profileDir: profiles/
14:43:23.043 [FXGL Background Thread 3 ] DEBUG Engine               - profileName: StringProperty [value: DEFAULT]
14:43:23.043 [FXGL Background Thread 3 ] DEBUG Engine               - randomSeed: -1
14:43:23.044 [FXGL Background Thread 3 ] DEBUG Engine               - runtimeInfo: RuntimeInfo(platform=WINDOWS, version=11.15, build=13.04.2021 08.23)
14:43:23.044 [FXGL Background Thread 3 ] DEBUG Engine               - saveFileExt: sav
14:43:23.044 [FXGL Background Thread 3 ] DEBUG Engine               - scaledHeightProp$fxgl: DoubleProperty [bound, value: 600.0]
14:43:23.044 [FXGL Background Thread 3 ] DEBUG Engine               - scaledWidthProp$fxgl: DoubleProperty [bound, value: 900.0]
14:43:23.044 [FXGL Background Thread 3 ] DEBUG Engine               - sceneFactory: com.almasb.fxgl.app.scene.SceneFactory@2d54617f
14:43:23.044 [FXGL Background Thread 3 ] DEBUG Engine               - secondsIn24h: 60
14:43:23.044 [FXGL Background Thread 3 ] DEBUG Engine               - soundMenuBack: menu/back.wav
14:43:23.044 [FXGL Background Thread 3 ] DEBUG Engine               - soundMenuPress: menu/press.wav
14:43:23.044 [FXGL Background Thread 3 ] DEBUG Engine               - soundMenuSelect: menu/select.wav
14:43:23.044 [FXGL Background Thread 3 ] DEBUG Engine               - soundNotification: core/notification.wav
14:43:23.044 [FXGL Background Thread 3 ] DEBUG Engine               - stageStyle: DECORATED
14:43:23.044 [FXGL Background Thread 3 ] DEBUG Engine               - supportedLanguages: [ENGLISH, FRENCH, GERMAN, HUNGARIAN, RUSSIAN]
14:43:23.044 [FXGL Background Thread 3 ] DEBUG Engine               - ticksPerSecond: -1
14:43:23.044 [FXGL Background Thread 3 ] DEBUG Engine               - title: JavaFX performance test - 100 items - 
14:43:23.044 [FXGL Background Thread 3 ] DEBUG Engine               - urlGithub: https://github.com/AlmasB/FXGL
14:43:23.044 [FXGL Background Thread 3 ] DEBUG Engine               - urlLeaderboard: http://fxgl-top.herokuapp.com/
14:43:23.044 [FXGL Background Thread 3 ] DEBUG Engine               - urlPOM: https://raw.githubusercontent.com/AlmasB/FXGL/release/README.md
14:43:23.044 [FXGL Background Thread 3 ] DEBUG Engine               - userAppClass: class com.pi4j.example.PerformanceTest
14:43:23.044 [FXGL Background Thread 3 ] DEBUG Engine               - version: 0.0
14:43:23.044 [FXGL Background Thread 3 ] DEBUG Engine               - versionCheckDays: 7
14:43:23.044 [FXGL Background Thread 3 ] DEBUG Engine               - width: 900
14:43:23.044 [FXGL Background Thread 3 ] DEBUG Engine               - Logging services
14:43:23.044 [FXGL Background Thread 3 ] DEBUG Engine               - class com.almasb.fxgl.app.services.FXGLAssetLoaderService
14:43:23.044 [FXGL Background Thread 3 ] DEBUG Engine               - class com.almasb.fxgl.app.FXGLApplication$GameApplicationService
14:43:23.044 [FXGL Background Thread 3 ] DEBUG Engine               - class com.almasb.fxgl.app.services.FXGLDialogService
14:43:23.044 [FXGL Background Thread 3 ] DEBUG Engine               - class com.almasb.fxgl.app.services.IOTaskExecutorService
14:43:23.044 [FXGL Background Thread 3 ] DEBUG Engine               - class com.almasb.fxgl.event.EventBusService
14:43:23.044 [FXGL Background Thread 3 ] DEBUG Engine               - class com.almasb.fxgl.io.FileSystemService
14:43:23.044 [FXGL Background Thread 3 ] DEBUG Engine               - class com.almasb.fxgl.localization.LocalizationService
14:43:23.044 [FXGL Background Thread 3 ] DEBUG Engine               - class com.almasb.fxgl.app.services.SystemBundleService
14:43:23.044 [FXGL Background Thread 3 ] DEBUG Engine               - class com.almasb.fxgl.profile.SaveLoadService
14:43:23.044 [FXGL Background Thread 3 ] DEBUG Engine               - class com.almasb.fxgl.ui.FXGLUIFactoryServiceProvider
14:43:23.044 [FXGL Background Thread 3 ] DEBUG Engine               - class com.almasb.fxgl.ui.FXGLDialogFactoryServiceProvider
14:43:23.045 [FXGL Background Thread 3 ] DEBUG Engine               - class com.almasb.fxgl.audio.AudioPlayer
14:43:23.045 [FXGL Background Thread 3 ] DEBUG Engine               - class com.almasb.fxgl.notification.impl.NotificationServiceProvider
14:43:23.045 [FXGL Background Thread 3 ] DEBUG Engine               - class com.almasb.fxgl.achievement.AchievementService
14:43:23.045 [FXGL Background Thread 3 ] DEBUG Engine               - class com.almasb.fxgl.cutscene.CutsceneService
14:43:23.045 [FXGL Background Thread 3 ] DEBUG Engine               - class com.almasb.fxgl.minigames.MiniGameService
14:43:23.045 [FXGL Background Thread 3 ] DEBUG Engine               - class com.almasb.fxgl.net.NetService
14:43:23.045 [FXGL Background Thread 3 ] DEBUG Engine               - class com.almasb.fxgl.app.services.UpdaterService
14:43:23.045 [FXGL Background Thread 3 ] DEBUG Engine               - class com.almasb.fxgl.dev.DevService
14:43:23.045 [FXGL Background Thread 3 ] DEBUG Engine               - class com.almasb.fxgl.dev.profiling.ProfilerService
14:43:37.073 [JavaFX Application Thread] DEBUG FXGLApplication      - Exiting FXGL
14:43:37.074 [JavaFX Application Thread] DEBUG LoopRunner           - Stopping loop
14:43:37.074 [JavaFX Application Thread] DEBUG SystemBundleService  - Saving FXGL system data
14:43:37.075 [JavaFX Application Thread] DEBUG FileSystemAccess     - Writing to: C:\Users\Cyril\IdeaProjects\pi4j-performance-testing\system\fxgl.bundle
14:43:37.076 [JavaFX Application Thread] INFO  ProfilerWindow       - Profiler (FPS) - 1011 frames
14:43:37.076 [JavaFX Application Thread] INFO  ProfilerWindow       - Average: 59.82195845697329
14:43:37.076 [JavaFX Application Thread] INFO  ProfilerWindow       - Minimum: 59.0
14:43:37.076 [JavaFX Application Thread] INFO  ProfilerWindow       - Maximum: 60.0
14:43:37.077 [JavaFX Application Thread] INFO  ProfilerWindow       - Profiler (CPU (ms)) - 1011 frames
14:43:37.077 [JavaFX Application Thread] INFO  ProfilerWindow       - Average: 0.9960536102868432
14:43:37.077 [JavaFX Application Thread] INFO  ProfilerWindow       - Minimum: 0.0
14:43:37.077 [JavaFX Application Thread] INFO  ProfilerWindow       - Maximum: 11.7521
14:43:37.077 [JavaFX Application Thread] INFO  ProfilerWindow       - Profiler (RAM (MB)) - 1011 frames
14:43:37.077 [JavaFX Application Thread] INFO  ProfilerWindow       - Average: 81.3902748477683
14:43:37.077 [JavaFX Application Thread] INFO  ProfilerWindow       - Minimum: 10.881668090820312
14:43:37.077 [JavaFX Application Thread] INFO  ProfilerWindow       - Maximum: 164.2179718017578
14:43:37.077 [JavaFX Application Thread] INFO  ProfilerService      - Estimated GC runs: 3
14:43:37.077 [JavaFX Application Thread] DEBUG Async                - Shutting down background threads
14:43:37.077 [JavaFX Application Thread] DEBUG PrimaryStageWindow   - Closing main window
14:43:37.089 [JavaFX Application Thread] DEBUG Logger               - Closing Logger
