13:35:24.136 [main                     ] DEBUG Logger               - Configured Logger
13:35:24.143 [main                     ] DEBUG GameApplication      - Logging settings
Title: JavaFX performance test - 50 items - 
Version: 0.0
Width: 800
Height: 600
Fullscreen: false
Intro: false
Profiling: true
Single step:false
App Mode: DEVELOPER
Menu Key: ESCAPE
Stage Style: DECORATED
Scene Factory: class com.almasb.fxgl.app.scene.SceneFactory

13:35:24.427 [JavaFX Application Thread] DEBUG FXGLApplication      - Initializing FXGL
13:35:24.428 [JavaFX Application Thread] INFO  Engine               - FXGL-11.15 (13.04.2021 08.23) on WINDOWS (J:14 FX:15)
13:35:24.429 [JavaFX Application Thread] DEBUG Engine               - JRE Vendor Name: BellSoft
13:35:24.429 [JavaFX Application Thread] DEBUG Engine               - Running on OS: Windows 10 version 10.0
13:35:24.429 [JavaFX Application Thread] DEBUG Engine               - Architecture: amd64
13:35:24.429 [JavaFX Application Thread] INFO  Engine               - Source code and latest versions at: https://github.com/AlmasB/FXGL
13:35:24.429 [JavaFX Application Thread] INFO  Engine               -              Join the FXGL chat at: https://gitter.im/AlmasB/FXGL
13:35:24.493 [JavaFX Application Thread] DEBUG PrimaryStageWindow   - Creating a JavaFX scene
13:35:24.524 [JavaFX Application Thread] DEBUG PrimaryStageWindow   - Target settings size: 800.0 x 600.0
13:35:24.524 [JavaFX Application Thread] DEBUG PrimaryStageWindow   - Scaled scene size:    800.0 x 600.0
13:35:24.524 [JavaFX Application Thread] DEBUG PrimaryStageWindow   - Scaled ratio: (1.0, 1.0)
13:35:24.525 [JavaFX Application Thread] DEBUG PrimaryStageWindow   - Set initial scene to FXGLStartupScene
13:35:24.529 [JavaFX Application Thread] DEBUG PrimaryStageWindow   - Opening main window
13:35:24.583 [JavaFX Application Thread] DEBUG PrimaryStageWindow   - Window border size: (16.0, 39.0)
13:35:24.583 [JavaFX Application Thread] DEBUG PrimaryStageWindow   - Scaled size: 800.0 x 600.0
13:35:24.584 [JavaFX Application Thread] DEBUG PrimaryStageWindow   - Scaled ratio: (1.0, 1.0)
13:35:24.584 [JavaFX Application Thread] DEBUG PrimaryStageWindow   - Scene size: 800.0 x 600.0
13:35:24.584 [JavaFX Application Thread] DEBUG PrimaryStageWindow   - Stage size: 816.0 x 639.0
13:35:24.588 [FXGL Background Thread 1 ] DEBUG Engine               - Initializing environment variables
13:35:24.606 [FXGL Background Thread 1 ] DEBUG FXGLAssetLoaderServi - User app class for loading assets: class com.pi4j.example.PerformanceTest
13:35:24.606 [FXGL Background Thread 1 ] DEBUG GameApplicationServi - Applying CSS: fxgl_dark.css
13:35:24.607 [FXGL Background Thread 1 ] DEBUG FXGLAssetLoaderServi - Loading from file system: jar:file:///C:/Users/Cyril/.m2/repository/com/github/almasb/fxgl/11.15/fxgl-11.15.jar!/fxglassets/ui/css/fxgl_dark.css
13:35:24.631 [FXGL Background Thread 1 ] DEBUG GameApplicationServi - Initializing application scenes
13:35:24.655 [FXGL Background Thread 1 ] DEBUG GameWorld            - Game world initialized
13:35:24.684 [FXGL Background Thread 1 ] DEBUG PhysicsWorld         - Physics world initialized: appHeight=600, physics.ppm=50.0
13:35:24.684 [FXGL Background Thread 1 ] DEBUG PhysicsWorld         - Using strategy: BRUTE_FORCE
13:35:24.685 [FXGL Background Thread 1 ] DEBUG GameScene            - Game scene initialized: 800x600
13:35:24.692 [FXGL Background Thread 1 ] DEBUG FXGL.DefaultMenu     - createMenuBodyGameMenu()
13:35:24.700 [FXGL Background Thread 1 ] DEBUG FXGL.DefaultMenu     - createOptionsMenu()
13:35:24.704 [FXGL Background Thread 1 ] DEBUG FXGLAssetLoaderServi - Loading from file system: jar:file:///C:/Users/Cyril/.m2/repository/com/github/almasb/fxgl/11.15/fxgl-11.15.jar!/fxglassets/textures/particles/smoke.png
13:35:24.756 [FXGL Background Thread 1 ] DEBUG FXGLAssetLoaderServi - Loading from file system: jar:file:///C:/Users/Cyril/.m2/repository/com/github/almasb/fxgl/11.15/fxgl-11.15.jar!/fxglassets/textures/particles/trace_horizontal.png
13:35:24.774 [FXGL Background Thread 1 ] DEBUG GameApplicationServi - Application scenes initialized
13:35:24.779 [FXGL Background Thread 1 ] DEBUG SystemBundleService  - Loading FXGL system data
13:35:24.782 [FXGL Background Thread 1 ] DEBUG FileSystemAccess     - Reading from: C:\Users\Cyril\IdeaProjects\pi4j-performance-testing\system\fxgl.bundle
13:35:24.785 [FXGL Background Thread 1 ] DEBUG SystemBundleService  - Bundle FXGL: {}
13:35:24.785 [FXGL Background Thread 1 ] DEBUG UpdaterService       - Checking for updates
13:35:24.792 [FXGL Background Thread 4 ] DEBUG FXGLApplication      - Loading fonts
13:35:24.792 [FXGL Background Thread 1 ] DEBUG FXGLApplication      - Loading default localization
13:35:24.792 [FXGL Background Thread 4 ] DEBUG FXGLAssetLoaderServi - Loading from file system: jar:file:///C:/Users/Cyril/.m2/repository/com/github/almasb/fxgl/11.15/fxgl-11.15.jar!/fxglassets/ui/fonts/VarelaRound-Regular.ttf
13:35:24.792 [FXGL Background Thread 1 ] DEBUG FXGLAssetLoaderServi - Loading from file system: jar:file:///C:/Users/Cyril/.m2/repository/com/github/almasb/fxgl/11.15/fxgl-11.15.jar!/fxglassets/languages/english.lang
13:35:24.800 [FXGL Background Thread 1 ] INFO  FXGLApplication      - FXGL initialization took: 0.211 sec
13:35:24.801 [JavaFX Application Thread] DEBUG FXGLAssetLoaderServi - Loading from file system: jar:file:///C:/Users/Cyril/.m2/repository/com/github/almasb/fxgl/11.15/fxgl-11.15.jar!/fxglassets/textures/fxgl_icon.png
13:35:24.812 [JavaFX Application Thread] DEBUG FXGLAssetLoaderServi - Loading from file system: jar:file:///C:/Users/Cyril/.m2/repository/com/github/almasb/fxgl/11.15/fxgl-11.15.jar!/fxglassets/ui/cursors/fxgl_default.png
13:35:24.815 [FXGL Background Thread 4 ] DEBUG FXGLAssetLoaderServi - Loading from file system: jar:file:///C:/Users/Cyril/.m2/repository/com/github/almasb/fxgl/11.15/fxgl-11.15.jar!/fxglassets/ui/fonts/Abel-Regular.ttf
13:35:24.817 [FXGL Background Thread 4 ] DEBUG FXGLAssetLoaderServi - Loading from file system: jar:file:///C:/Users/Cyril/.m2/repository/com/github/almasb/fxgl/11.15/fxgl-11.15.jar!/fxglassets/ui/fonts/lucida_console.ttf
13:35:24.818 [JavaFX Application Thread] DEBUG Input                - Registered new binding: Screenshot - CTRL+8
13:35:24.819 [JavaFX Application Thread] DEBUG Input                - Registered new binding: System info dump - CTRL+9
13:35:24.819 [JavaFX Application Thread] DEBUG Input                - Registered new binding: Restart - CTRL+R
13:35:24.819 [JavaFX Application Thread] DEBUG Input                - Registered new binding: Toggle Debug Camera - CTRL+C
13:35:24.820 [JavaFX Application Thread] DEBUG LoopRunner           - Starting loop
13:35:24.820 [JavaFX Application Thread] DEBUG LoopRunner           - Initializing JavaFX AnimationTimerLoop
13:35:24.821 [FXGL Background Thread 4 ] DEBUG FXGLAssetLoaderServi - Loading from file system: jar:file:///C:/Users/Cyril/.m2/repository/com/github/almasb/fxgl/11.15/fxgl-11.15.jar!/fxglassets/ui/fonts/Courier-Prime.ttf
13:35:24.821 [JavaFX Application Thread] DEBUG GameApplicationServi - Starting new game
13:35:24.821 [JavaFX Application Thread] DEBUG Input                - Clearing active input actions
13:35:24.827 [JavaFX Application Thread] DEBUG GameApplicationServi - Removing overlay from FXGLStartupScene and adding to FXGLLoadingScene
13:35:24.828 [JavaFX Application Thread] DEBUG PrimaryStageWindow   - FXGLStartupScene -> FXGLLoadingScene
13:35:24.828 [JavaFX Application Thread] DEBUG GameApplicationServi - Clearing previous game
13:35:24.828 [JavaFX Application Thread] DEBUG GameScene            - Clearing game scene
13:35:24.829 [JavaFX Application Thread] DEBUG GameWorld            - Clearing game world
13:35:24.829 [JavaFX Application Thread] DEBUG PhysicsWorld         - Clearing physics world
13:35:24.829 [JavaFX Application Thread] DEBUG FXGLApplication      - Registering font factories with UI factory
13:35:24.829 [FXGL Background Thread 4 ] DEBUG FXGLApplication      - Initializing game
13:35:24.870 [FXGL Background Thread 4 ] INFO  FXGLApplication      - Game initialization took: 0.041 sec
13:35:24.875 [JavaFX Application Thread] DEBUG Input                - Clearing active input actions
13:35:24.881 [JavaFX Application Thread] DEBUG GameApplicationServi - Removing overlay from FXGLLoadingScene and adding to GameScene
13:35:24.881 [JavaFX Application Thread] DEBUG PrimaryStageWindow   - FXGLLoadingScene -> GameScene
13:35:27.792 [FXGL Background Thread 3 ] DEBUG Engine               - Logging environment variables
13:35:27.792 [FXGL Background Thread 3 ] DEBUG Engine               - achievements: []
13:35:27.792 [FXGL Background Thread 3 ] DEBUG Engine               - actualHeight: 600.0
13:35:27.792 [FXGL Background Thread 3 ] DEBUG Engine               - actualHeightProperty: ReadOnlyDoubleProperty [value: 600.0]
13:35:27.792 [FXGL Background Thread 3 ] DEBUG Engine               - actualWidth: 800.0
13:35:27.792 [FXGL Background Thread 3 ] DEBUG Engine               - actualWidthProperty: ReadOnlyDoubleProperty [value: 800.0]
13:35:27.792 [FXGL Background Thread 3 ] DEBUG Engine               - appIcon: fxgl_icon.png
13:35:27.792 [FXGL Background Thread 3 ] DEBUG Engine               - applicationMode: DEVELOPER
13:35:27.792 [FXGL Background Thread 3 ] DEBUG Engine               - cSSList: [fxgl_dark.css]
13:35:27.792 [FXGL Background Thread 3 ] DEBUG Engine               - collisionDetectionStrategy: BRUTE_FORCE
13:35:27.792 [FXGL Background Thread 3 ] DEBUG Engine               - configClass: Optional.empty
13:35:27.792 [FXGL Background Thread 3 ] DEBUG Engine               - credits: []
13:35:27.792 [FXGL Background Thread 3 ] DEBUG Engine               - devBBoxColorProperty: ObjectProperty [value: 0xff0000ff]
13:35:27.792 [FXGL Background Thread 3 ] DEBUG Engine               - devEnableDebugCameraProperty: BooleanProperty [value: false]
13:35:27.792 [FXGL Background Thread 3 ] DEBUG Engine               - devSensorColorProperty: ObjectProperty [value: 0xffff00ff]
13:35:27.793 [FXGL Background Thread 3 ] DEBUG Engine               - devShowBBoxProperty: BooleanProperty [value: false]
13:35:27.793 [FXGL Background Thread 3 ] DEBUG Engine               - devShowPositionProperty: BooleanProperty [value: false]
13:35:27.793 [FXGL Background Thread 3 ] DEBUG Engine               - enabledMenuItems: []
13:35:27.793 [FXGL Background Thread 3 ] DEBUG Engine               - engineServices: [class com.almasb.fxgl.app.services.FXGLAssetLoaderService, class com.almasb.fxgl.app.FXGLApplication$GameApplicationService, class com.almasb.fxgl.app.services.FXGLDialogService, class com.almasb.fxgl.app.services.IOTaskExecutorService, class com.almasb.fxgl.event.EventBusService, class com.almasb.fxgl.io.FileSystemService, class com.almasb.fxgl.localization.LocalizationService, class com.almasb.fxgl.app.services.SystemBundleService, class com.almasb.fxgl.profile.SaveLoadService, class com.almasb.fxgl.ui.FXGLUIFactoryServiceProvider, class com.almasb.fxgl.ui.FXGLDialogFactoryServiceProvider, class com.almasb.fxgl.audio.AudioPlayer, class com.almasb.fxgl.notification.impl.NotificationServiceProvider, class com.almasb.fxgl.achievement.AchievementService, class com.almasb.fxgl.cutscene.CutsceneService, class com.almasb.fxgl.minigames.MiniGameService, class com.almasb.fxgl.net.NetService, class com.almasb.fxgl.app.services.UpdaterService, class com.almasb.fxgl.dev.DevService, class com.almasb.fxgl.dev.profiling.ProfilerService]
13:35:27.793 [FXGL Background Thread 3 ] DEBUG Engine               - fontGame: Abel-Regular.ttf
13:35:27.793 [FXGL Background Thread 3 ] DEBUG Engine               - fontMono: lucida_console.ttf
13:35:27.793 [FXGL Background Thread 3 ] DEBUG Engine               - fontText: Courier-Prime.ttf
13:35:27.793 [FXGL Background Thread 3 ] DEBUG Engine               - fontUI: VarelaRound-Regular.ttf
13:35:27.793 [FXGL Background Thread 3 ] DEBUG Engine               - fullScreen: BooleanProperty [value: false]
13:35:27.793 [FXGL Background Thread 3 ] DEBUG Engine               - gameDifficulty: MEDIUM
13:35:27.793 [FXGL Background Thread 3 ] DEBUG Engine               - gameDifficultyProperty: ObjectProperty [value: MEDIUM]
13:35:27.793 [FXGL Background Thread 3 ] DEBUG Engine               - globalMusicVolume: 0.5
13:35:27.793 [FXGL Background Thread 3 ] DEBUG Engine               - globalMusicVolumeProperty: DoubleProperty [value: 0.5]
13:35:27.793 [FXGL Background Thread 3 ] DEBUG Engine               - globalSoundVolume: 0.5
13:35:27.793 [FXGL Background Thread 3 ] DEBUG Engine               - globalSoundVolumeProperty: DoubleProperty [value: 0.5]
13:35:27.793 [FXGL Background Thread 3 ] DEBUG Engine               - height: 600
13:35:27.793 [FXGL Background Thread 3 ] DEBUG Engine               - isAndroid: false
13:35:27.793 [FXGL Background Thread 3 ] DEBUG Engine               - isBrowser: false
13:35:27.793 [FXGL Background Thread 3 ] DEBUG Engine               - isClickFeedbackEnabled: false
13:35:27.793 [FXGL Background Thread 3 ] DEBUG Engine               - isCloseConfirmation: false
13:35:27.793 [FXGL Background Thread 3 ] DEBUG Engine               - isDesktop: true
13:35:27.794 [FXGL Background Thread 3 ] DEBUG Engine               - isDeveloperMenuEnabled: false
13:35:27.794 [FXGL Background Thread 3 ] DEBUG Engine               - isEntityPreloadEnabled: true
13:35:27.794 [FXGL Background Thread 3 ] DEBUG Engine               - isExperimental3D: false
13:35:27.794 [FXGL Background Thread 3 ] DEBUG Engine               - isExperimentalNative: false
13:35:27.794 [FXGL Background Thread 3 ] DEBUG Engine               - isExperimentalTiledLargeMap: false
13:35:27.794 [FXGL Background Thread 3 ] DEBUG Engine               - isFileSystemWriteAllowed: true
13:35:27.794 [FXGL Background Thread 3 ] DEBUG Engine               - isFullScreenAllowed: false
13:35:27.794 [FXGL Background Thread 3 ] DEBUG Engine               - isFullScreenFromStart: false
13:35:27.794 [FXGL Background Thread 3 ] DEBUG Engine               - isGameMenuEnabled: true
13:35:27.794 [FXGL Background Thread 3 ] DEBUG Engine               - isIOS: false
13:35:27.794 [FXGL Background Thread 3 ] DEBUG Engine               - isIntroEnabled: false
13:35:27.794 [FXGL Background Thread 3 ] DEBUG Engine               - isLinux: false
13:35:27.794 [FXGL Background Thread 3 ] DEBUG Engine               - isMac: false
13:35:27.794 [FXGL Background Thread 3 ] DEBUG Engine               - isMainMenuEnabled: false
13:35:27.794 [FXGL Background Thread 3 ] DEBUG Engine               - isManualResizeEnabled: false
13:35:27.794 [FXGL Background Thread 3 ] DEBUG Engine               - isMobile: false
13:35:27.794 [FXGL Background Thread 3 ] DEBUG Engine               - isPreserveResizeRatio: false
13:35:27.794 [FXGL Background Thread 3 ] DEBUG Engine               - isProfilingEnabled: true
13:35:27.794 [FXGL Background Thread 3 ] DEBUG Engine               - isScaleAffectedOnResize: true
13:35:27.794 [FXGL Background Thread 3 ] DEBUG Engine               - isSingleStep: false
13:35:27.794 [FXGL Background Thread 3 ] DEBUG Engine               - isUserProfileEnabled: false
13:35:27.794 [FXGL Background Thread 3 ] DEBUG Engine               - isWindows: true
13:35:27.794 [FXGL Background Thread 3 ] DEBUG Engine               - language: ObjectProperty [value: ENGLISH]
13:35:27.794 [FXGL Background Thread 3 ] DEBUG Engine               - menuKey: ESCAPE
13:35:27.794 [FXGL Background Thread 3 ] DEBUG Engine               - notificationViewClass: class com.almasb.fxgl.notification.view.XboxNotificationView
13:35:27.794 [FXGL Background Thread 3 ] DEBUG Engine               - pixelsPerMeter: 50.0
13:35:27.794 [FXGL Background Thread 3 ] DEBUG Engine               - platform: WINDOWS
13:35:27.794 [FXGL Background Thread 3 ] DEBUG Engine               - prefHeightProperty: ReadOnlyDoubleProperty [value: 600.0]
13:35:27.794 [FXGL Background Thread 3 ] DEBUG Engine               - prefWidthProperty: ReadOnlyDoubleProperty [value: 800.0]
13:35:27.795 [FXGL Background Thread 3 ] DEBUG Engine               - profileDir: profiles/
13:35:27.795 [FXGL Background Thread 3 ] DEBUG Engine               - profileName: StringProperty [value: DEFAULT]
13:35:27.795 [FXGL Background Thread 3 ] DEBUG Engine               - randomSeed: -1
13:35:27.795 [FXGL Background Thread 3 ] DEBUG Engine               - runtimeInfo: RuntimeInfo(platform=WINDOWS, version=11.15, build=13.04.2021 08.23)
13:35:27.795 [FXGL Background Thread 3 ] DEBUG Engine               - saveFileExt: sav
13:35:27.795 [FXGL Background Thread 3 ] DEBUG Engine               - scaledHeightProp$fxgl: DoubleProperty [bound, value: 600.0]
13:35:27.795 [FXGL Background Thread 3 ] DEBUG Engine               - scaledWidthProp$fxgl: DoubleProperty [bound, value: 800.0]
13:35:27.795 [FXGL Background Thread 3 ] DEBUG Engine               - sceneFactory: com.almasb.fxgl.app.scene.SceneFactory@36411ac
13:35:27.795 [FXGL Background Thread 3 ] DEBUG Engine               - secondsIn24h: 60
13:35:27.795 [FXGL Background Thread 3 ] DEBUG Engine               - soundMenuBack: menu/back.wav
13:35:27.795 [FXGL Background Thread 3 ] DEBUG Engine               - soundMenuPress: menu/press.wav
13:35:27.795 [FXGL Background Thread 3 ] DEBUG Engine               - soundMenuSelect: menu/select.wav
13:35:27.795 [FXGL Background Thread 3 ] DEBUG Engine               - soundNotification: core/notification.wav
13:35:27.795 [FXGL Background Thread 3 ] DEBUG Engine               - stageStyle: DECORATED
13:35:27.795 [FXGL Background Thread 3 ] DEBUG Engine               - supportedLanguages: [ENGLISH, FRENCH, GERMAN, HUNGARIAN, RUSSIAN]
13:35:27.795 [FXGL Background Thread 3 ] DEBUG Engine               - ticksPerSecond: -1
13:35:27.795 [FXGL Background Thread 3 ] DEBUG Engine               - title: JavaFX performance test - 50 items - 
13:35:27.795 [FXGL Background Thread 3 ] DEBUG Engine               - urlGithub: https://github.com/AlmasB/FXGL
13:35:27.795 [FXGL Background Thread 3 ] DEBUG Engine               - urlLeaderboard: http://fxgl-top.herokuapp.com/
13:35:27.795 [FXGL Background Thread 3 ] DEBUG Engine               - urlPOM: https://raw.githubusercontent.com/AlmasB/FXGL/release/README.md
13:35:27.795 [FXGL Background Thread 3 ] DEBUG Engine               - userAppClass: class com.pi4j.example.PerformanceTest
13:35:27.795 [FXGL Background Thread 3 ] DEBUG Engine               - version: 0.0
13:35:27.795 [FXGL Background Thread 3 ] DEBUG Engine               - versionCheckDays: 7
13:35:27.795 [FXGL Background Thread 3 ] DEBUG Engine               - width: 800
13:35:27.795 [FXGL Background Thread 3 ] DEBUG Engine               - Logging services
13:35:27.795 [FXGL Background Thread 3 ] DEBUG Engine               - class com.almasb.fxgl.app.services.FXGLAssetLoaderService
13:35:27.795 [FXGL Background Thread 3 ] DEBUG Engine               - class com.almasb.fxgl.app.FXGLApplication$GameApplicationService
13:35:27.795 [FXGL Background Thread 3 ] DEBUG Engine               - class com.almasb.fxgl.app.services.FXGLDialogService
13:35:27.795 [FXGL Background Thread 3 ] DEBUG Engine               - class com.almasb.fxgl.app.services.IOTaskExecutorService
13:35:27.795 [FXGL Background Thread 3 ] DEBUG Engine               - class com.almasb.fxgl.event.EventBusService
13:35:27.796 [FXGL Background Thread 3 ] DEBUG Engine               - class com.almasb.fxgl.io.FileSystemService
13:35:27.796 [FXGL Background Thread 3 ] DEBUG Engine               - class com.almasb.fxgl.localization.LocalizationService
13:35:27.796 [FXGL Background Thread 3 ] DEBUG Engine               - class com.almasb.fxgl.app.services.SystemBundleService
13:35:27.796 [FXGL Background Thread 3 ] DEBUG Engine               - class com.almasb.fxgl.profile.SaveLoadService
13:35:27.796 [FXGL Background Thread 3 ] DEBUG Engine               - class com.almasb.fxgl.ui.FXGLUIFactoryServiceProvider
13:35:27.796 [FXGL Background Thread 3 ] DEBUG Engine               - class com.almasb.fxgl.ui.FXGLDialogFactoryServiceProvider
13:35:27.796 [FXGL Background Thread 3 ] DEBUG Engine               - class com.almasb.fxgl.audio.AudioPlayer
13:35:27.796 [FXGL Background Thread 3 ] DEBUG Engine               - class com.almasb.fxgl.notification.impl.NotificationServiceProvider
13:35:27.796 [FXGL Background Thread 3 ] DEBUG Engine               - class com.almasb.fxgl.achievement.AchievementService
13:35:27.796 [FXGL Background Thread 3 ] DEBUG Engine               - class com.almasb.fxgl.cutscene.CutsceneService
13:35:27.796 [FXGL Background Thread 3 ] DEBUG Engine               - class com.almasb.fxgl.minigames.MiniGameService
13:35:27.796 [FXGL Background Thread 3 ] DEBUG Engine               - class com.almasb.fxgl.net.NetService
13:35:27.796 [FXGL Background Thread 3 ] DEBUG Engine               - class com.almasb.fxgl.app.services.UpdaterService
13:35:27.796 [FXGL Background Thread 3 ] DEBUG Engine               - class com.almasb.fxgl.dev.DevService
13:35:27.796 [FXGL Background Thread 3 ] DEBUG Engine               - class com.almasb.fxgl.dev.profiling.ProfilerService
13:35:33.617 [JavaFX Application Thread] DEBUG FXGLApplication      - Exiting FXGL
13:35:33.617 [JavaFX Application Thread] DEBUG LoopRunner           - Stopping loop
13:35:33.617 [JavaFX Application Thread] DEBUG SystemBundleService  - Saving FXGL system data
13:35:33.618 [JavaFX Application Thread] DEBUG FileSystemAccess     - Writing to: C:\Users\Cyril\IdeaProjects\pi4j-performance-testing\system\fxgl.bundle
13:35:33.619 [JavaFX Application Thread] INFO  ProfilerWindow       - Profiler (FPS) - 520 frames
13:35:33.620 [JavaFX Application Thread] INFO  ProfilerWindow       - Average: 59.65384615384615
13:35:33.620 [JavaFX Application Thread] INFO  ProfilerWindow       - Minimum: 59.0
13:35:33.620 [JavaFX Application Thread] INFO  ProfilerWindow       - Maximum: 60.0
13:35:33.620 [JavaFX Application Thread] INFO  ProfilerWindow       - Profiler (CPU (ms)) - 520 frames
13:35:33.620 [JavaFX Application Thread] INFO  ProfilerWindow       - Average: 0.6125300000000005
13:35:33.620 [JavaFX Application Thread] INFO  ProfilerWindow       - Minimum: 0.0
13:35:33.620 [JavaFX Application Thread] INFO  ProfilerWindow       - Maximum: 11.0657
13:35:33.620 [JavaFX Application Thread] INFO  ProfilerWindow       - Profiler (RAM (MB)) - 520 frames
13:35:33.620 [JavaFX Application Thread] INFO  ProfilerWindow       - Average: 30.669423910287712
13:35:33.620 [JavaFX Application Thread] INFO  ProfilerWindow       - Minimum: 12.532539367675781
13:35:33.620 [JavaFX Application Thread] INFO  ProfilerWindow       - Maximum: 47.53253936767578
13:35:33.620 [JavaFX Application Thread] INFO  ProfilerService      - Estimated GC runs: 2
13:35:33.620 [JavaFX Application Thread] DEBUG Async                - Shutting down background threads
13:35:33.620 [JavaFX Application Thread] DEBUG PrimaryStageWindow   - Closing main window
13:35:33.631 [JavaFX Application Thread] DEBUG Logger               - Closing Logger
